<?xml version="1.0" encoding="UTF-8"?>
<coverage generated="1749389918015" clover="3.2.0">
  <project timestamp="1749389918015" name="All files">
    <metrics statements="25" coveredstatements="11" conditionals="30" coveredconditionals="14" methods="8" coveredmethods="3" elements="63" coveredelements="28" complexity="0" loc="25" ncloc="25" packages="2" files="2" classes="2"/>
    <package name="components">
      <metrics statements="3" coveredstatements="3" conditionals="14" coveredconditionals="7" methods="2" coveredmethods="2"/>
      <file name="Navigation.js" path="/Users/yen/Downloads/brainbytes-multi-container/frontend/components/Navigation.js">
        <metrics statements="3" coveredstatements="3" conditionals="14" coveredconditionals="7" methods="2" coveredmethods="2"/>
        <line num="6" count="1" type="stmt"/>
        <line num="9" count="5" type="stmt"/>
        <line num="11" count="1" type="stmt"/>
      </file>
    </package>
    <package name="pages">
      <metrics statements="22" coveredstatements="8" conditionals="16" coveredconditionals="7" methods="6" coveredmethods="1"/>
      <file name="login.js" path="/Users/yen/Downloads/brainbytes-multi-container/frontend/pages/login.js">
        <metrics statements="22" coveredstatements="8" conditionals="16" coveredconditionals="7" methods="6" coveredmethods="1"/>
        <line num="7" count="1" type="stmt"/>
        <line num="8" count="1" type="stmt"/>
        <line num="9" count="1" type="stmt"/>
        <line num="10" count="1" type="stmt"/>
        <line num="11" count="1" type="stmt"/>
        <line num="12" count="1" type="stmt"/>
        <line num="14" count="1" type="stmt"/>
        <line num="15" count="0" type="stmt"/>
        <line num="16" count="0" type="stmt"/>
        <line num="17" count="0" type="stmt"/>
        <line num="18" count="0" type="stmt"/>
        <line num="19" count="0" type="stmt"/>
        <line num="24" count="0" type="stmt"/>
        <line num="25" count="0" type="stmt"/>
        <line num="26" count="0" type="stmt"/>
        <line num="28" count="0" type="stmt"/>
        <line num="30" count="0" type="cond" truecount="0" falsecount="2"/>
        <line num="32" count="0" type="stmt"/>
        <line num="36" count="1" type="stmt"/>
        <line num="103" count="0" type="stmt"/>
        <line num="119" count="0" type="stmt"/>
        <line num="135" count="0" type="stmt"/>
      </file>
    </package>
  </project>
</coverage>
