{"C:\\Users\\DREAM PC\\brainbytes-multi-container\\frontend\\components\\Navigation.js": {"path":"C:\\Users\\DREAM PC\\brainbytes-multi-container\\frontend\\components\\Navigation.js","statementMap":{"0":{"start":{"line":5,"column":24},"end":{"line":5,"column":null}},"1":{"start":{"line":1,"column":18},"end":{"line":1,"column":null}},"2":{"start":{"line":2,"column":17},"end":{"line":2,"column":null}},"3":{"start":{"line":3,"column":26},"end":{"line":3,"column":null}},"4":{"start":{"line":6,"column":17},"end":{"line":6,"column":null}},"5":{"start":{"line":9,"column":19},"end":{"line":9,"column":null}},"6":{"start":{"line":9,"column":29},"end":{"line":9,"column":null}}},"fnMap":{"0":{"name":"Navigation","decl":{"start":{"line":5,"column":24},"end":{"line":5,"column":null}},"loc":{"start":{"line":5,"column":24},"end":{"line":73,"column":null}}},"1":{"name":"(anonymous_3)","decl":{"start":{"line":9,"column":19},"end":{"line":9,"column":20}},"loc":{"start":{"line":9,"column":29},"end":{"line":9,"column":null}}}},"branchMap":{"0":{"loc":{"start":{"line":33,"column":19},"end":{"line":33,"column":null}},"type":"cond-expr","locations":[{"start":{"line":33,"column":45},"end":{"line":33,"column":57}},{"start":{"line":33,"column":57},"end":{"line":33,"column":null}}]},"1":{"loc":{"start":{"line":34,"column":24},"end":{"line":34,"column":null}},"type":"cond-expr","locations":[{"start":{"line":34,"column":50},"end":{"line":34,"column":59}},{"start":{"line":34,"column":59},"end":{"line":34,"column":null}}]},"2":{"loc":{"start":{"line":37,"column":26},"end":{"line":37,"column":null}},"type":"cond-expr","locations":[{"start":{"line":37,"column":42},"end":{"line":37,"column":64}},{"start":{"line":37,"column":64},"end":{"line":37,"column":null}}]},"3":{"loc":{"start":{"line":47,"column":19},"end":{"line":47,"column":null}},"type":"cond-expr","locations":[{"start":{"line":47,"column":44},"end":{"line":47,"column":56}},{"start":{"line":47,"column":56},"end":{"line":47,"column":null}}]},"4":{"loc":{"start":{"line":48,"column":24},"end":{"line":48,"column":null}},"type":"cond-expr","locations":[{"start":{"line":48,"column":49},"end":{"line":48,"column":58}},{"start":{"line":48,"column":58},"end":{"line":48,"column":null}}]},"5":{"loc":{"start":{"line":51,"column":26},"end":{"line":51,"column":null}},"type":"cond-expr","locations":[{"start":{"line":51,"column":51},"end":{"line":51,"column":73}},{"start":{"line":51,"column":73},"end":{"line":51,"column":null}}]},"6":{"loc":{"start":{"line":61,"column":29},"end":{"line":61,"column":null}},"type":"cond-expr","locations":[{"start":{"line":61,"column":52},"end":{"line":61,"column":64}},{"start":{"line":61,"column":64},"end":{"line":61,"column":null}}]}},"s":{"0":24,"1":4,"2":4,"3":4,"4":24,"5":24,"6":120},"f":{"0":24,"1":120},"b":{"0":[24,0],"1":[24,0],"2":[24,0],"3":[0,24],"4":[0,24],"5":[0,24],"6":[0,24]}}
,"C:\\Users\\DREAM PC\\brainbytes-multi-container\\frontend\\pages\\index.js": {"path":"C:\\Users\\DREAM PC\\brainbytes-multi-container\\frontend\\pages\\index.js","statementMap":{"0":{"start":{"line":8,"column":24},"end":{"line":8,"column":null}},"1":{"start":{"line":1,"column":26},"end":{"line":1,"column":null}},"2":{"start":{"line":2,"column":51},"end":{"line":2,"column":null}},"3":{"start":{"line":3,"column":23},"end":{"line":3,"column":null}},"4":{"start":{"line":4,"column":26},"end":{"line":4,"column":null}},"5":{"start":{"line":5,"column":16},"end":{"line":5,"column":null}},"6":{"start":{"line":9,"column":17},"end":{"line":9,"column":null}},"7":{"start":{"line":10,"column":22},"end":{"line":10,"column":null}},"8":{"start":{"line":11,"column":50},"end":{"line":11,"column":null}},"9":{"start":{"line":12,"column":34},"end":{"line":12,"column":null}},"10":{"start":{"line":13,"column":38},"end":{"line":13,"column":null}},"11":{"start":{"line":14,"column":32},"end":{"line":14,"column":null}},"12":{"start":{"line":15,"column":34},"end":{"line":15,"column":null}},"13":{"start":{"line":16,"column":26},"end":{"line":16,"column":null}},"14":{"start":{"line":17,"column":48},"end":{"line":17,"column":null}},"15":{"start":{"line":18,"column":42},"end":{"line":22,"column":null}},"16":{"start":{"line":23,"column":24},"end":{"line":23,"column":null}},"17":{"start":{"line":25,"column":19},"end":{"line":33,"column":null}},"18":{"start":{"line":36,"column":2},"end":{"line":63,"column":null}},"19":{"start":{"line":37,"column":21},"end":{"line":52,"column":null}},"20":{"start":{"line":38,"column":20},"end":{"line":38,"column":null}},"21":{"start":{"line":39,"column":6},"end":{"line":41,"column":null}},"22":{"start":{"line":40,"column":8},"end":{"line":40,"column":null}},"23":{"start":{"line":42,"column":6},"end":{"line":51,"column":null}},"24":{"start":{"line":43,"column":8},"end":{"line":48,"column":null}},"25":{"start":{"line":47,"column":25},"end":{"line":47,"column":null}},"26":{"start":{"line":48,"column":23},"end":{"line":48,"column":null}},"27":{"start":{"line":50,"column":8},"end":{"line":50,"column":null}},"28":{"start":{"line":55,"column":4},"end":{"line":55,"column":null}},"29":{"start":{"line":58,"column":4},"end":{"line":58,"column":null}},"30":{"start":{"line":60,"column":4},"end":{"line":62,"column":null}},"31":{"start":{"line":61,"column":6},"end":{"line":61,"column":null}},"32":{"start":{"line":66,"column":24},"end":{"line":78,"column":null}},"33":{"start":{"line":67,"column":4},"end":{"line":77,"column":null}},"34":{"start":{"line":68,"column":20},"end":{"line":68,"column":null}},"35":{"start":{"line":69,"column":23},"end":{"line":71,"column":null}},"36":{"start":{"line":72,"column":6},"end":{"line":72,"column":null}},"37":{"start":{"line":73,"column":6},"end":{"line":73,"column":null}},"38":{"start":{"line":75,"column":6},"end":{"line":75,"column":null}},"39":{"start":{"line":76,"column":6},"end":{"line":76,"column":null}},"40":{"start":{"line":81,"column":23},"end":{"line":150,"column":null}},"41":{"start":{"line":82,"column":4},"end":{"line":82,"column":null}},"42":{"start":{"line":83,"column":4},"end":{"line":83,"column":null}},"43":{"start":{"line":83,"column":28},"end":{"line":83,"column":null}},"44":{"start":{"line":85,"column":4},"end":{"line":149,"column":null}},"45":{"start":{"line":86,"column":6},"end":{"line":86,"column":25}},"46":{"start":{"line":87,"column":22},"end":{"line":87,"column":null}},"47":{"start":{"line":88,"column":6},"end":{"line":88,"column":null}},"48":{"start":{"line":91,"column":26},"end":{"line":96,"column":null}},"49":{"start":{"line":97,"column":6},"end":{"line":97,"column":null}},"50":{"start":{"line":97,"column":28},"end":{"line":97,"column":null}},"51":{"start":{"line":100,"column":20},"end":{"line":100,"column":null}},"52":{"start":{"line":101,"column":23},"end":{"line":104,"column":null}},"53":{"start":{"line":108,"column":6},"end":{"line":112,"column":null}},"54":{"start":{"line":115,"column":6},"end":{"line":115,"column":null}},"55":{"start":{"line":118,"column":6},"end":{"line":129,"column":null}},"56":{"start":{"line":120,"column":33},"end":{"line":121,"column":null}},"57":{"start":{"line":121,"column":19},"end":{"line":121,"column":46}},"58":{"start":{"line":124,"column":8},"end":{"line":128,"column":null}},"59":{"start":{"line":132,"column":6},"end":{"line":134,"column":null}},"60":{"start":{"line":133,"column":8},"end":{"line":133,"column":null}},"61":{"start":{"line":136,"column":6},"end":{"line":136,"column":null}},"62":{"start":{"line":138,"column":6},"end":{"line":146,"column":null}},"63":{"start":{"line":138,"column":28},"end":{"line":146,"column":null}},"64":{"start":{"line":148,"column":6},"end":{"line":148,"column":null}},"65":{"start":{"line":153,"column":27},"end":{"line":156,"column":null}},"66":{"start":{"line":154,"column":4},"end":{"line":154,"column":null}},"67":{"start":{"line":154,"column":35},"end":{"line":154,"column":null}},"68":{"start":{"line":155,"column":4},"end":{"line":155,"column":null}},"69":{"start":{"line":159,"column":2},"end":{"line":161,"column":null}},"70":{"start":{"line":160,"column":4},"end":{"line":160,"column":null}},"71":{"start":{"line":164,"column":2},"end":{"line":166,"column":null}},"72":{"start":{"line":165,"column":4},"end":{"line":165,"column":null}},"73":{"start":{"line":168,"column":2},"end":{"line":199,"column":null}},"74":{"start":{"line":170,"column":18},"end":{"line":170,"column":null}},"75":{"start":{"line":171,"column":4},"end":{"line":193,"column":null}},"76":{"start":{"line":194,"column":4},"end":{"line":194,"column":null}},"77":{"start":{"line":196,"column":4},"end":{"line":198,"column":null}},"78":{"start":{"line":197,"column":6},"end":{"line":197,"column":null}},"79":{"start":{"line":202,"column":2},"end":{"line":215,"column":null}},"80":{"start":{"line":203,"column":4},"end":{"line":214,"column":null}},"81":{"start":{"line":205,"column":20},"end":{"line":206,"column":null}},"82":{"start":{"line":206,"column":17},"end":{"line":206,"column":65}},"83":{"start":{"line":208,"column":6},"end":{"line":213,"column":null}},"84":{"start":{"line":209,"column":8},"end":{"line":212,"column":null}},"85":{"start":{"line":218,"column":28},"end":{"line":220,"column":null}},"86":{"start":{"line":219,"column":4},"end":{"line":219,"column":null}},"87":{"start":{"line":258,"column":12},"end":{"line":259,"column":null}},"88":{"start":{"line":260,"column":29},"end":{"line":260,"column":null}},"89":{"start":{"line":306,"column":18},"end":{"line":307,"column":null}},"90":{"start":{"line":309,"column":22},"end":{"line":309,"column":null}},"91":{"start":{"line":309,"column":30},"end":{"line":309,"column":null}},"92":{"start":{"line":410,"column":29},"end":{"line":410,"column":null}},"93":{"start":{"line":437,"column":16},"end":{"line":440,"column":null}},"94":{"start":{"line":442,"column":16},"end":{"line":442,"column":44}},"95":{"start":{"line":482,"column":27},"end":{"line":482,"column":null}}},"fnMap":{"0":{"name":"Home","decl":{"start":{"line":8,"column":24},"end":{"line":8,"column":null}},"loc":{"start":{"line":8,"column":24},"end":{"line":513,"column":null}}},"1":{"name":"(anonymous_6)","decl":{"start":{"line":36,"column":12},"end":{"line":36,"column":null}},"loc":{"start":{"line":36,"column":12},"end":{"line":63,"column":5}}},"2":{"name":"(anonymous_7)","decl":{"start":{"line":37,"column":21},"end":{"line":37,"column":null}},"loc":{"start":{"line":37,"column":21},"end":{"line":52,"column":null}}},"3":{"name":"(anonymous_8)","decl":{"start":{"line":47,"column":16},"end":{"line":47,"column":17}},"loc":{"start":{"line":47,"column":25},"end":{"line":47,"column":null}}},"4":{"name":"(anonymous_9)","decl":{"start":{"line":48,"column":17},"end":{"line":48,"column":23}},"loc":{"start":{"line":48,"column":23},"end":{"line":48,"column":null}}},"5":{"name":"(anonymous_10)","decl":{"start":{"line":60,"column":11},"end":{"line":60,"column":null}},"loc":{"start":{"line":60,"column":11},"end":{"line":62,"column":null}}},"6":{"name":"(anonymous_11)","decl":{"start":{"line":66,"column":24},"end":{"line":66,"column":null}},"loc":{"start":{"line":66,"column":24},"end":{"line":78,"column":null}}},"7":{"name":"(anonymous_12)","decl":{"start":{"line":81,"column":23},"end":{"line":81,"column":30}},"loc":{"start":{"line":81,"column":30},"end":{"line":150,"column":null}}},"8":{"name":"(anonymous_13)","decl":{"start":{"line":97,"column":18},"end":{"line":97,"column":19}},"loc":{"start":{"line":97,"column":28},"end":{"line":97,"column":null}}},"9":{"name":"(anonymous_14)","decl":{"start":{"line":118,"column":18},"end":{"line":118,"column":19}},"loc":{"start":{"line":118,"column":19},"end":{"line":129,"column":null}}},"10":{"name":"(anonymous_15)","decl":{"start":{"line":121,"column":10},"end":{"line":121,"column":11}},"loc":{"start":{"line":121,"column":19},"end":{"line":121,"column":46}}},"11":{"name":"(anonymous_16)","decl":{"start":{"line":132,"column":17},"end":{"line":132,"column":null}},"loc":{"start":{"line":132,"column":17},"end":{"line":134,"column":9}}},"12":{"name":"(anonymous_17)","decl":{"start":{"line":138,"column":18},"end":{"line":138,"column":19}},"loc":{"start":{"line":138,"column":28},"end":{"line":146,"column":null}}},"13":{"name":"(anonymous_18)","decl":{"start":{"line":153,"column":43},"end":{"line":153,"column":44}},"loc":{"start":{"line":153,"column":44},"end":{"line":156,"column":null}}},"14":{"name":"(anonymous_19)","decl":{"start":{"line":159,"column":12},"end":{"line":159,"column":null}},"loc":{"start":{"line":159,"column":12},"end":{"line":161,"column":5}}},"15":{"name":"(anonymous_20)","decl":{"start":{"line":164,"column":12},"end":{"line":164,"column":null}},"loc":{"start":{"line":164,"column":12},"end":{"line":166,"column":5}}},"16":{"name":"(anonymous_21)","decl":{"start":{"line":168,"column":12},"end":{"line":168,"column":null}},"loc":{"start":{"line":168,"column":12},"end":{"line":199,"column":5}}},"17":{"name":"(anonymous_22)","decl":{"start":{"line":196,"column":11},"end":{"line":196,"column":null}},"loc":{"start":{"line":196,"column":11},"end":{"line":198,"column":null}}},"18":{"name":"(anonymous_23)","decl":{"start":{"line":202,"column":12},"end":{"line":202,"column":null}},"loc":{"start":{"line":202,"column":12},"end":{"line":215,"column":5}}},"19":{"name":"(anonymous_24)","decl":{"start":{"line":206,"column":8},"end":{"line":206,"column":9}},"loc":{"start":{"line":206,"column":17},"end":{"line":206,"column":65}}},"20":{"name":"(anonymous_25)","decl":{"start":{"line":218,"column":28},"end":{"line":218,"column":null}},"loc":{"start":{"line":218,"column":28},"end":{"line":220,"column":null}}},"21":{"name":"(anonymous_26)","decl":{"start":{"line":257,"column":24},"end":{"line":257,"column":25}},"loc":{"start":{"line":258,"column":12},"end":{"line":259,"column":null}}},"22":{"name":"(anonymous_27)","decl":{"start":{"line":260,"column":23},"end":{"line":260,"column":29}},"loc":{"start":{"line":260,"column":29},"end":{"line":260,"column":null}}},"23":{"name":"(anonymous_28)","decl":{"start":{"line":305,"column":38},"end":{"line":305,"column":39}},"loc":{"start":{"line":306,"column":18},"end":{"line":307,"column":null}}},"24":{"name":"(anonymous_29)","decl":{"start":{"line":308,"column":25},"end":{"line":308,"column":26}},"loc":{"start":{"line":308,"column":26},"end":{"line":310,"column":null}}},"25":{"name":"(anonymous_30)","decl":{"start":{"line":410,"column":23},"end":{"line":410,"column":29}},"loc":{"start":{"line":410,"column":29},"end":{"line":410,"column":null}}},"26":{"name":"(anonymous_31)","decl":{"start":{"line":436,"column":23},"end":{"line":436,"column":null}},"loc":{"start":{"line":436,"column":23},"end":{"line":443,"column":null}}},"27":{"name":"(anonymous_32)","decl":{"start":{"line":482,"column":20},"end":{"line":482,"column":21}},"loc":{"start":{"line":482,"column":27},"end":{"line":482,"column":null}}}},"branchMap":{"0":{"loc":{"start":{"line":39,"column":6},"end":{"line":41,"column":null}},"type":"if","locations":[{"start":{"line":39,"column":6},"end":{"line":41,"column":null}}]},"1":{"loc":{"start":{"line":42,"column":6},"end":{"line":51,"column":null}},"type":"if","locations":[{"start":{"line":42,"column":6},"end":{"line":51,"column":null}},{"start":{"line":49,"column":13},"end":{"line":51,"column":null}}]},"2":{"loc":{"start":{"line":83,"column":4},"end":{"line":83,"column":null}},"type":"if","locations":[{"start":{"line":83,"column":4},"end":{"line":83,"column":null}}]},"3":{"loc":{"start":{"line":109,"column":18},"end":{"line":109,"column":null}},"type":"binary-expr","locations":[{"start":{"line":109,"column":18},"end":{"line":109,"column":40}},{"start":{"line":109,"column":44},"end":{"line":109,"column":null}}]},"4":{"loc":{"start":{"line":110,"column":22},"end":{"line":110,"column":null}},"type":"binary-expr","locations":[{"start":{"line":110,"column":22},"end":{"line":110,"column":48}},{"start":{"line":110,"column":52},"end":{"line":110,"column":null}}]},"5":{"loc":{"start":{"line":111,"column":19},"end":{"line":111,"column":null}},"type":"binary-expr","locations":[{"start":{"line":111,"column":19},"end":{"line":111,"column":42}},{"start":{"line":111,"column":46},"end":{"line":111,"column":null}}]},"6":{"loc":{"start":{"line":154,"column":4},"end":{"line":154,"column":null}},"type":"if","locations":[{"start":{"line":154,"column":4},"end":{"line":154,"column":null}}]},"7":{"loc":{"start":{"line":203,"column":4},"end":{"line":214,"column":null}},"type":"if","locations":[{"start":{"line":203,"column":4},"end":{"line":214,"column":null}}]},"8":{"loc":{"start":{"line":203,"column":8},"end":{"line":203,"column":62}},"type":"binary-expr","locations":[{"start":{"line":203,"column":8},"end":{"line":203,"column":29}},{"start":{"line":203,"column":33},"end":{"line":203,"column":62}}]},"9":{"loc":{"start":{"line":206,"column":17},"end":{"line":206,"column":65}},"type":"binary-expr","locations":[{"start":{"line":206,"column":17},"end":{"line":206,"column":51}},{"start":{"line":206,"column":55},"end":{"line":206,"column":65}}]},"10":{"loc":{"start":{"line":208,"column":6},"end":{"line":213,"column":null}},"type":"if","locations":[{"start":{"line":208,"column":6},"end":{"line":213,"column":null}}]},"11":{"loc":{"start":{"line":208,"column":10},"end":{"line":208,"column":49}},"type":"binary-expr","locations":[{"start":{"line":208,"column":10},"end":{"line":208,"column":19}},{"start":{"line":208,"column":19},"end":{"line":208,"column":49}}]},"12":{"loc":{"start":{"line":236,"column":7},"end":{"line":236,"column":null}},"type":"binary-expr","locations":[{"start":{"line":236,"column":7},"end":{"line":236,"column":null}}]},"13":{"loc":{"start":{"line":264,"column":18},"end":{"line":264,"column":null}},"type":"cond-expr","locations":[{"start":{"line":264,"column":48},"end":{"line":264,"column":60}},{"start":{"line":264,"column":60},"end":{"line":264,"column":null}}]},"14":{"loc":{"start":{"line":265,"column":23},"end":{"line":265,"column":null}},"type":"cond-expr","locations":[{"start":{"line":265,"column":53},"end":{"line":265,"column":63}},{"start":{"line":265,"column":63},"end":{"line":265,"column":null}}]},"15":{"loc":{"start":{"line":272,"column":15},"end":{"line":274,"column":null}},"type":"cond-expr","locations":[{"start":{"line":273,"column":18},"end":{"line":273,"column":null}},{"start":{"line":274,"column":18},"end":{"line":274,"column":null}}]},"16":{"loc":{"start":{"line":293,"column":10},"end":{"line":297,"column":11}},"type":"cond-expr","locations":[{"start":{"line":293,"column":10},"end":{"line":297,"column":11}}]},"17":{"loc":{"start":{"line":299,"column":14},"end":{"line":304,"column":15}},"type":"cond-expr","locations":[{"start":{"line":299,"column":14},"end":{"line":304,"column":15}}]},"18":{"loc":{"start":{"line":309,"column":22},"end":{"line":309,"column":null}},"type":"if","locations":[{"start":{"line":309,"column":22},"end":{"line":309,"column":null}}]},"19":{"loc":{"start":{"line":314,"column":34},"end":{"line":314,"column":null}},"type":"cond-expr","locations":[{"start":{"line":314,"column":51},"end":{"line":314,"column":64}},{"start":{"line":314,"column":64},"end":{"line":314,"column":null}}]},"20":{"loc":{"start":{"line":317,"column":39},"end":{"line":317,"column":null}},"type":"cond-expr","locations":[{"start":{"line":317,"column":56},"end":{"line":317,"column":68}},{"start":{"line":317,"column":68},"end":{"line":317,"column":null}}]},"21":{"loc":{"start":{"line":322,"column":34},"end":{"line":322,"column":null}},"type":"cond-expr","locations":[{"start":{"line":322,"column":51},"end":{"line":322,"column":60}},{"start":{"line":322,"column":60},"end":{"line":322,"column":null}}]},"22":{"loc":{"start":{"line":323,"column":35},"end":{"line":323,"column":null}},"type":"cond-expr","locations":[{"start":{"line":323,"column":52},"end":{"line":323,"column":58}},{"start":{"line":323,"column":58},"end":{"line":323,"column":null}}]},"23":{"loc":{"start":{"line":335,"column":24},"end":{"line":335,"column":36}},"type":"cond-expr","locations":[{"start":{"line":335,"column":24},"end":{"line":335,"column":36}}]},"24":{"loc":{"start":{"line":346,"column":35},"end":{"line":346,"column":null}},"type":"cond-expr","locations":[{"start":{"line":346,"column":52},"end":{"line":346,"column":62}},{"start":{"line":346,"column":62},"end":{"line":346,"column":null}}]},"25":{"loc":{"start":{"line":349,"column":23},"end":{"line":349,"column":59}},"type":"cond-expr","locations":[{"start":{"line":349,"column":40},"end":{"line":349,"column":48}},{"start":{"line":349,"column":48},"end":{"line":349,"column":59}}]},"26":{"loc":{"start":{"line":354,"column":17},"end":{"line":354,"column":null}},"type":"binary-expr","locations":[{"start":{"line":354,"column":17},"end":{"line":354,"column":null}}]},"27":{"loc":{"start":{"line":379,"column":7},"end":{"line":379,"column":28}},"type":"binary-expr","locations":[{"start":{"line":379,"column":7},"end":{"line":379,"column":28}},{"start":{"line":380,"column":8},"end":{"line":380,"column":null}},{"start":{"line":381,"column":8},"end":{"line":381,"column":49}},{"start":{"line":382,"column":8},"end":{"line":382,"column":null}}]},"28":{"loc":{"start":{"line":438,"column":18},"end":{"line":440,"column":43}},"type":"cond-expr","locations":[{"start":{"line":439,"column":22},"end":{"line":439,"column":null}},{"start":{"line":440,"column":22},"end":{"line":440,"column":43}}]},"29":{"loc":{"start":{"line":460,"column":7},"end":{"line":460,"column":28}},"type":"binary-expr","locations":[{"start":{"line":460,"column":7},"end":{"line":460,"column":28}}]},"30":{"loc":{"start":{"line":498,"column":29},"end":{"line":498,"column":null}},"type":"cond-expr","locations":[{"start":{"line":498,"column":40},"end":{"line":498,"column":52}},{"start":{"line":498,"column":52},"end":{"line":498,"column":null}}]},"31":{"loc":{"start":{"line":503,"column":20},"end":{"line":503,"column":null}},"type":"cond-expr","locations":[{"start":{"line":503,"column":31},"end":{"line":503,"column":47}},{"start":{"line":503,"column":47},"end":{"line":503,"column":null}}]},"32":{"loc":{"start":{"line":508,"column":11},"end":{"line":508,"column":null}},"type":"cond-expr","locations":[{"start":{"line":508,"column":22},"end":{"line":508,"column":37}},{"start":{"line":508,"column":37},"end":{"line":508,"column":null}}]}},"s":{"0":8,"1":3,"2":3,"3":3,"4":3,"5":3,"6":25,"7":25,"8":23,"9":23,"10":23,"11":23,"12":23,"13":23,"14":23,"15":23,"16":23,"17":23,"18":23,"19":23,"20":23,"21":23,"22":0,"23":23,"24":23,"25":23,"26":0,"27":0,"28":23,"29":23,"30":23,"31":23,"32":23,"33":8,"34":8,"35":8,"36":8,"37":8,"38":0,"39":0,"40":23,"41":4,"42":4,"43":1,"44":3,"45":3,"46":3,"47":3,"48":3,"49":3,"50":3,"51":3,"52":3,"53":2,"54":2,"55":2,"56":2,"57":0,"58":2,"59":2,"60":0,"61":1,"62":1,"63":1,"64":3,"65":23,"66":9,"67":9,"68":0,"69":23,"70":15,"71":23,"72":8,"73":23,"74":8,"75":8,"76":8,"77":8,"78":8,"79":23,"80":23,"81":0,"82":0,"83":0,"84":0,"85":23,"86":0,"87":161,"88":0,"89":6,"90":12,"91":6,"92":0,"93":0,"94":0,"95":3},"f":{"0":25,"1":23,"2":23,"3":23,"4":0,"5":23,"6":8,"7":4,"8":3,"9":2,"10":0,"11":0,"12":1,"13":9,"14":15,"15":8,"16":8,"17":8,"18":23,"19":0,"20":0,"21":161,"22":0,"23":6,"24":12,"25":0,"26":0,"27":3},"b":{"0":[0],"1":[23,0],"2":[1],"3":[2,1],"4":[2,1],"5":[2,1],"6":[9],"7":[0],"8":[23,0],"9":[0,0],"10":[0],"11":[0,0],"12":[23],"13":[23,138],"14":[23,138],"15":[23,138],"16":[14],"17":[5],"18":[6],"19":[2,4],"20":[2,4],"21":[2,4],"22":[2,4],"23":[2],"24":[2,4],"25":[2,4],"26":[4],"27":[23,1,0,0],"28":[0,0],"29":[23],"30":[8,15],"31":[8,15],"32":[8,15]}}
,"C:\\Users\\DREAM PC\\brainbytes-multi-container\\frontend\\pages\\login.js": {"path":"C:\\Users\\DREAM PC\\brainbytes-multi-container\\frontend\\pages\\login.js","statementMap":{"0":{"start":{"line":7,"column":24},"end":{"line":7,"column":null}},"1":{"start":{"line":1,"column":32},"end":{"line":1,"column":null}},"2":{"start":{"line":2,"column":26},"end":{"line":2,"column":null}},"3":{"start":{"line":3,"column":17},"end":{"line":3,"column":null}},"4":{"start":{"line":4,"column":16},"end":{"line":4,"column":null}},"5":{"start":{"line":8,"column":17},"end":{"line":8,"column":null}},"6":{"start":{"line":9,"column":28},"end":{"line":9,"column":null}},"7":{"start":{"line":10,"column":34},"end":{"line":10,"column":null}},"8":{"start":{"line":11,"column":42},"end":{"line":11,"column":null}},"9":{"start":{"line":12,"column":28},"end":{"line":12,"column":null}},"10":{"start":{"line":13,"column":32},"end":{"line":13,"column":null}},"11":{"start":{"line":15,"column":23},"end":{"line":32,"column":null}},"12":{"start":{"line":16,"column":4},"end":{"line":16,"column":null}},"13":{"start":{"line":17,"column":4},"end":{"line":17,"column":null}},"14":{"start":{"line":18,"column":4},"end":{"line":18,"column":null}},"15":{"start":{"line":19,"column":4},"end":{"line":31,"column":null}},"16":{"start":{"line":20,"column":23},"end":{"line":20,"column":null}},"17":{"start":{"line":22,"column":6},"end":{"line":22,"column":null}},"18":{"start":{"line":23,"column":6},"end":{"line":23,"column":null}},"19":{"start":{"line":24,"column":6},"end":{"line":24,"column":null}},"20":{"start":{"line":26,"column":6},"end":{"line":26,"column":null}},"21":{"start":{"line":28,"column":6},"end":{"line":28,"column":null}},"22":{"start":{"line":30,"column":6},"end":{"line":30,"column":null}},"23":{"start":{"line":100,"column":29},"end":{"line":100,"column":null}},"24":{"start":{"line":116,"column":31},"end":{"line":116,"column":null}},"25":{"start":{"line":132,"column":29},"end":{"line":132,"column":null}},"26":{"start":{"line":132,"column":55},"end":{"line":132,"column":null}}},"fnMap":{"0":{"name":"Login","decl":{"start":{"line":7,"column":24},"end":{"line":7,"column":null}},"loc":{"start":{"line":7,"column":24},"end":{"line":192,"column":null}}},"1":{"name":"(anonymous_6)","decl":{"start":{"line":15,"column":23},"end":{"line":15,"column":30}},"loc":{"start":{"line":15,"column":30},"end":{"line":32,"column":null}}},"2":{"name":"(anonymous_7)","decl":{"start":{"line":100,"column":22},"end":{"line":100,"column":23}},"loc":{"start":{"line":100,"column":29},"end":{"line":100,"column":null}}},"3":{"name":"(anonymous_8)","decl":{"start":{"line":116,"column":24},"end":{"line":116,"column":25}},"loc":{"start":{"line":116,"column":31},"end":{"line":116,"column":null}}},"4":{"name":"(anonymous_9)","decl":{"start":{"line":132,"column":23},"end":{"line":132,"column":29}},"loc":{"start":{"line":132,"column":29},"end":{"line":132,"column":null}}},"5":{"name":"(anonymous_10)","decl":{"start":{"line":132,"column":45},"end":{"line":132,"column":46}},"loc":{"start":{"line":132,"column":55},"end":{"line":132,"column":null}}}},"branchMap":{"0":{"loc":{"start":{"line":28,"column":15},"end":{"line":28,"column":null}},"type":"binary-expr","locations":[{"start":{"line":28,"column":15},"end":{"line":28,"column":44}},{"start":{"line":28,"column":44},"end":{"line":28,"column":null}}]},"1":{"loc":{"start":{"line":60,"column":18},"end":{"line":60,"column":null}},"type":"cond-expr","locations":[{"start":{"line":60,"column":49},"end":{"line":60,"column":60}},{"start":{"line":60,"column":60},"end":{"line":60,"column":null}}]},"2":{"loc":{"start":{"line":78,"column":9},"end":{"line":78,"column":null}},"type":"binary-expr","locations":[{"start":{"line":78,"column":9},"end":{"line":78,"column":null}}]},"3":{"loc":{"start":{"line":114,"column":20},"end":{"line":114,"column":null}},"type":"cond-expr","locations":[{"start":{"line":114,"column":35},"end":{"line":114,"column":44}},{"start":{"line":114,"column":44},"end":{"line":114,"column":null}}]},"4":{"loc":{"start":{"line":150,"column":15},"end":{"line":150,"column":null}},"type":"cond-expr","locations":[{"start":{"line":150,"column":30},"end":{"line":150,"column":39}},{"start":{"line":150,"column":39},"end":{"line":150,"column":null}}]},"5":{"loc":{"start":{"line":157,"column":31},"end":{"line":157,"column":null}},"type":"cond-expr","locations":[{"start":{"line":157,"column":41},"end":{"line":157,"column":53}},{"start":{"line":157,"column":53},"end":{"line":157,"column":null}}]},"6":{"loc":{"start":{"line":162,"column":22},"end":{"line":162,"column":null}},"type":"cond-expr","locations":[{"start":{"line":162,"column":32},"end":{"line":162,"column":48}},{"start":{"line":162,"column":48},"end":{"line":162,"column":null}}]},"7":{"loc":{"start":{"line":167,"column":13},"end":{"line":167,"column":null}},"type":"cond-expr","locations":[{"start":{"line":167,"column":23},"end":{"line":167,"column":41}},{"start":{"line":167,"column":41},"end":{"line":167,"column":null}}]}},"s":{"0":1,"1":1,"2":1,"3":1,"4":1,"5":1,"6":1,"7":1,"8":1,"9":1,"10":1,"11":1,"12":0,"13":0,"14":0,"15":0,"16":0,"17":0,"18":0,"19":0,"20":0,"21":0,"22":0,"23":0,"24":0,"25":0,"26":0},"f":{"0":1,"1":0,"2":0,"3":0,"4":0,"5":0},"b":{"0":[0,0],"1":[1,0],"2":[1],"3":[0,1],"4":[0,1],"5":[0,1],"6":[0,1],"7":[0,1]}}
,"C:\\Users\\DREAM PC\\brainbytes-multi-container\\frontend\\utils\\api.js": {"path":"C:\\Users\\DREAM PC\\brainbytes-multi-container\\frontend\\utils\\api.js","statementMap":{"0":{"start":{"line":17,"column":0},"end":{"line":17,"column":15}},"1":{"start":{"line":1,"column":18},"end":{"line":1,"column":null}},"2":{"start":{"line":3,"column":19},"end":{"line":10,"column":null}},"3":{"start":{"line":4,"column":2},"end":{"line":7,"column":null}},"4":{"start":{"line":6,"column":4},"end":{"line":6,"column":null}},"5":{"start":{"line":9,"column":2},"end":{"line":9,"column":null}},"6":{"start":{"line":12,"column":12},"end":{"line":15,"column":null}},"7":{"start":{"line":17,"column":15},"end":{"line":17,"column":null}}},"fnMap":{"0":{"name":"(anonymous_2)","decl":{"start":{"line":3,"column":19},"end":{"line":3,"column":null}},"loc":{"start":{"line":3,"column":19},"end":{"line":10,"column":null}}}},"branchMap":{"0":{"loc":{"start":{"line":4,"column":2},"end":{"line":7,"column":null}},"type":"if","locations":[{"start":{"line":4,"column":2},"end":{"line":7,"column":null}}]},"1":{"loc":{"start":{"line":6,"column":11},"end":{"line":6,"column":null}},"type":"binary-expr","locations":[{"start":{"line":6,"column":11},"end":{"line":6,"column":42}},{"start":{"line":6,"column":46},"end":{"line":6,"column":null}}]}},"s":{"0":0,"1":1,"2":1,"3":1,"4":0,"5":1,"6":1,"7":1},"f":{"0":1},"b":{"0":[0],"1":[0,0]}}
}
