{"C:\\Users\\DREAM PC\\brainbytes-multi-container\\frontend\\components\\Navigation.js": {"path":"C:\\Users\\DREAM PC\\brainbytes-multi-container\\frontend\\components\\Navigation.js","statementMap":{"0":{"start":{"line":6,"column":17},"end":{"line":6,"column":28}},"1":{"start":{"line":9,"column":19},"end":{"line":9,"column":53}},"2":{"start":{"line":9,"column":29},"end":{"line":9,"column":53}},"3":{"start":{"line":11,"column":2},"end":{"line":79,"column":4}}},"fnMap":{"0":{"name":"Navigation","decl":{"start":{"line":5,"column":24},"end":{"line":5,"column":34}},"loc":{"start":{"line":5,"column":37},"end":{"line":80,"column":1}},"line":5},"1":{"name":"(anonymous_1)","decl":{"start":{"line":9,"column":19},"end":{"line":9,"column":20}},"loc":{"start":{"line":9,"column":29},"end":{"line":9,"column":53}},"line":9}},"branchMap":{"0":{"loc":{"start":{"line":35,"column":21},"end":{"line":35,"column":65}},"type":"cond-expr","locations":[{"start":{"line":35,"column":47},"end":{"line":35,"column":56}},{"start":{"line":35,"column":59},"end":{"line":35,"column":65}}],"line":35},"1":{"loc":{"start":{"line":36,"column":26},"end":{"line":36,"column":69}},"type":"cond-expr","locations":[{"start":{"line":36,"column":52},"end":{"line":36,"column":58}},{"start":{"line":36,"column":61},"end":{"line":36,"column":69}}],"line":36},"2":{"loc":{"start":{"line":39,"column":28},"end":{"line":39,"column":72}},"type":"cond-expr","locations":[{"start":{"line":39,"column":44},"end":{"line":39,"column":63}},{"start":{"line":39,"column":66},"end":{"line":39,"column":72}}],"line":39},"3":{"loc":{"start":{"line":50,"column":21},"end":{"line":50,"column":64}},"type":"cond-expr","locations":[{"start":{"line":50,"column":46},"end":{"line":50,"column":55}},{"start":{"line":50,"column":58},"end":{"line":50,"column":64}}],"line":50},"4":{"loc":{"start":{"line":51,"column":26},"end":{"line":51,"column":68}},"type":"cond-expr","locations":[{"start":{"line":51,"column":51},"end":{"line":51,"column":57}},{"start":{"line":51,"column":60},"end":{"line":51,"column":68}}],"line":51},"5":{"loc":{"start":{"line":54,"column":28},"end":{"line":56,"column":24}},"type":"cond-expr","locations":[{"start":{"line":55,"column":18},"end":{"line":55,"column":37}},{"start":{"line":56,"column":18},"end":{"line":56,"column":24}}],"line":54},"6":{"loc":{"start":{"line":67,"column":31},"end":{"line":67,"column":75}},"type":"cond-expr","locations":[{"start":{"line":67,"column":54},"end":{"line":67,"column":63}},{"start":{"line":67,"column":66},"end":{"line":67,"column":75}}],"line":67}},"s":{"0":7,"1":7,"2":35,"3":7},"f":{"0":7,"1":35},"b":{"0":[7,0],"1":[7,0],"2":[7,0],"3":[0,7],"4":[0,7],"5":[0,7],"6":[0,7]},"_coverageSchema":"1a1c01bbd47fc00a2c39e90264f33305004495a9","hash":"ab86f91a20c5aadb907145b3c202a5bc81287b48"}
,"C:\\Users\\DREAM PC\\brainbytes-multi-container\\frontend\\pages\\index.js": {"path":"C:\\Users\\DREAM PC\\brainbytes-multi-container\\frontend\\pages\\index.js","statementMap":{"0":{"start":{"line":8,"column":17},"end":{"line":8,"column":28}},"1":{"start":{"line":9,"column":22},"end":{"line":9,"column":32}},"2":{"start":{"line":10,"column":50},"end":{"line":10,"column":64}},"3":{"start":{"line":11,"column":34},"end":{"line":11,"column":46}},"4":{"start":{"line":12,"column":38},"end":{"line":12,"column":50}},"5":{"start":{"line":13,"column":32},"end":{"line":13,"column":46}},"6":{"start":{"line":14,"column":34},"end":{"line":14,"column":49}},"7":{"start":{"line":15,"column":26},"end":{"line":15,"column":40}},"8":{"start":{"line":16,"column":48},"end":{"line":16,"column":63}},"9":{"start":{"line":17,"column":42},"end":{"line":21,"column":4}},"10":{"start":{"line":22,"column":24},"end":{"line":22,"column":36}},"11":{"start":{"line":24,"column":19},"end":{"line":32,"column":3}},"12":{"start":{"line":35,"column":2},"end":{"line":62,"column":15}},"13":{"start":{"line":36,"column":21},"end":{"line":51,"column":5}},"14":{"start":{"line":37,"column":20},"end":{"line":37,"column":49}},"15":{"start":{"line":38,"column":6},"end":{"line":40,"column":7}},"16":{"start":{"line":39,"column":8},"end":{"line":39,"column":33}},"17":{"start":{"line":41,"column":6},"end":{"line":50,"column":7}},"18":{"start":{"line":42,"column":8},"end":{"line":47,"column":38}},"19":{"start":{"line":46,"column":25},"end":{"line":46,"column":42}},"20":{"start":{"line":47,"column":23},"end":{"line":47,"column":36}},"21":{"start":{"line":49,"column":8},"end":{"line":49,"column":22}},"22":{"start":{"line":54,"column":4},"end":{"line":54,"column":49}},"23":{"start":{"line":57,"column":4},"end":{"line":57,"column":15}},"24":{"start":{"line":59,"column":4},"end":{"line":61,"column":6}},"25":{"start":{"line":60,"column":6},"end":{"line":60,"column":54}},"26":{"start":{"line":65,"column":24},"end":{"line":77,"column":3}},"27":{"start":{"line":66,"column":4},"end":{"line":76,"column":5}},"28":{"start":{"line":67,"column":20},"end":{"line":67,"column":49}},"29":{"start":{"line":68,"column":23},"end":{"line":70,"column":8}},"30":{"start":{"line":71,"column":6},"end":{"line":71,"column":33}},"31":{"start":{"line":72,"column":6},"end":{"line":72,"column":24}},"32":{"start":{"line":74,"column":6},"end":{"line":74,"column":55}},"33":{"start":{"line":75,"column":6},"end":{"line":75,"column":24}},"34":{"start":{"line":80,"column":23},"end":{"line":149,"column":3}},"35":{"start":{"line":81,"column":4},"end":{"line":81,"column":23}},"36":{"start":{"line":82,"column":4},"end":{"line":82,"column":35}},"37":{"start":{"line":82,"column":28},"end":{"line":82,"column":35}},"38":{"start":{"line":84,"column":4},"end":{"line":148,"column":5}},"39":{"start":{"line":85,"column":6},"end":{"line":85,"column":24}},"40":{"start":{"line":86,"column":22},"end":{"line":86,"column":32}},"41":{"start":{"line":87,"column":6},"end":{"line":87,"column":24}},"42":{"start":{"line":90,"column":26},"end":{"line":95,"column":7}},"43":{"start":{"line":96,"column":6},"end":{"line":96,"column":52}},"44":{"start":{"line":96,"column":28},"end":{"line":96,"column":50}},"45":{"start":{"line":99,"column":20},"end":{"line":99,"column":49}},"46":{"start":{"line":100,"column":23},"end":{"line":104,"column":7}},"47":{"start":{"line":107,"column":6},"end":{"line":111,"column":9}},"48":{"start":{"line":114,"column":6},"end":{"line":114,"column":32}},"49":{"start":{"line":117,"column":6},"end":{"line":128,"column":9}},"50":{"start":{"line":119,"column":33},"end":{"line":121,"column":9}},"51":{"start":{"line":120,"column":19},"end":{"line":120,"column":46}},"52":{"start":{"line":123,"column":8},"end":{"line":127,"column":10}},"53":{"start":{"line":131,"column":6},"end":{"line":133,"column":14}},"54":{"start":{"line":132,"column":8},"end":{"line":132,"column":24}},"55":{"start":{"line":135,"column":6},"end":{"line":135,"column":53}},"56":{"start":{"line":137,"column":6},"end":{"line":145,"column":9}},"57":{"start":{"line":137,"column":28},"end":{"line":145,"column":7}},"58":{"start":{"line":147,"column":6},"end":{"line":147,"column":25}},"59":{"start":{"line":152,"column":27},"end":{"line":155,"column":4}},"60":{"start":{"line":153,"column":4},"end":{"line":153,"column":47}},"61":{"start":{"line":153,"column":35},"end":{"line":153,"column":47}},"62":{"start":{"line":154,"column":4},"end":{"line":154,"column":48}},"63":{"start":{"line":158,"column":2},"end":{"line":160,"column":34}},"64":{"start":{"line":159,"column":4},"end":{"line":159,"column":66}},"65":{"start":{"line":163,"column":2},"end":{"line":165,"column":9}},"66":{"start":{"line":164,"column":4},"end":{"line":164,"column":20}},"67":{"start":{"line":167,"column":2},"end":{"line":198,"column":9}},"68":{"start":{"line":169,"column":18},"end":{"line":169,"column":49}},"69":{"start":{"line":170,"column":4},"end":{"line":192,"column":6}},"70":{"start":{"line":193,"column":4},"end":{"line":193,"column":37}},"71":{"start":{"line":195,"column":4},"end":{"line":197,"column":6}},"72":{"start":{"line":196,"column":6},"end":{"line":196,"column":39}},"73":{"start":{"line":201,"column":2},"end":{"line":214,"column":48}},"74":{"start":{"line":202,"column":4},"end":{"line":213,"column":5}},"75":{"start":{"line":204,"column":20},"end":{"line":206,"column":7}},"76":{"start":{"line":205,"column":17},"end":{"line":205,"column":65}},"77":{"start":{"line":207,"column":6},"end":{"line":212,"column":7}},"78":{"start":{"line":208,"column":8},"end":{"line":211,"column":11}},"79":{"start":{"line":217,"column":28},"end":{"line":219,"column":3}},"80":{"start":{"line":218,"column":4},"end":{"line":218,"column":30}},"81":{"start":{"line":224,"column":2},"end":{"line":511,"column":4}},"82":{"start":{"line":257,"column":12},"end":{"line":274,"column":21}},"83":{"start":{"line":259,"column":29},"end":{"line":259,"column":56}},"84":{"start":{"line":305,"column":18},"end":{"line":351,"column":23}},"85":{"start":{"line":308,"column":22},"end":{"line":308,"column":68}},"86":{"start":{"line":308,"column":30},"end":{"line":308,"column":68}},"87":{"start":{"line":409,"column":29},"end":{"line":409,"column":55}},"88":{"start":{"line":436,"column":16},"end":{"line":440,"column":18}},"89":{"start":{"line":441,"column":16},"end":{"line":441,"column":43}},"90":{"start":{"line":481,"column":27},"end":{"line":481,"column":56}}},"fnMap":{"0":{"name":"Home","decl":{"start":{"line":7,"column":24},"end":{"line":7,"column":28}},"loc":{"start":{"line":7,"column":31},"end":{"line":512,"column":1}},"line":7},"1":{"name":"(anonymous_1)","decl":{"start":{"line":35,"column":12},"end":{"line":35,"column":13}},"loc":{"start":{"line":35,"column":18},"end":{"line":62,"column":3}},"line":35},"2":{"name":"(anonymous_2)","decl":{"start":{"line":36,"column":21},"end":{"line":36,"column":22}},"loc":{"start":{"line":36,"column":27},"end":{"line":51,"column":5}},"line":36},"3":{"name":"(anonymous_3)","decl":{"start":{"line":46,"column":16},"end":{"line":46,"column":17}},"loc":{"start":{"line":46,"column":25},"end":{"line":46,"column":42}},"line":46},"4":{"name":"(anonymous_4)","decl":{"start":{"line":47,"column":17},"end":{"line":47,"column":18}},"loc":{"start":{"line":47,"column":23},"end":{"line":47,"column":36}},"line":47},"5":{"name":"(anonymous_5)","decl":{"start":{"line":59,"column":11},"end":{"line":59,"column":12}},"loc":{"start":{"line":59,"column":17},"end":{"line":61,"column":5}},"line":59},"6":{"name":"(anonymous_6)","decl":{"start":{"line":65,"column":24},"end":{"line":65,"column":25}},"loc":{"start":{"line":65,"column":36},"end":{"line":77,"column":3}},"line":65},"7":{"name":"(anonymous_7)","decl":{"start":{"line":80,"column":23},"end":{"line":80,"column":24}},"loc":{"start":{"line":80,"column":36},"end":{"line":149,"column":3}},"line":80},"8":{"name":"(anonymous_8)","decl":{"start":{"line":96,"column":18},"end":{"line":96,"column":19}},"loc":{"start":{"line":96,"column":28},"end":{"line":96,"column":50}},"line":96},"9":{"name":"(anonymous_9)","decl":{"start":{"line":117,"column":18},"end":{"line":117,"column":19}},"loc":{"start":{"line":117,"column":28},"end":{"line":128,"column":7}},"line":117},"10":{"name":"(anonymous_10)","decl":{"start":{"line":120,"column":10},"end":{"line":120,"column":11}},"loc":{"start":{"line":120,"column":19},"end":{"line":120,"column":46}},"line":120},"11":{"name":"(anonymous_11)","decl":{"start":{"line":131,"column":17},"end":{"line":131,"column":18}},"loc":{"start":{"line":131,"column":23},"end":{"line":133,"column":7}},"line":131},"12":{"name":"(anonymous_12)","decl":{"start":{"line":137,"column":18},"end":{"line":137,"column":19}},"loc":{"start":{"line":137,"column":28},"end":{"line":145,"column":7}},"line":137},"13":{"name":"(anonymous_13)","decl":{"start":{"line":152,"column":43},"end":{"line":152,"column":44}},"loc":{"start":{"line":152,"column":56},"end":{"line":155,"column":3}},"line":152},"14":{"name":"(anonymous_14)","decl":{"start":{"line":158,"column":12},"end":{"line":158,"column":13}},"loc":{"start":{"line":158,"column":18},"end":{"line":160,"column":3}},"line":158},"15":{"name":"(anonymous_15)","decl":{"start":{"line":163,"column":12},"end":{"line":163,"column":13}},"loc":{"start":{"line":163,"column":18},"end":{"line":165,"column":3}},"line":163},"16":{"name":"(anonymous_16)","decl":{"start":{"line":167,"column":12},"end":{"line":167,"column":13}},"loc":{"start":{"line":167,"column":18},"end":{"line":198,"column":3}},"line":167},"17":{"name":"(anonymous_17)","decl":{"start":{"line":195,"column":11},"end":{"line":195,"column":12}},"loc":{"start":{"line":195,"column":17},"end":{"line":197,"column":5}},"line":195},"18":{"name":"(anonymous_18)","decl":{"start":{"line":201,"column":12},"end":{"line":201,"column":13}},"loc":{"start":{"line":201,"column":18},"end":{"line":214,"column":3}},"line":201},"19":{"name":"(anonymous_19)","decl":{"start":{"line":205,"column":8},"end":{"line":205,"column":9}},"loc":{"start":{"line":205,"column":17},"end":{"line":205,"column":65}},"line":205},"20":{"name":"(anonymous_20)","decl":{"start":{"line":217,"column":28},"end":{"line":217,"column":29}},"loc":{"start":{"line":217,"column":34},"end":{"line":219,"column":3}},"line":217},"21":{"name":"(anonymous_21)","decl":{"start":{"line":256,"column":24},"end":{"line":256,"column":25}},"loc":{"start":{"line":257,"column":12},"end":{"line":274,"column":21}},"line":257},"22":{"name":"(anonymous_22)","decl":{"start":{"line":259,"column":23},"end":{"line":259,"column":24}},"loc":{"start":{"line":259,"column":29},"end":{"line":259,"column":56}},"line":259},"23":{"name":"(anonymous_23)","decl":{"start":{"line":304,"column":38},"end":{"line":304,"column":39}},"loc":{"start":{"line":305,"column":18},"end":{"line":351,"column":23}},"line":305},"24":{"name":"(anonymous_24)","decl":{"start":{"line":307,"column":25},"end":{"line":307,"column":26}},"loc":{"start":{"line":307,"column":33},"end":{"line":309,"column":21}},"line":307},"25":{"name":"(anonymous_25)","decl":{"start":{"line":409,"column":23},"end":{"line":409,"column":24}},"loc":{"start":{"line":409,"column":29},"end":{"line":409,"column":55}},"line":409},"26":{"name":"(anonymous_26)","decl":{"start":{"line":435,"column":23},"end":{"line":435,"column":24}},"loc":{"start":{"line":435,"column":29},"end":{"line":442,"column":15}},"line":435},"27":{"name":"(anonymous_27)","decl":{"start":{"line":481,"column":20},"end":{"line":481,"column":21}},"loc":{"start":{"line":481,"column":27},"end":{"line":481,"column":56}},"line":481}},"branchMap":{"0":{"loc":{"start":{"line":38,"column":6},"end":{"line":40,"column":7}},"type":"if","locations":[{"start":{"line":38,"column":6},"end":{"line":40,"column":7}},{"start":{},"end":{}}],"line":38},"1":{"loc":{"start":{"line":41,"column":6},"end":{"line":50,"column":7}},"type":"if","locations":[{"start":{"line":41,"column":6},"end":{"line":50,"column":7}},{"start":{"line":48,"column":13},"end":{"line":50,"column":7}}],"line":41},"2":{"loc":{"start":{"line":82,"column":4},"end":{"line":82,"column":35}},"type":"if","locations":[{"start":{"line":82,"column":4},"end":{"line":82,"column":35}},{"start":{},"end":{}}],"line":82},"3":{"loc":{"start":{"line":108,"column":18},"end":{"line":108,"column":46}},"type":"binary-expr","locations":[{"start":{"line":108,"column":18},"end":{"line":108,"column":40}},{"start":{"line":108,"column":44},"end":{"line":108,"column":46}}],"line":108},"4":{"loc":{"start":{"line":109,"column":22},"end":{"line":109,"column":54}},"type":"binary-expr","locations":[{"start":{"line":109,"column":22},"end":{"line":109,"column":48}},{"start":{"line":109,"column":52},"end":{"line":109,"column":54}}],"line":109},"5":{"loc":{"start":{"line":110,"column":19},"end":{"line":110,"column":48}},"type":"binary-expr","locations":[{"start":{"line":110,"column":19},"end":{"line":110,"column":42}},{"start":{"line":110,"column":46},"end":{"line":110,"column":48}}],"line":110},"6":{"loc":{"start":{"line":153,"column":4},"end":{"line":153,"column":47}},"type":"if","locations":[{"start":{"line":153,"column":4},"end":{"line":153,"column":47}},{"start":{},"end":{}}],"line":153},"7":{"loc":{"start":{"line":202,"column":4},"end":{"line":213,"column":5}},"type":"if","locations":[{"start":{"line":202,"column":4},"end":{"line":213,"column":5}},{"start":{},"end":{}}],"line":202},"8":{"loc":{"start":{"line":202,"column":8},"end":{"line":202,"column":60}},"type":"binary-expr","locations":[{"start":{"line":202,"column":8},"end":{"line":202,"column":29}},{"start":{"line":202,"column":33},"end":{"line":202,"column":60}}],"line":202},"9":{"loc":{"start":{"line":205,"column":17},"end":{"line":205,"column":65}},"type":"binary-expr","locations":[{"start":{"line":205,"column":17},"end":{"line":205,"column":51}},{"start":{"line":205,"column":55},"end":{"line":205,"column":65}}],"line":205},"10":{"loc":{"start":{"line":207,"column":6},"end":{"line":212,"column":7}},"type":"if","locations":[{"start":{"line":207,"column":6},"end":{"line":212,"column":7}},{"start":{},"end":{}}],"line":207},"11":{"loc":{"start":{"line":207,"column":10},"end":{"line":207,"column":49}},"type":"binary-expr","locations":[{"start":{"line":207,"column":10},"end":{"line":207,"column":15}},{"start":{"line":207,"column":19},"end":{"line":207,"column":49}}],"line":207},"12":{"loc":{"start":{"line":235,"column":7},"end":{"line":248,"column":7}},"type":"binary-expr","locations":[{"start":{"line":235,"column":7},"end":{"line":235,"column":11}},{"start":{"line":236,"column":8},"end":{"line":247,"column":14}}],"line":235},"13":{"loc":{"start":{"line":263,"column":18},"end":{"line":263,"column":69}},"type":"cond-expr","locations":[{"start":{"line":263,"column":48},"end":{"line":263,"column":57}},{"start":{"line":263,"column":60},"end":{"line":263,"column":69}}],"line":263},"14":{"loc":{"start":{"line":264,"column":23},"end":{"line":264,"column":69}},"type":"cond-expr","locations":[{"start":{"line":264,"column":53},"end":{"line":264,"column":60}},{"start":{"line":264,"column":63},"end":{"line":264,"column":69}}],"line":264},"15":{"loc":{"start":{"line":271,"column":15},"end":{"line":273,"column":68}},"type":"cond-expr","locations":[{"start":{"line":272,"column":18},"end":{"line":272,"column":32}},{"start":{"line":273,"column":18},"end":{"line":273,"column":68}}],"line":271},"16":{"loc":{"start":{"line":291,"column":9},"end":{"line":374,"column":9}},"type":"cond-expr","locations":[{"start":{"line":292,"column":10},"end":{"line":294,"column":16}},{"start":{"line":296,"column":10},"end":{"line":373,"column":16}}],"line":291},"17":{"loc":{"start":{"line":297,"column":13},"end":{"line":372,"column":13}},"type":"cond-expr","locations":[{"start":{"line":298,"column":14},"end":{"line":301,"column":20}},{"start":{"line":303,"column":14},"end":{"line":371,"column":19}}],"line":297},"18":{"loc":{"start":{"line":308,"column":22},"end":{"line":308,"column":68}},"type":"if","locations":[{"start":{"line":308,"column":22},"end":{"line":308,"column":68}},{"start":{},"end":{}}],"line":308},"19":{"loc":{"start":{"line":313,"column":34},"end":{"line":313,"column":76}},"type":"cond-expr","locations":[{"start":{"line":313,"column":51},"end":{"line":313,"column":61}},{"start":{"line":313,"column":64},"end":{"line":313,"column":76}}],"line":313},"20":{"loc":{"start":{"line":316,"column":39},"end":{"line":316,"column":77}},"type":"cond-expr","locations":[{"start":{"line":316,"column":56},"end":{"line":316,"column":65}},{"start":{"line":316,"column":68},"end":{"line":316,"column":77}}],"line":316},"21":{"loc":{"start":{"line":321,"column":34},"end":{"line":321,"column":63}},"type":"cond-expr","locations":[{"start":{"line":321,"column":51},"end":{"line":321,"column":57}},{"start":{"line":321,"column":60},"end":{"line":321,"column":63}}],"line":321},"22":{"loc":{"start":{"line":322,"column":35},"end":{"line":322,"column":64}},"type":"cond-expr","locations":[{"start":{"line":322,"column":52},"end":{"line":322,"column":55}},{"start":{"line":322,"column":58},"end":{"line":322,"column":64}}],"line":322},"23":{"loc":{"start":{"line":333,"column":23},"end":{"line":339,"column":23}},"type":"cond-expr","locations":[{"start":{"line":334,"column":24},"end":{"line":334,"column":36}},{"start":{"line":336,"column":24},"end":{"line":338,"column":30}}],"line":333},"24":{"loc":{"start":{"line":345,"column":35},"end":{"line":345,"column":68}},"type":"cond-expr","locations":[{"start":{"line":345,"column":52},"end":{"line":345,"column":59}},{"start":{"line":345,"column":62},"end":{"line":345,"column":68}}],"line":345},"25":{"loc":{"start":{"line":348,"column":23},"end":{"line":348,"column":58}},"type":"cond-expr","locations":[{"start":{"line":348,"column":40},"end":{"line":348,"column":45}},{"start":{"line":348,"column":48},"end":{"line":348,"column":58}}],"line":348},"26":{"loc":{"start":{"line":353,"column":17},"end":{"line":369,"column":17}},"type":"binary-expr","locations":[{"start":{"line":353,"column":17},"end":{"line":353,"column":25}},{"start":{"line":354,"column":18},"end":{"line":368,"column":23}}],"line":353},"27":{"loc":{"start":{"line":378,"column":7},"end":{"line":456,"column":9}},"type":"binary-expr","locations":[{"start":{"line":378,"column":7},"end":{"line":378,"column":28}},{"start":{"line":379,"column":8},"end":{"line":379,"column":33}},{"start":{"line":380,"column":8},"end":{"line":380,"column":49}},{"start":{"line":381,"column":8},"end":{"line":381,"column":24}},{"start":{"line":382,"column":10},"end":{"line":455,"column":16}}],"line":378},"28":{"loc":{"start":{"line":437,"column":18},"end":{"line":439,"column":43}},"type":"cond-expr","locations":[{"start":{"line":438,"column":22},"end":{"line":438,"column":27}},{"start":{"line":439,"column":22},"end":{"line":439,"column":43}}],"line":437},"29":{"loc":{"start":{"line":459,"column":7},"end":{"line":475,"column":7}},"type":"binary-expr","locations":[{"start":{"line":459,"column":7},"end":{"line":459,"column":28}},{"start":{"line":460,"column":8},"end":{"line":474,"column":14}}],"line":459},"30":{"loc":{"start":{"line":497,"column":29},"end":{"line":497,"column":61}},"type":"cond-expr","locations":[{"start":{"line":497,"column":40},"end":{"line":497,"column":49}},{"start":{"line":497,"column":52},"end":{"line":497,"column":61}}],"line":497},"31":{"loc":{"start":{"line":502,"column":20},"end":{"line":502,"column":56}},"type":"cond-expr","locations":[{"start":{"line":502,"column":31},"end":{"line":502,"column":44}},{"start":{"line":502,"column":47},"end":{"line":502,"column":56}}],"line":502},"32":{"loc":{"start":{"line":507,"column":11},"end":{"line":507,"column":43}},"type":"cond-expr","locations":[{"start":{"line":507,"column":22},"end":{"line":507,"column":34}},{"start":{"line":507,"column":37},"end":{"line":507,"column":43}}],"line":507}},"s":{"0":5,"1":5,"2":4,"3":4,"4":4,"5":4,"6":4,"7":4,"8":4,"9":4,"10":4,"11":4,"12":4,"13":4,"14":4,"15":4,"16":0,"17":4,"18":4,"19":4,"20":0,"21":0,"22":4,"23":4,"24":4,"25":4,"26":4,"27":4,"28":4,"29":4,"30":4,"31":4,"32":0,"33":0,"34":4,"35":0,"36":0,"37":0,"38":0,"39":0,"40":0,"41":0,"42":0,"43":0,"44":0,"45":0,"46":0,"47":0,"48":0,"49":0,"50":0,"51":0,"52":0,"53":0,"54":0,"55":0,"56":0,"57":0,"58":0,"59":4,"60":0,"61":0,"62":0,"63":4,"64":4,"65":4,"66":4,"67":4,"68":4,"69":4,"70":4,"71":4,"72":4,"73":4,"74":4,"75":0,"76":0,"77":0,"78":0,"79":4,"80":0,"81":4,"82":28,"83":0,"84":0,"85":0,"86":0,"87":0,"88":0,"89":0,"90":0},"f":{"0":5,"1":4,"2":4,"3":4,"4":0,"5":4,"6":4,"7":0,"8":0,"9":0,"10":0,"11":0,"12":0,"13":0,"14":4,"15":4,"16":4,"17":4,"18":4,"19":0,"20":0,"21":28,"22":0,"23":0,"24":0,"25":0,"26":0,"27":0},"b":{"0":[0,4],"1":[4,0],"2":[0,0],"3":[0,0],"4":[0,0],"5":[0,0],"6":[0,0],"7":[0,4],"8":[4,0],"9":[0,0],"10":[0,0],"11":[0,0],"12":[4,0],"13":[4,24],"14":[4,24],"15":[4,24],"16":[4,0],"17":[0,0],"18":[0,0],"19":[0,0],"20":[0,0],"21":[0,0],"22":[0,0],"23":[0,0],"24":[0,0],"25":[0,0],"26":[0,0],"27":[4,0,0,0,0],"28":[0,0],"29":[4,0],"30":[0,4],"31":[0,4],"32":[0,4]},"_coverageSchema":"1a1c01bbd47fc00a2c39e90264f33305004495a9","hash":"b0736938b2a39837c3f28f6b1ddee43dee0b3b23"}
,"C:\\Users\\DREAM PC\\brainbytes-multi-container\\frontend\\pages\\login.js": {"path":"C:\\Users\\DREAM PC\\brainbytes-multi-container\\frontend\\pages\\login.js","statementMap":{"0":{"start":{"line":7,"column":17},"end":{"line":7,"column":28}},"1":{"start":{"line":8,"column":28},"end":{"line":8,"column":40}},"2":{"start":{"line":9,"column":34},"end":{"line":9,"column":46}},"3":{"start":{"line":10,"column":42},"end":{"line":10,"column":57}},"4":{"start":{"line":11,"column":28},"end":{"line":11,"column":40}},"5":{"start":{"line":12,"column":32},"end":{"line":12,"column":47}},"6":{"start":{"line":14,"column":23},"end":{"line":34,"column":3}},"7":{"start":{"line":15,"column":4},"end":{"line":15,"column":23}},"8":{"start":{"line":16,"column":4},"end":{"line":16,"column":17}},"9":{"start":{"line":17,"column":4},"end":{"line":17,"column":21}},"10":{"start":{"line":18,"column":4},"end":{"line":33,"column":5}},"11":{"start":{"line":19,"column":23},"end":{"line":22,"column":7}},"12":{"start":{"line":24,"column":6},"end":{"line":24,"column":48}},"13":{"start":{"line":25,"column":6},"end":{"line":25,"column":62}},"14":{"start":{"line":26,"column":6},"end":{"line":26,"column":33}},"15":{"start":{"line":28,"column":6},"end":{"line":28,"column":50}},"16":{"start":{"line":30,"column":6},"end":{"line":30,"column":60}},"17":{"start":{"line":32,"column":6},"end":{"line":32,"column":24}},"18":{"start":{"line":36,"column":2},"end":{"line":193,"column":4}},"19":{"start":{"line":103,"column":29},"end":{"line":103,"column":53}},"20":{"start":{"line":119,"column":31},"end":{"line":119,"column":58}},"21":{"start":{"line":135,"column":29},"end":{"line":135,"column":61}},"22":{"start":{"line":135,"column":55},"end":{"line":135,"column":60}}},"fnMap":{"0":{"name":"Login","decl":{"start":{"line":6,"column":24},"end":{"line":6,"column":29}},"loc":{"start":{"line":6,"column":32},"end":{"line":194,"column":1}},"line":6},"1":{"name":"(anonymous_1)","decl":{"start":{"line":14,"column":23},"end":{"line":14,"column":24}},"loc":{"start":{"line":14,"column":36},"end":{"line":34,"column":3}},"line":14},"2":{"name":"(anonymous_2)","decl":{"start":{"line":103,"column":22},"end":{"line":103,"column":23}},"loc":{"start":{"line":103,"column":29},"end":{"line":103,"column":53}},"line":103},"3":{"name":"(anonymous_3)","decl":{"start":{"line":119,"column":24},"end":{"line":119,"column":25}},"loc":{"start":{"line":119,"column":31},"end":{"line":119,"column":58}},"line":119},"4":{"name":"(anonymous_4)","decl":{"start":{"line":135,"column":23},"end":{"line":135,"column":24}},"loc":{"start":{"line":135,"column":29},"end":{"line":135,"column":61}},"line":135},"5":{"name":"(anonymous_5)","decl":{"start":{"line":135,"column":45},"end":{"line":135,"column":46}},"loc":{"start":{"line":135,"column":55},"end":{"line":135,"column":60}},"line":135}},"branchMap":{"0":{"loc":{"start":{"line":30,"column":15},"end":{"line":30,"column":58}},"type":"binary-expr","locations":[{"start":{"line":30,"column":15},"end":{"line":30,"column":40}},{"start":{"line":30,"column":44},"end":{"line":30,"column":58}}],"line":30},"1":{"loc":{"start":{"line":61,"column":22},"end":{"line":61,"column":67}},"type":"cond-expr","locations":[{"start":{"line":61,"column":53},"end":{"line":61,"column":61}},{"start":{"line":61,"column":64},"end":{"line":61,"column":67}}],"line":61},"2":{"loc":{"start":{"line":81,"column":9},"end":{"line":94,"column":9}},"type":"binary-expr","locations":[{"start":{"line":81,"column":9},"end":{"line":81,"column":14}},{"start":{"line":82,"column":10},"end":{"line":93,"column":16}}],"line":81},"3":{"loc":{"start":{"line":117,"column":20},"end":{"line":117,"column":54}},"type":"cond-expr","locations":[{"start":{"line":117,"column":35},"end":{"line":117,"column":41}},{"start":{"line":117,"column":44},"end":{"line":117,"column":54}}],"line":117},"4":{"loc":{"start":{"line":153,"column":15},"end":{"line":153,"column":45}},"type":"cond-expr","locations":[{"start":{"line":153,"column":30},"end":{"line":153,"column":36}},{"start":{"line":153,"column":39},"end":{"line":153,"column":45}}],"line":153},"5":{"loc":{"start":{"line":160,"column":31},"end":{"line":160,"column":62}},"type":"cond-expr","locations":[{"start":{"line":160,"column":41},"end":{"line":160,"column":50}},{"start":{"line":160,"column":53},"end":{"line":160,"column":62}}],"line":160},"6":{"loc":{"start":{"line":165,"column":22},"end":{"line":165,"column":57}},"type":"cond-expr","locations":[{"start":{"line":165,"column":32},"end":{"line":165,"column":45}},{"start":{"line":165,"column":48},"end":{"line":165,"column":57}}],"line":165},"7":{"loc":{"start":{"line":170,"column":13},"end":{"line":170,"column":50}},"type":"cond-expr","locations":[{"start":{"line":170,"column":23},"end":{"line":170,"column":38}},{"start":{"line":170,"column":41},"end":{"line":170,"column":50}}],"line":170}},"s":{"0":2,"1":2,"2":1,"3":1,"4":1,"5":1,"6":1,"7":0,"8":0,"9":0,"10":0,"11":0,"12":0,"13":0,"14":0,"15":0,"16":0,"17":0,"18":1,"19":0,"20":0,"21":0,"22":0},"f":{"0":2,"1":0,"2":0,"3":0,"4":0,"5":0},"b":{"0":[0,0],"1":[1,0],"2":[1,0],"3":[0,1],"4":[0,1],"5":[0,1],"6":[0,1],"7":[0,1]},"_coverageSchema":"1a1c01bbd47fc00a2c39e90264f33305004495a9","hash":"3fce33214c43887816359a73e5b188eb83546f98"}
}
