TN:
SF:components/Navigation.js
FN:5,Navigation
FN:9,(anonymous_1)
FNF:2
FNH:2
FNDA:1,Navigation
FNDA:5,(anonymous_1)
DA:6,1
DA:9,5
DA:11,1
LF:3
LH:3
BRDA:35,0,0,1
BRDA:35,0,1,0
BRDA:36,1,0,1
BRDA:36,1,1,0
BRDA:39,2,0,1
BRDA:39,2,1,0
BRDA:50,3,0,0
BRDA:50,3,1,1
BRDA:51,4,0,0
BRDA:51,4,1,1
BRDA:54,5,0,0
BRDA:54,5,1,1
BRDA:67,6,0,0
BRDA:67,6,1,1
BRF:14
BRH:7
end_of_record
TN:
SF:pages/login.js
FN:6,Login
FN:14,(anonymous_1)
FN:103,(anonymous_2)
FN:119,(anonymous_3)
FN:135,(anonymous_4)
FN:135,(anonymous_5)
FNF:6
FNH:1
FNDA:1,Login
FNDA:0,(anonymous_1)
FNDA:0,(anonymous_2)
FNDA:0,(anonymous_3)
FNDA:0,(anonymous_4)
FNDA:0,(anonymous_5)
DA:7,1
DA:8,1
DA:9,1
DA:10,1
DA:11,1
DA:12,1
DA:14,1
DA:15,0
DA:16,0
DA:17,0
DA:18,0
DA:19,0
DA:24,0
DA:25,0
DA:26,0
DA:28,0
DA:30,0
DA:32,0
DA:36,1
DA:103,0
DA:119,0
DA:135,0
LF:22
LH:8
BRDA:30,0,0,0
BRDA:30,0,1,0
BRDA:61,1,0,1
BRDA:61,1,1,0
BRDA:81,2,0,1
BRDA:81,2,1,0
BRDA:117,3,0,0
BRDA:117,3,1,1
BRDA:153,4,0,0
BRDA:153,4,1,1
BRDA:160,5,0,0
BRDA:160,5,1,1
BRDA:165,6,0,0
BRDA:165,6,1,1
BRDA:170,7,0,0
BRDA:170,7,1,1
BRF:16
BRH:7
end_of_record
