TN:
SF:components\Navigation.js
FN:5,Navigation
FN:9,(anonymous_1)
FNF:2
FNH:2
FNDA:7,Navigation
FNDA:35,(anonymous_1)
DA:6,7
DA:9,35
DA:11,7
LF:3
LH:3
BRDA:35,0,0,7
BRDA:35,0,1,0
BRDA:36,1,0,7
BRDA:36,1,1,0
BRDA:39,2,0,7
BRDA:39,2,1,0
BRDA:50,3,0,0
BRDA:50,3,1,7
BRDA:51,4,0,0
BRDA:51,4,1,7
BRDA:54,5,0,0
BRDA:54,5,1,7
BRDA:67,6,0,0
BRDA:67,6,1,7
BRF:14
BRH:7
end_of_record
TN:
SF:pages\index.js
FN:7,Home
FN:35,(anonymous_1)
FN:36,(anonymous_2)
FN:46,(anonymous_3)
FN:47,(anonymous_4)
FN:59,(anonymous_5)
FN:65,(anonymous_6)
FN:80,(anonymous_7)
FN:96,(anonymous_8)
FN:117,(anonymous_9)
FN:120,(anonymous_10)
FN:131,(anonymous_11)
FN:137,(anonymous_12)
FN:152,(anonymous_13)
FN:158,(anonymous_14)
FN:163,(anonymous_15)
FN:167,(anonymous_16)
FN:195,(anonymous_17)
FN:201,(anonymous_18)
FN:205,(anonymous_19)
FN:217,(anonymous_20)
FN:256,(anonymous_21)
FN:259,(anonymous_22)
FN:304,(anonymous_23)
FN:307,(anonymous_24)
FN:409,(anonymous_25)
FN:435,(anonymous_26)
FN:481,(anonymous_27)
FNF:28
FNH:12
FNDA:5,Home
FNDA:4,(anonymous_1)
FNDA:4,(anonymous_2)
FNDA:4,(anonymous_3)
FNDA:0,(anonymous_4)
FNDA:4,(anonymous_5)
FNDA:4,(anonymous_6)
FNDA:0,(anonymous_7)
FNDA:0,(anonymous_8)
FNDA:0,(anonymous_9)
FNDA:0,(anonymous_10)
FNDA:0,(anonymous_11)
FNDA:0,(anonymous_12)
FNDA:0,(anonymous_13)
FNDA:4,(anonymous_14)
FNDA:4,(anonymous_15)
FNDA:4,(anonymous_16)
FNDA:4,(anonymous_17)
FNDA:4,(anonymous_18)
FNDA:0,(anonymous_19)
FNDA:0,(anonymous_20)
FNDA:28,(anonymous_21)
FNDA:0,(anonymous_22)
FNDA:0,(anonymous_23)
FNDA:0,(anonymous_24)
FNDA:0,(anonymous_25)
FNDA:0,(anonymous_26)
FNDA:0,(anonymous_27)
DA:8,5
DA:9,5
DA:10,4
DA:11,4
DA:12,4
DA:13,4
DA:14,4
DA:15,4
DA:16,4
DA:17,4
DA:22,4
DA:24,4
DA:35,4
DA:36,4
DA:37,4
DA:38,4
DA:39,0
DA:41,4
DA:42,4
DA:46,4
DA:47,0
DA:49,0
DA:54,4
DA:57,4
DA:59,4
DA:60,4
DA:65,4
DA:66,4
DA:67,4
DA:68,4
DA:71,4
DA:72,4
DA:74,0
DA:75,0
DA:80,4
DA:81,0
DA:82,0
DA:84,0
DA:85,0
DA:86,0
DA:87,0
DA:90,0
DA:96,0
DA:99,0
DA:100,0
DA:107,0
DA:114,0
DA:117,0
DA:119,0
DA:120,0
DA:123,0
DA:131,0
DA:132,0
DA:135,0
DA:137,0
DA:147,0
DA:152,4
DA:153,0
DA:154,0
DA:158,4
DA:159,4
DA:163,4
DA:164,4
DA:167,4
DA:169,4
DA:170,4
DA:193,4
DA:195,4
DA:196,4
DA:201,4
DA:202,4
DA:204,0
DA:205,0
DA:207,0
DA:208,0
DA:217,4
DA:218,0
DA:224,4
DA:257,28
DA:259,0
DA:305,0
DA:308,0
DA:409,0
DA:436,0
DA:441,0
DA:481,0
LF:86
LH:46
BRDA:38,0,0,0
BRDA:38,0,1,4
BRDA:41,1,0,4
BRDA:41,1,1,0
BRDA:82,2,0,0
BRDA:82,2,1,0
BRDA:108,3,0,0
BRDA:108,3,1,0
BRDA:109,4,0,0
BRDA:109,4,1,0
BRDA:110,5,0,0
BRDA:110,5,1,0
BRDA:153,6,0,0
BRDA:153,6,1,0
BRDA:202,7,0,0
BRDA:202,7,1,4
BRDA:202,8,0,4
BRDA:202,8,1,0
BRDA:205,9,0,0
BRDA:205,9,1,0
BRDA:207,10,0,0
BRDA:207,10,1,0
BRDA:207,11,0,0
BRDA:207,11,1,0
BRDA:235,12,0,4
BRDA:235,12,1,0
BRDA:263,13,0,4
BRDA:263,13,1,24
BRDA:264,14,0,4
BRDA:264,14,1,24
BRDA:271,15,0,4
BRDA:271,15,1,24
BRDA:291,16,0,4
BRDA:291,16,1,0
BRDA:297,17,0,0
BRDA:297,17,1,0
BRDA:308,18,0,0
BRDA:308,18,1,0
BRDA:313,19,0,0
BRDA:313,19,1,0
BRDA:316,20,0,0
BRDA:316,20,1,0
BRDA:321,21,0,0
BRDA:321,21,1,0
BRDA:322,22,0,0
BRDA:322,22,1,0
BRDA:333,23,0,0
BRDA:333,23,1,0
BRDA:345,24,0,0
BRDA:345,24,1,0
BRDA:348,25,0,0
BRDA:348,25,1,0
BRDA:353,26,0,0
BRDA:353,26,1,0
BRDA:378,27,0,4
BRDA:378,27,1,0
BRDA:378,27,2,0
BRDA:378,27,3,0
BRDA:378,27,4,0
BRDA:437,28,0,0
BRDA:437,28,1,0
BRDA:459,29,0,4
BRDA:459,29,1,0
BRDA:497,30,0,0
BRDA:497,30,1,4
BRDA:502,31,0,0
BRDA:502,31,1,4
BRDA:507,32,0,0
BRDA:507,32,1,4
BRF:69
BRH:17
end_of_record
TN:
SF:pages\login.js
FN:6,Login
FN:14,(anonymous_1)
FN:103,(anonymous_2)
FN:119,(anonymous_3)
FN:135,(anonymous_4)
FN:135,(anonymous_5)
FNF:6
FNH:1
FNDA:2,Login
FNDA:0,(anonymous_1)
FNDA:0,(anonymous_2)
FNDA:0,(anonymous_3)
FNDA:0,(anonymous_4)
FNDA:0,(anonymous_5)
DA:7,2
DA:8,2
DA:9,1
DA:10,1
DA:11,1
DA:12,1
DA:14,1
DA:15,0
DA:16,0
DA:17,0
DA:18,0
DA:19,0
DA:24,0
DA:25,0
DA:26,0
DA:28,0
DA:30,0
DA:32,0
DA:36,1
DA:103,0
DA:119,0
DA:135,0
LF:22
LH:8
BRDA:30,0,0,0
BRDA:30,0,1,0
BRDA:61,1,0,1
BRDA:61,1,1,0
BRDA:81,2,0,1
BRDA:81,2,1,0
BRDA:117,3,0,0
BRDA:117,3,1,1
BRDA:153,4,0,0
BRDA:153,4,1,1
BRDA:160,5,0,0
BRDA:160,5,1,1
BRDA:165,6,0,0
BRDA:165,6,1,1
BRDA:170,7,0,0
BRDA:170,7,1,1
BRF:16
BRH:7
end_of_record
