<?xml version="1.0" encoding="UTF-8"?>
<coverage generated="1749947932781" clover="3.2.0">
  <project timestamp="1749947932781" name="All files">
    <metrics statements="256" coveredstatements="120" conditionals="108" coveredconditionals="68" methods="39" coveredmethods="18" elements="403" coveredelements="206" complexity="0" loc="256" ncloc="256" packages="1" files="2" classes="2"/>
    <file name="aiService.js" path="C:\Users\DREAM PC\brainbytes-multi-container\backend\aiService.js">
      <metrics statements="98" coveredstatements="86" conditionals="70" coveredconditionals="61" methods="16" coveredmethods="16"/>
      <line num="4" count="3" type="stmt"/>
      <line num="7" count="3" type="stmt"/>
      <line num="144" count="3" type="stmt"/>
      <line num="189" count="3" type="stmt"/>
      <line num="279" count="3" type="stmt"/>
      <line num="338" count="10" type="stmt"/>
      <line num="346" count="14" type="stmt"/>
      <line num="348" count="14" type="stmt"/>
      <line num="359" count="14" type="cond" truecount="2" falsecount="0"/>
      <line num="363" count="3" type="stmt"/>
      <line num="367" count="14" type="stmt"/>
      <line num="383" count="158" type="cond" truecount="2" falsecount="0"/>
      <line num="384" count="2" type="stmt"/>
      <line num="388" count="14" type="stmt"/>
      <line num="389" count="84" type="stmt"/>
      <line num="391" count="1694" type="stmt"/>
      <line num="392" count="1694" type="cond" truecount="2" falsecount="0"/>
      <line num="393" count="6" type="stmt"/>
      <line num="399" count="14" type="stmt"/>
      <line num="400" count="116" type="stmt"/>
      <line num="401" count="98" type="stmt"/>
      <line num="403" count="14" type="cond" truecount="2" falsecount="0"/>
      <line num="407" count="14" type="stmt"/>
      <line num="409" count="14" type="stmt"/>
      <line num="412" count="14" type="stmt"/>
      <line num="413" count="14" type="stmt"/>
      <line num="414" count="14" type="stmt"/>
      <line num="417" count="14" type="stmt"/>
      <line num="420" count="14" type="stmt"/>
      <line num="422" count="560" type="stmt"/>
      <line num="423" count="560" type="cond" truecount="2" falsecount="0"/>
      <line num="425" count="5" type="stmt"/>
      <line num="428" count="5" type="stmt"/>
      <line num="429" count="5" type="stmt"/>
      <line num="434" count="25" type="cond" truecount="2" falsecount="0"/>
      <line num="435" count="1" type="stmt"/>
      <line num="436" count="1" type="stmt"/>
      <line num="439" count="4" type="stmt"/>
      <line num="445" count="4" type="cond" truecount="1" falsecount="1"/>
      <line num="451" count="14" type="stmt"/>
      <line num="452" count="588" type="stmt"/>
      <line num="453" count="588" type="cond" truecount="2" falsecount="0"/>
      <line num="454" count="2" type="stmt"/>
      <line num="457" count="2" type="stmt"/>
      <line num="458" count="2" type="cond" truecount="1" falsecount="1"/>
      <line num="463" count="14" type="cond" truecount="1" falsecount="1"/>
      <line num="467" count="0" type="stmt"/>
      <line num="468" count="0" type="stmt"/>
      <line num="471" count="14" type="cond" truecount="1" falsecount="1"/>
      <line num="475" count="0" type="stmt"/>
      <line num="476" count="0" type="stmt"/>
      <line num="480" count="14" type="stmt"/>
      <line num="488" count="14" type="cond" truecount="4" falsecount="0"/>
      <line num="489" count="12" type="cond" truecount="4" falsecount="0"/>
      <line num="490" count="9" type="stmt"/>
      <line num="494" count="14" type="stmt"/>
      <line num="497" count="14" type="stmt"/>
      <line num="506" count="14" type="cond" truecount="4" falsecount="0"/>
      <line num="507" count="6" type="stmt"/>
      <line num="510" count="14" type="cond" truecount="4" falsecount="0"/>
      <line num="511" count="2" type="stmt"/>
      <line num="514" count="14" type="cond" truecount="4" falsecount="0"/>
      <line num="515" count="1" type="stmt"/>
      <line num="518" count="14" type="cond" truecount="2" falsecount="0"/>
      <line num="523" count="2" type="stmt"/>
      <line num="527" count="14" type="stmt"/>
      <line num="528" count="56" type="stmt"/>
      <line num="529" count="462" type="cond" truecount="2" falsecount="0"/>
      <line num="530" count="12" type="stmt"/>
      <line num="536" count="104" type="stmt"/>
      <line num="541" count="10" type="stmt"/>
      <line num="544" count="10" type="stmt"/>
      <line num="547" count="10" type="stmt"/>
      <line num="549" count="10" type="cond" truecount="4" falsecount="1"/>
      <line num="551" count="5" type="stmt"/>
      <line num="553" count="1" type="stmt"/>
      <line num="555" count="0" type="stmt"/>
      <line num="558" count="1" type="stmt"/>
      <line num="560" count="3" type="stmt"/>
      <line num="565" count="10" type="stmt"/>
      <line num="566" count="10" type="stmt"/>
      <line num="567" count="10" type="stmt"/>
      <line num="569" count="10" type="stmt"/>
      <line num="570" count="10" type="stmt"/>
      <line num="574" count="0" type="stmt"/>
      <line num="575" count="0" type="stmt"/>
      <line num="576" count="0" type="cond" truecount="0" falsecount="2"/>
      <line num="577" count="0" type="stmt"/>
      <line num="579" count="0" type="stmt"/>
      <line num="586" count="10" type="stmt"/>
      <line num="587" count="10" type="cond" truecount="2" falsecount="0"/>
      <line num="589" count="10" type="cond" truecount="2" falsecount="0"/>
      <line num="592" count="10" type="stmt"/>
      <line num="593" count="10" type="stmt"/>
      <line num="598" count="4" type="cond" truecount="1" falsecount="2"/>
      <line num="600" count="0" type="stmt"/>
      <line num="602" count="0" type="stmt"/>
      <line num="604" count="4" type="stmt"/>
    </file>
    <file name="server.js" path="C:\Users\DREAM PC\brainbytes-multi-container\backend\server.js">
      <metrics statements="158" coveredstatements="34" conditionals="38" coveredconditionals="7" methods="23" coveredmethods="2"/>
      <line num="10" count="1" type="stmt"/>
      <line num="11" count="1" type="cond" truecount="2" falsecount="0"/>
      <line num="12" count="1" type="cond" truecount="2" falsecount="0"/>
      <line num="15" count="1" type="stmt"/>
      <line num="16" count="1" type="stmt"/>
      <line num="22" count="1" type="stmt"/>
      <line num="29" count="0" type="stmt"/>
      <line num="32" count="0" type="stmt"/>
      <line num="37" count="1" type="stmt"/>
      <line num="47" count="1" type="stmt"/>
      <line num="50" count="1" type="stmt"/>
      <line num="61" count="1" type="stmt"/>
      <line num="64" count="1" type="stmt"/>
      <line num="72" count="1" type="stmt"/>
      <line num="77" count="1" type="stmt"/>
      <line num="78" count="1" type="stmt"/>
      <line num="80" count="1" type="cond" truecount="2" falsecount="2"/>
      <line num="81" count="1" type="stmt"/>
      <line num="84" count="0" type="stmt"/>
      <line num="85" count="0" type="stmt"/>
      <line num="86" count="0" type="stmt"/>
      <line num="87" count="0" type="stmt"/>
      <line num="88" count="0" type="stmt"/>
      <line num="90" count="0" type="stmt"/>
      <line num="95" count="1" type="stmt"/>
      <line num="96" count="0" type="stmt"/>
      <line num="99" count="1" type="stmt"/>
      <line num="100" count="1" type="stmt"/>
      <line num="104" count="1" type="stmt"/>
      <line num="105" count="0" type="stmt"/>
      <line num="106" count="0" type="stmt"/>
      <line num="108" count="0" type="stmt"/>
      <line num="109" count="0" type="cond" truecount="0" falsecount="2"/>
      <line num="110" count="0" type="stmt"/>
      <line num="113" count="0" type="stmt"/>
      <line num="115" count="0" type="stmt"/>
      <line num="122" count="0" type="stmt"/>
      <line num="125" count="0" type="stmt"/>
      <line num="129" count="0" type="stmt"/>
      <line num="140" count="0" type="stmt"/>
      <line num="145" count="1" type="stmt"/>
      <line num="146" count="0" type="stmt"/>
      <line num="147" count="0" type="stmt"/>
      <line num="149" count="0" type="stmt"/>
      <line num="150" count="0" type="cond" truecount="0" falsecount="2"/>
      <line num="151" count="0" type="stmt"/>
      <line num="154" count="0" type="stmt"/>
      <line num="155" count="0" type="cond" truecount="0" falsecount="2"/>
      <line num="156" count="0" type="stmt"/>
      <line num="159" count="0" type="stmt"/>
      <line num="163" count="0" type="stmt"/>
      <line num="174" count="0" type="stmt"/>
      <line num="179" count="1" type="stmt"/>
      <line num="180" count="0" type="stmt"/>
      <line num="181" count="0" type="stmt"/>
      <line num="182" count="0" type="stmt"/>
      <line num="183" count="0" type="cond" truecount="0" falsecount="2"/>
      <line num="185" count="0" type="stmt"/>
      <line num="191" count="0" type="stmt"/>
      <line num="192" count="0" type="stmt"/>
      <line num="193" count="0" type="stmt"/>
      <line num="194" count="0" type="stmt"/>
      <line num="198" count="0" type="stmt"/>
      <line num="201" count="0" type="stmt"/>
      <line num="206" count="0" type="stmt"/>
      <line num="211" count="1" type="stmt"/>
      <line num="212" count="0" type="stmt"/>
      <line num="213" count="0" type="stmt"/>
      <line num="214" count="0" type="stmt"/>
      <line num="219" count="0" type="cond" truecount="0" falsecount="2"/>
      <line num="220" count="0" type="stmt"/>
      <line num="222" count="0" type="stmt"/>
      <line num="223" count="0" type="stmt"/>
      <line num="224" count="0" type="stmt"/>
      <line num="225" count="0" type="stmt"/>
      <line num="226" count="0" type="stmt"/>
      <line num="228" count="0" type="stmt"/>
      <line num="233" count="1" type="stmt"/>
      <line num="234" count="0" type="stmt"/>
      <line num="235" count="0" type="stmt"/>
      <line num="238" count="0" type="cond" truecount="0" falsecount="2"/>
      <line num="239" count="0" type="stmt"/>
      <line num="241" count="0" type="stmt"/>
      <line num="243" count="0" type="stmt"/>
      <line num="248" count="1" type="stmt"/>
      <line num="249" count="0" type="stmt"/>
      <line num="250" count="0" type="stmt"/>
      <line num="252" count="0" type="stmt"/>
      <line num="262" count="0" type="cond" truecount="0" falsecount="2"/>
      <line num="263" count="0" type="stmt"/>
      <line num="266" count="0" type="stmt"/>
      <line num="268" count="0" type="stmt"/>
      <line num="273" count="1" type="stmt"/>
      <line num="274" count="0" type="stmt"/>
      <line num="275" count="0" type="stmt"/>
      <line num="278" count="0" type="stmt"/>
      <line num="280" count="0" type="stmt"/>
      <line num="285" count="1" type="stmt"/>
      <line num="286" count="0" type="stmt"/>
      <line num="288" count="0" type="stmt"/>
      <line num="293" count="0" type="stmt"/>
      <line num="296" count="0" type="stmt"/>
      <line num="297" count="0" type="stmt"/>
      <line num="299" count="0" type="stmt"/>
      <line num="300" count="0" type="stmt"/>
      <line num="304" count="0" type="stmt"/>
      <line num="305" count="0" type="stmt"/>
      <line num="315" count="0" type="stmt"/>
      <line num="316" count="0" type="stmt"/>
      <line num="317" count="0" type="stmt"/>
      <line num="318" count="0" type="stmt"/>
      <line num="321" count="0" type="stmt"/>
      <line num="329" count="0" type="stmt"/>
      <line num="332" count="0" type="stmt"/>
      <line num="340" count="0" type="stmt"/>
      <line num="341" count="0" type="stmt"/>
      <line num="347" count="1" type="stmt"/>
      <line num="348" count="0" type="stmt"/>
      <line num="349" count="0" type="stmt"/>
      <line num="351" count="0" type="stmt"/>
      <line num="357" count="0" type="stmt"/>
      <line num="358" count="0" type="stmt"/>
      <line num="360" count="0" type="stmt"/>
      <line num="365" count="1" type="stmt"/>
      <line num="366" count="0" type="stmt"/>
      <line num="368" count="0" type="stmt"/>
      <line num="369" count="0" type="cond" truecount="0" falsecount="2"/>
      <line num="370" count="0" type="stmt"/>
      <line num="373" count="0" type="stmt"/>
      <line num="375" count="0" type="stmt"/>
      <line num="377" count="0" type="stmt"/>
      <line num="382" count="1" type="stmt"/>
      <line num="383" count="0" type="stmt"/>
      <line num="384" count="0" type="stmt"/>
      <line num="386" count="0" type="cond" truecount="0" falsecount="2"/>
      <line num="387" count="0" type="stmt"/>
      <line num="390" count="0" type="stmt"/>
      <line num="392" count="0" type="stmt"/>
      <line num="397" count="1" type="stmt"/>
      <line num="398" count="0" type="stmt"/>
      <line num="399" count="0" type="stmt"/>
      <line num="400" count="0" type="stmt"/>
      <line num="411" count="0" type="cond" truecount="0" falsecount="2"/>
      <line num="412" count="0" type="stmt"/>
      <line num="415" count="0" type="stmt"/>
      <line num="417" count="0" type="stmt"/>
      <line num="422" count="1" type="stmt"/>
      <line num="423" count="0" type="stmt"/>
      <line num="424" count="0" type="stmt"/>
      <line num="428" count="0" type="cond" truecount="0" falsecount="2"/>
      <line num="429" count="0" type="stmt"/>
      <line num="432" count="0" type="stmt"/>
      <line num="434" count="0" type="stmt"/>
      <line num="439" count="1" type="stmt"/>
      <line num="440" count="0" type="stmt"/>
      <line num="448" count="1" type="cond" truecount="1" falsecount="1"/>
      <line num="449" count="0" type="stmt"/>
      <line num="450" count="0" type="stmt"/>
    </file>
  </project>
</coverage>
