{"C:\\Users\\DREAM PC\\brainbytes-multi-container\\backend\\aiService.js": {"path":"C:\\Users\\DREAM PC\\brainbytes-multi-container\\backend\\aiService.js","statementMap":{"0":{"start":{"line":4,"column":17},"end":{"line":4,"column":72}},"1":{"start":{"line":7,"column":24},"end":{"line":141,"column":1}},"2":{"start":{"line":144,"column":22},"end":{"line":186,"column":1}},"3":{"start":{"line":189,"column":26},"end":{"line":276,"column":1}},"4":{"start":{"line":279,"column":23},"end":{"line":334,"column":1}},"5":{"start":{"line":338,"column":2},"end":{"line":342,"column":12}},"6":{"start":{"line":346,"column":16},"end":{"line":346,"column":38}},"7":{"start":{"line":348,"column":15},"end":{"line":356,"column":3}},"8":{"start":{"line":359,"column":2},"end":{"line":364,"column":3}},"9":{"start":{"line":363,"column":4},"end":{"line":363,"column":21}},"10":{"start":{"line":367,"column":23},"end":{"line":381,"column":3}},"11":{"start":{"line":383,"column":2},"end":{"line":385,"column":3}},"12":{"start":{"line":383,"column":34},"end":{"line":383,"column":54}},"13":{"start":{"line":384,"column":4},"end":{"line":384,"column":24}},"14":{"start":{"line":388,"column":2},"end":{"line":396,"column":3}},"15":{"start":{"line":389,"column":4},"end":{"line":395,"column":7}},"16":{"start":{"line":391,"column":20},"end":{"line":391,"column":69}},"17":{"start":{"line":392,"column":6},"end":{"line":394,"column":7}},"18":{"start":{"line":393,"column":8},"end":{"line":393,"column":25}},"19":{"start":{"line":399,"column":23},"end":{"line":401,"column":39}},"20":{"start":{"line":400,"column":20},"end":{"line":400,"column":31}},"21":{"start":{"line":401,"column":23},"end":{"line":401,"column":35}},"22":{"start":{"line":403,"column":2},"end":{"line":403,"column":52}},"23":{"start":{"line":407,"column":16},"end":{"line":407,"column":38}},"24":{"start":{"line":409,"column":2},"end":{"line":409,"column":49}},"25":{"start":{"line":412,"column":17},"end":{"line":412,"column":18}},"26":{"start":{"line":413,"column":17},"end":{"line":413,"column":18}},"27":{"start":{"line":414,"column":21},"end":{"line":414,"column":51}},"28":{"start":{"line":417,"column":20},"end":{"line":417,"column":74}},"29":{"start":{"line":420,"column":2},"end":{"line":448,"column":5}},"30":{"start":{"line":422,"column":18},"end":{"line":422,"column":64}},"31":{"start":{"line":423,"column":4},"end":{"line":447,"column":5}},"32":{"start":{"line":425,"column":6},"end":{"line":425,"column":39}},"33":{"start":{"line":428,"column":24},"end":{"line":428,"column":43}},"34":{"start":{"line":429,"column":28},"end":{"line":432,"column":7}},"35":{"start":{"line":434,"column":6},"end":{"line":446,"column":7}},"36":{"start":{"line":434,"column":34},"end":{"line":434,"column":61}},"37":{"start":{"line":435,"column":8},"end":{"line":435,"column":24}},"38":{"start":{"line":436,"column":8},"end":{"line":436,"column":55}},"39":{"start":{"line":439,"column":32},"end":{"line":444,"column":9}},"40":{"start":{"line":445,"column":8},"end":{"line":445,"column":59}},"41":{"start":{"line":451,"column":2},"end":{"line":460,"column":5}},"42":{"start":{"line":452,"column":18},"end":{"line":452,"column":64}},"43":{"start":{"line":453,"column":4},"end":{"line":459,"column":5}},"44":{"start":{"line":454,"column":6},"end":{"line":454,"column":39}},"45":{"start":{"line":457,"column":30},"end":{"line":457,"column":71}},"46":{"start":{"line":458,"column":6},"end":{"line":458,"column":57}},"47":{"start":{"line":463,"column":2},"end":{"line":469,"column":3}},"48":{"start":{"line":467,"column":4},"end":{"line":467,"column":18}},"49":{"start":{"line":468,"column":4},"end":{"line":468,"column":51}},"50":{"start":{"line":471,"column":2},"end":{"line":477,"column":3}},"51":{"start":{"line":475,"column":4},"end":{"line":475,"column":18}},"52":{"start":{"line":476,"column":4},"end":{"line":476,"column":53}},"53":{"start":{"line":480,"column":2},"end":{"line":485,"column":5}},"54":{"start":{"line":488,"column":2},"end":{"line":488,"column":62}},"55":{"start":{"line":488,"column":44},"end":{"line":488,"column":62}},"56":{"start":{"line":489,"column":2},"end":{"line":489,"column":62}},"57":{"start":{"line":489,"column":44},"end":{"line":489,"column":62}},"58":{"start":{"line":490,"column":2},"end":{"line":490,"column":19}},"59":{"start":{"line":494,"column":16},"end":{"line":494,"column":38}},"60":{"start":{"line":497,"column":15},"end":{"line":503,"column":3}},"61":{"start":{"line":506,"column":2},"end":{"line":508,"column":3}},"62":{"start":{"line":507,"column":4},"end":{"line":507,"column":27}},"63":{"start":{"line":510,"column":2},"end":{"line":512,"column":3}},"64":{"start":{"line":511,"column":4},"end":{"line":511,"column":28}},"65":{"start":{"line":514,"column":2},"end":{"line":516,"column":3}},"66":{"start":{"line":515,"column":4},"end":{"line":515,"column":24}},"67":{"start":{"line":518,"column":2},"end":{"line":524,"column":3}},"68":{"start":{"line":523,"column":4},"end":{"line":523,"column":28}},"69":{"start":{"line":527,"column":2},"end":{"line":533,"column":3}},"70":{"start":{"line":528,"column":4},"end":{"line":532,"column":7}},"71":{"start":{"line":529,"column":6},"end":{"line":531,"column":7}},"72":{"start":{"line":530,"column":8},"end":{"line":530,"column":26}},"73":{"start":{"line":536,"column":2},"end":{"line":536,"column":66}},"74":{"start":{"line":536,"column":47},"end":{"line":536,"column":58}},"75":{"start":{"line":541,"column":18},"end":{"line":541,"column":37}},"76":{"start":{"line":544,"column":2},"end":{"line":544,"column":52}},"77":{"start":{"line":547,"column":2},"end":{"line":547,"column":53}},"78":{"start":{"line":549,"column":2},"end":{"line":561,"column":3}},"79":{"start":{"line":551,"column":6},"end":{"line":551,"column":23}},"80":{"start":{"line":553,"column":6},"end":{"line":553,"column":23}},"81":{"start":{"line":555,"column":6},"end":{"line":555,"column":23}},"82":{"start":{"line":558,"column":6},"end":{"line":558,"column":23}},"83":{"start":{"line":560,"column":6},"end":{"line":560,"column":23}},"84":{"start":{"line":565,"column":19},"end":{"line":565,"column":43}},"85":{"start":{"line":566,"column":16},"end":{"line":566,"column":44}},"86":{"start":{"line":567,"column":20},"end":{"line":567,"column":45}},"87":{"start":{"line":569,"column":2},"end":{"line":594,"column":3}},"88":{"start":{"line":570,"column":16},"end":{"line":573,"column":6}},"89":{"start":{"line":574,"column":15},"end":{"line":574,"column":30}},"90":{"start":{"line":575,"column":4},"end":{"line":575,"column":31}},"91":{"start":{"line":576,"column":4},"end":{"line":578,"column":5}},"92":{"start":{"line":577,"column":6},"end":{"line":577,"column":48}},"93":{"start":{"line":579,"column":4},"end":{"line":584,"column":6}},"94":{"start":{"line":586,"column":4},"end":{"line":586,"column":38}},"95":{"start":{"line":587,"column":21},"end":{"line":587,"column":51}},"96":{"start":{"line":589,"column":6},"end":{"line":591,"column":38}},"97":{"start":{"line":592,"column":17},"end":{"line":592,"column":54}},"98":{"start":{"line":593,"column":4},"end":{"line":593,"column":72}},"99":{"start":{"line":598,"column":2},"end":{"line":605,"column":3}},"100":{"start":{"line":600,"column":6},"end":{"line":600,"column":74}},"101":{"start":{"line":602,"column":6},"end":{"line":602,"column":61}},"102":{"start":{"line":604,"column":6},"end":{"line":604,"column":66}}},"fnMap":{"0":{"name":"cleanMarkdown","decl":{"start":{"line":336,"column":9},"end":{"line":336,"column":22}},"loc":{"start":{"line":336,"column":29},"end":{"line":343,"column":1}},"line":336},"1":{"name":"detectCategory","decl":{"start":{"line":345,"column":9},"end":{"line":345,"column":23}},"loc":{"start":{"line":345,"column":34},"end":{"line":404,"column":1}},"line":345},"2":{"name":"(anonymous_2)","decl":{"start":{"line":383,"column":24},"end":{"line":383,"column":25}},"loc":{"start":{"line":383,"column":34},"end":{"line":383,"column":54}},"line":383},"3":{"name":"(anonymous_3)","decl":{"start":{"line":389,"column":16},"end":{"line":389,"column":17}},"loc":{"start":{"line":389,"column":29},"end":{"line":395,"column":5}},"line":389},"4":{"name":"(anonymous_4)","decl":{"start":{"line":400,"column":10},"end":{"line":400,"column":11}},"loc":{"start":{"line":400,"column":20},"end":{"line":400,"column":31}},"line":400},"5":{"name":"(anonymous_5)","decl":{"start":{"line":401,"column":12},"end":{"line":401,"column":13}},"loc":{"start":{"line":401,"column":23},"end":{"line":401,"column":35}},"line":401},"6":{"name":"detectSentiment","decl":{"start":{"line":406,"column":9},"end":{"line":406,"column":24}},"loc":{"start":{"line":406,"column":35},"end":{"line":491,"column":1}},"line":406},"7":{"name":"(anonymous_7)","decl":{"start":{"line":420,"column":37},"end":{"line":420,"column":38}},"loc":{"start":{"line":420,"column":47},"end":{"line":448,"column":3}},"line":420},"8":{"name":"(anonymous_8)","decl":{"start":{"line":434,"column":25},"end":{"line":434,"column":26}},"loc":{"start":{"line":434,"column":34},"end":{"line":434,"column":61}},"line":434},"9":{"name":"(anonymous_9)","decl":{"start":{"line":451,"column":37},"end":{"line":451,"column":38}},"loc":{"start":{"line":451,"column":47},"end":{"line":460,"column":3}},"line":451},"10":{"name":"detectQuestionType","decl":{"start":{"line":493,"column":9},"end":{"line":493,"column":27}},"loc":{"start":{"line":493,"column":38},"end":{"line":537,"column":1}},"line":493},"11":{"name":"(anonymous_11)","decl":{"start":{"line":528,"column":21},"end":{"line":528,"column":22}},"loc":{"start":{"line":528,"column":34},"end":{"line":532,"column":5}},"line":528},"12":{"name":"(anonymous_12)","decl":{"start":{"line":536,"column":37},"end":{"line":536,"column":38}},"loc":{"start":{"line":536,"column":47},"end":{"line":536,"column":58}},"line":536},"13":{"name":"formatResponseByType","decl":{"start":{"line":539,"column":9},"end":{"line":539,"column":29}},"loc":{"start":{"line":539,"column":42},"end":{"line":562,"column":1}},"line":539},"14":{"name":"generateResponse","decl":{"start":{"line":564,"column":15},"end":{"line":564,"column":31}},"loc":{"start":{"line":564,"column":42},"end":{"line":595,"column":1}},"line":564},"15":{"name":"getDefaultFallback","decl":{"start":{"line":597,"column":9},"end":{"line":597,"column":27}},"loc":{"start":{"line":597,"column":38},"end":{"line":606,"column":1}},"line":597}},"branchMap":{"0":{"loc":{"start":{"line":359,"column":2},"end":{"line":364,"column":3}},"type":"if","locations":[{"start":{"line":359,"column":2},"end":{"line":364,"column":3}},{"start":{},"end":{}}],"line":359},"1":{"loc":{"start":{"line":360,"column":4},"end":{"line":361,"column":58}},"type":"binary-expr","locations":[{"start":{"line":360,"column":5},"end":{"line":360,"column":29}},{"start":{"line":360,"column":33},"end":{"line":360,"column":50}},{"start":{"line":361,"column":4},"end":{"line":361,"column":58}}],"line":360},"2":{"loc":{"start":{"line":383,"column":2},"end":{"line":385,"column":3}},"type":"if","locations":[{"start":{"line":383,"column":2},"end":{"line":385,"column":3}},{"start":{},"end":{}}],"line":383},"3":{"loc":{"start":{"line":392,"column":6},"end":{"line":394,"column":7}},"type":"if","locations":[{"start":{"line":392,"column":6},"end":{"line":394,"column":7}},{"start":{},"end":{}}],"line":392},"4":{"loc":{"start":{"line":403,"column":9},"end":{"line":403,"column":51}},"type":"cond-expr","locations":[{"start":{"line":403,"column":24},"end":{"line":403,"column":39}},{"start":{"line":403,"column":42},"end":{"line":403,"column":51}}],"line":403},"5":{"loc":{"start":{"line":423,"column":4},"end":{"line":447,"column":5}},"type":"if","locations":[{"start":{"line":423,"column":4},"end":{"line":447,"column":5}},{"start":{},"end":{}}],"line":423},"6":{"loc":{"start":{"line":434,"column":6},"end":{"line":446,"column":7}},"type":"if","locations":[{"start":{"line":434,"column":6},"end":{"line":446,"column":7}},{"start":{"line":437,"column":13},"end":{"line":446,"column":7}}],"line":434},"7":{"loc":{"start":{"line":445,"column":20},"end":{"line":445,"column":58}},"type":"cond-expr","locations":[{"start":{"line":445,"column":53},"end":{"line":445,"column":54}},{"start":{"line":445,"column":57},"end":{"line":445,"column":58}}],"line":445},"8":{"loc":{"start":{"line":453,"column":4},"end":{"line":459,"column":5}},"type":"if","locations":[{"start":{"line":453,"column":4},"end":{"line":459,"column":5}},{"start":{},"end":{}}],"line":453},"9":{"loc":{"start":{"line":458,"column":18},"end":{"line":458,"column":56}},"type":"cond-expr","locations":[{"start":{"line":458,"column":51},"end":{"line":458,"column":52}},{"start":{"line":458,"column":55},"end":{"line":458,"column":56}}],"line":458},"10":{"loc":{"start":{"line":463,"column":2},"end":{"line":469,"column":3}},"type":"if","locations":[{"start":{"line":463,"column":2},"end":{"line":469,"column":3}},{"start":{},"end":{}}],"line":463},"11":{"loc":{"start":{"line":464,"column":4},"end":{"line":465,"column":39}},"type":"binary-expr","locations":[{"start":{"line":464,"column":4},"end":{"line":464,"column":39}},{"start":{"line":465,"column":4},"end":{"line":465,"column":39}}],"line":464},"12":{"loc":{"start":{"line":471,"column":2},"end":{"line":477,"column":3}},"type":"if","locations":[{"start":{"line":471,"column":2},"end":{"line":477,"column":3}},{"start":{},"end":{}}],"line":471},"13":{"loc":{"start":{"line":472,"column":4},"end":{"line":473,"column":37}},"type":"binary-expr","locations":[{"start":{"line":472,"column":4},"end":{"line":472,"column":44}},{"start":{"line":473,"column":4},"end":{"line":473,"column":37}}],"line":472},"14":{"loc":{"start":{"line":488,"column":2},"end":{"line":488,"column":62}},"type":"if","locations":[{"start":{"line":488,"column":2},"end":{"line":488,"column":62}},{"start":{},"end":{}}],"line":488},"15":{"loc":{"start":{"line":488,"column":6},"end":{"line":488,"column":42}},"type":"binary-expr","locations":[{"start":{"line":488,"column":6},"end":{"line":488,"column":25}},{"start":{"line":488,"column":29},"end":{"line":488,"column":42}}],"line":488},"16":{"loc":{"start":{"line":489,"column":2},"end":{"line":489,"column":62}},"type":"if","locations":[{"start":{"line":489,"column":2},"end":{"line":489,"column":62}},{"start":{},"end":{}}],"line":489},"17":{"loc":{"start":{"line":489,"column":6},"end":{"line":489,"column":42}},"type":"binary-expr","locations":[{"start":{"line":489,"column":6},"end":{"line":489,"column":25}},{"start":{"line":489,"column":29},"end":{"line":489,"column":42}}],"line":489},"18":{"loc":{"start":{"line":506,"column":2},"end":{"line":508,"column":3}},"type":"if","locations":[{"start":{"line":506,"column":2},"end":{"line":508,"column":3}},{"start":{},"end":{}}],"line":506},"19":{"loc":{"start":{"line":506,"column":6},"end":{"line":506,"column":63}},"type":"binary-expr","locations":[{"start":{"line":506,"column":6},"end":{"line":506,"column":33}},{"start":{"line":506,"column":37},"end":{"line":506,"column":63}}],"line":506},"20":{"loc":{"start":{"line":510,"column":2},"end":{"line":512,"column":3}},"type":"if","locations":[{"start":{"line":510,"column":2},"end":{"line":512,"column":3}},{"start":{},"end":{}}],"line":510},"21":{"loc":{"start":{"line":510,"column":6},"end":{"line":510,"column":61}},"type":"binary-expr","locations":[{"start":{"line":510,"column":6},"end":{"line":510,"column":29}},{"start":{"line":510,"column":33},"end":{"line":510,"column":61}}],"line":510},"22":{"loc":{"start":{"line":514,"column":2},"end":{"line":516,"column":3}},"type":"if","locations":[{"start":{"line":514,"column":2},"end":{"line":516,"column":3}},{"start":{},"end":{}}],"line":514},"23":{"loc":{"start":{"line":514,"column":6},"end":{"line":514,"column":64}},"type":"binary-expr","locations":[{"start":{"line":514,"column":6},"end":{"line":514,"column":31}},{"start":{"line":514,"column":35},"end":{"line":514,"column":64}}],"line":514},"24":{"loc":{"start":{"line":518,"column":2},"end":{"line":524,"column":3}},"type":"if","locations":[{"start":{"line":518,"column":2},"end":{"line":524,"column":3}},{"start":{},"end":{}}],"line":518},"25":{"loc":{"start":{"line":519,"column":4},"end":{"line":521,"column":48}},"type":"binary-expr","locations":[{"start":{"line":519,"column":4},"end":{"line":519,"column":33}},{"start":{"line":520,"column":4},"end":{"line":520,"column":31}},{"start":{"line":521,"column":4},"end":{"line":521,"column":48}}],"line":519},"26":{"loc":{"start":{"line":529,"column":6},"end":{"line":531,"column":7}},"type":"if","locations":[{"start":{"line":529,"column":6},"end":{"line":531,"column":7}},{"start":{},"end":{}}],"line":529},"27":{"loc":{"start":{"line":549,"column":2},"end":{"line":561,"column":3}},"type":"switch","locations":[{"start":{"line":550,"column":4},"end":{"line":551,"column":23}},{"start":{"line":552,"column":4},"end":{"line":553,"column":23}},{"start":{"line":554,"column":4},"end":{"line":555,"column":23}},{"start":{"line":556,"column":4},"end":{"line":558,"column":23}},{"start":{"line":559,"column":4},"end":{"line":560,"column":23}}],"line":549},"28":{"loc":{"start":{"line":576,"column":4},"end":{"line":578,"column":5}},"type":"if","locations":[{"start":{"line":576,"column":4},"end":{"line":578,"column":5}},{"start":{},"end":{}}],"line":576},"29":{"loc":{"start":{"line":587,"column":21},"end":{"line":587,"column":51}},"type":"binary-expr","locations":[{"start":{"line":587,"column":21},"end":{"line":587,"column":45}},{"start":{"line":587,"column":49},"end":{"line":587,"column":51}}],"line":587},"30":{"loc":{"start":{"line":589,"column":6},"end":{"line":591,"column":38}},"type":"cond-expr","locations":[{"start":{"line":590,"column":10},"end":{"line":590,"column":65}},{"start":{"line":591,"column":10},"end":{"line":591,"column":38}}],"line":589},"31":{"loc":{"start":{"line":598,"column":2},"end":{"line":605,"column":3}},"type":"switch","locations":[{"start":{"line":599,"column":4},"end":{"line":600,"column":74}},{"start":{"line":601,"column":4},"end":{"line":602,"column":61}},{"start":{"line":603,"column":4},"end":{"line":604,"column":66}}],"line":598}},"s":{"0":3,"1":3,"2":3,"3":3,"4":3,"5":10,"6":14,"7":14,"8":14,"9":3,"10":14,"11":14,"12":158,"13":2,"14":14,"15":84,"16":1694,"17":1694,"18":6,"19":14,"20":116,"21":98,"22":14,"23":14,"24":14,"25":14,"26":14,"27":14,"28":14,"29":14,"30":560,"31":560,"32":5,"33":5,"34":5,"35":5,"36":25,"37":1,"38":1,"39":4,"40":4,"41":14,"42":588,"43":588,"44":2,"45":2,"46":2,"47":14,"48":0,"49":0,"50":14,"51":0,"52":0,"53":14,"54":14,"55":2,"56":12,"57":3,"58":9,"59":14,"60":14,"61":14,"62":6,"63":14,"64":2,"65":14,"66":1,"67":14,"68":2,"69":14,"70":56,"71":462,"72":12,"73":14,"74":104,"75":10,"76":10,"77":10,"78":10,"79":5,"80":1,"81":0,"82":1,"83":3,"84":10,"85":10,"86":10,"87":10,"88":10,"89":0,"90":0,"91":0,"92":0,"93":0,"94":10,"95":10,"96":10,"97":10,"98":10,"99":4,"100":0,"101":0,"102":4},"f":{"0":10,"1":14,"2":158,"3":1694,"4":116,"5":98,"6":14,"7":560,"8":25,"9":588,"10":14,"11":462,"12":104,"13":10,"14":10,"15":4},"b":{"0":[3,11],"1":[14,2,12],"2":[2,12],"3":[6,1688],"4":[9,5],"5":[5,555],"6":[1,4],"7":[0,4],"8":[2,586],"9":[0,2],"10":[0,14],"11":[14,14],"12":[0,14],"13":[14,14],"14":[2,12],"15":[14,2],"16":[3,9],"17":[12,3],"18":[6,8],"19":[14,8],"20":[2,12],"21":[14,12],"22":[1,13],"23":[14,13],"24":[2,12],"25":[14,12,12],"26":[12,450],"27":[5,1,0,1,3],"28":[0,0],"29":[10,4],"30":[6,4],"31":[0,0,4]},"inputSourceMap":null,"_coverageSchema":"1a1c01bbd47fc00a2c39e90264f33305004495a9","hash":"b32c0dc7efb00a17aef5f457f1683cb1e37a7573"}
,"C:\\Users\\DREAM PC\\brainbytes-multi-container\\backend\\server.js": {"path":"C:\\Users\\DREAM PC\\brainbytes-multi-container\\backend\\server.js","statementMap":{"0":{"start":{"line":10,"column":12},"end":{"line":10,"column":21}},"1":{"start":{"line":11,"column":13},"end":{"line":11,"column":37}},"2":{"start":{"line":12,"column":19},"end":{"line":12,"column":58}},"3":{"start":{"line":15,"column":0},"end":{"line":15,"column":16}},"4":{"start":{"line":16,"column":0},"end":{"line":16,"column":24}},"5":{"start":{"line":22,"column":0},"end":{"line":33,"column":5}},"6":{"start":{"line":29,"column":4},"end":{"line":29,"column":40}},"7":{"start":{"line":32,"column":4},"end":{"line":32,"column":56}},"8":{"start":{"line":37,"column":22},"end":{"line":45,"column":2}},"9":{"start":{"line":47,"column":16},"end":{"line":47,"column":56}},"10":{"start":{"line":50,"column":26},"end":{"line":59,"column":2}},"11":{"start":{"line":61,"column":20},"end":{"line":61,"column":68}},"12":{"start":{"line":64,"column":31},"end":{"line":70,"column":2}},"13":{"start":{"line":72,"column":25},"end":{"line":75,"column":1}},"14":{"start":{"line":77,"column":23},"end":{"line":92,"column":1}},"15":{"start":{"line":78,"column":21},"end":{"line":78,"column":46}},"16":{"start":{"line":80,"column":2},"end":{"line":82,"column":3}},"17":{"start":{"line":81,"column":4},"end":{"line":81,"column":59}},"18":{"start":{"line":84,"column":2},"end":{"line":91,"column":3}},"19":{"start":{"line":85,"column":18},"end":{"line":85,"column":42}},"20":{"start":{"line":86,"column":20},"end":{"line":86,"column":49}},"21":{"start":{"line":87,"column":4},"end":{"line":87,"column":23}},"22":{"start":{"line":88,"column":4},"end":{"line":88,"column":11}},"23":{"start":{"line":90,"column":4},"end":{"line":90,"column":53}},"24":{"start":{"line":95,"column":0},"end":{"line":97,"column":3}},"25":{"start":{"line":96,"column":2},"end":{"line":96,"column":71}},"26":{"start":{"line":99,"column":0},"end":{"line":101,"column":3}},"27":{"start":{"line":100,"column":2},"end":{"line":100,"column":57}},"28":{"start":{"line":104,"column":0},"end":{"line":142,"column":3}},"29":{"start":{"line":105,"column":2},"end":{"line":141,"column":3}},"30":{"start":{"line":106,"column":57},"end":{"line":106,"column":65}},"31":{"start":{"line":108,"column":25},"end":{"line":108,"column":61}},"32":{"start":{"line":109,"column":4},"end":{"line":111,"column":5}},"33":{"start":{"line":110,"column":6},"end":{"line":110,"column":73}},"34":{"start":{"line":113,"column":27},"end":{"line":113,"column":58}},"35":{"start":{"line":115,"column":20},"end":{"line":120,"column":6}},"36":{"start":{"line":122,"column":4},"end":{"line":122,"column":25}},"37":{"start":{"line":125,"column":18},"end":{"line":127,"column":6}},"38":{"start":{"line":129,"column":4},"end":{"line":138,"column":7}},"39":{"start":{"line":140,"column":4},"end":{"line":140,"column":49}},"40":{"start":{"line":145,"column":0},"end":{"line":176,"column":3}},"41":{"start":{"line":146,"column":2},"end":{"line":175,"column":3}},"42":{"start":{"line":147,"column":32},"end":{"line":147,"column":40}},"43":{"start":{"line":149,"column":17},"end":{"line":149,"column":53}},"44":{"start":{"line":150,"column":4},"end":{"line":152,"column":5}},"45":{"start":{"line":151,"column":6},"end":{"line":151,"column":74}},"46":{"start":{"line":154,"column":20},"end":{"line":154,"column":65}},"47":{"start":{"line":155,"column":4},"end":{"line":157,"column":5}},"48":{"start":{"line":156,"column":6},"end":{"line":156,"column":74}},"49":{"start":{"line":159,"column":18},"end":{"line":161,"column":6}},"50":{"start":{"line":163,"column":4},"end":{"line":172,"column":7}},"51":{"start":{"line":174,"column":4},"end":{"line":174,"column":49}},"52":{"start":{"line":179,"column":0},"end":{"line":208,"column":3}},"53":{"start":{"line":180,"column":2},"end":{"line":207,"column":3}},"54":{"start":{"line":181,"column":22},"end":{"line":181,"column":30}},"55":{"start":{"line":182,"column":17},"end":{"line":182,"column":53}},"56":{"start":{"line":183,"column":4},"end":{"line":188,"column":5}},"57":{"start":{"line":185,"column":6},"end":{"line":187,"column":9}},"58":{"start":{"line":191,"column":18},"end":{"line":191,"column":56}},"59":{"start":{"line":192,"column":4},"end":{"line":192,"column":36}},"60":{"start":{"line":193,"column":4},"end":{"line":193,"column":60}},"61":{"start":{"line":194,"column":4},"end":{"line":194,"column":22}},"62":{"start":{"line":198,"column":22},"end":{"line":200,"column":7}},"63":{"start":{"line":201,"column":4},"end":{"line":204,"column":7}},"64":{"start":{"line":206,"column":4},"end":{"line":206,"column":49}},"65":{"start":{"line":211,"column":0},"end":{"line":230,"column":3}},"66":{"start":{"line":212,"column":2},"end":{"line":229,"column":3}},"67":{"start":{"line":213,"column":39},"end":{"line":213,"column":47}},"68":{"start":{"line":214,"column":17},"end":{"line":218,"column":6}},"69":{"start":{"line":219,"column":4},"end":{"line":221,"column":5}},"70":{"start":{"line":220,"column":6},"end":{"line":220,"column":74}},"71":{"start":{"line":222,"column":4},"end":{"line":222,"column":52}},"72":{"start":{"line":223,"column":4},"end":{"line":223,"column":40}},"73":{"start":{"line":224,"column":4},"end":{"line":224,"column":42}},"74":{"start":{"line":225,"column":4},"end":{"line":225,"column":22}},"75":{"start":{"line":226,"column":4},"end":{"line":226,"column":67}},"76":{"start":{"line":228,"column":4},"end":{"line":228,"column":49}},"77":{"start":{"line":233,"column":0},"end":{"line":245,"column":3}},"78":{"start":{"line":234,"column":2},"end":{"line":244,"column":3}},"79":{"start":{"line":235,"column":17},"end":{"line":237,"column":5}},"80":{"start":{"line":238,"column":4},"end":{"line":240,"column":5}},"81":{"start":{"line":239,"column":6},"end":{"line":239,"column":63}},"82":{"start":{"line":241,"column":4},"end":{"line":241,"column":19}},"83":{"start":{"line":243,"column":4},"end":{"line":243,"column":49}},"84":{"start":{"line":248,"column":0},"end":{"line":270,"column":3}},"85":{"start":{"line":249,"column":2},"end":{"line":269,"column":3}},"86":{"start":{"line":250,"column":40},"end":{"line":250,"column":48}},"87":{"start":{"line":252,"column":24},"end":{"line":260,"column":25}},"88":{"start":{"line":262,"column":4},"end":{"line":264,"column":5}},"89":{"start":{"line":263,"column":6},"end":{"line":263,"column":63}},"90":{"start":{"line":266,"column":4},"end":{"line":266,"column":26}},"91":{"start":{"line":268,"column":4},"end":{"line":268,"column":49}},"92":{"start":{"line":273,"column":0},"end":{"line":282,"column":3}},"93":{"start":{"line":274,"column":2},"end":{"line":281,"column":3}},"94":{"start":{"line":275,"column":21},"end":{"line":277,"column":6}},"95":{"start":{"line":278,"column":4},"end":{"line":278,"column":23}},"96":{"start":{"line":280,"column":4},"end":{"line":280,"column":49}},"97":{"start":{"line":285,"column":0},"end":{"line":343,"column":3}},"98":{"start":{"line":286,"column":2},"end":{"line":342,"column":3}},"99":{"start":{"line":288,"column":24},"end":{"line":292,"column":6}},"100":{"start":{"line":293,"column":4},"end":{"line":293,"column":29}},"101":{"start":{"line":296,"column":27},"end":{"line":298,"column":5}},"102":{"start":{"line":297,"column":6},"end":{"line":297,"column":67}},"103":{"start":{"line":297,"column":23},"end":{"line":297,"column":59}},"104":{"start":{"line":299,"column":28},"end":{"line":299,"column":59}},"105":{"start":{"line":300,"column":21},"end":{"line":312,"column":6}},"106":{"start":{"line":304,"column":6},"end":{"line":304,"column":63}},"107":{"start":{"line":305,"column":6},"end":{"line":311,"column":8}},"108":{"start":{"line":315,"column":4},"end":{"line":315,"column":45}},"109":{"start":{"line":316,"column":4},"end":{"line":316,"column":53}},"110":{"start":{"line":317,"column":4},"end":{"line":317,"column":47}},"111":{"start":{"line":318,"column":4},"end":{"line":318,"column":29}},"112":{"start":{"line":321,"column":22},"end":{"line":328,"column":6}},"113":{"start":{"line":329,"column":4},"end":{"line":329,"column":27}},"114":{"start":{"line":332,"column":4},"end":{"line":338,"column":7}},"115":{"start":{"line":340,"column":4},"end":{"line":340,"column":56}},"116":{"start":{"line":341,"column":4},"end":{"line":341,"column":49}},"117":{"start":{"line":347,"column":0},"end":{"line":362,"column":3}},"118":{"start":{"line":348,"column":2},"end":{"line":361,"column":3}},"119":{"start":{"line":349,"column":40},"end":{"line":349,"column":48}},"120":{"start":{"line":351,"column":21},"end":{"line":355,"column":6}},"121":{"start":{"line":357,"column":4},"end":{"line":357,"column":26}},"122":{"start":{"line":358,"column":4},"end":{"line":358,"column":35}},"123":{"start":{"line":360,"column":4},"end":{"line":360,"column":49}},"124":{"start":{"line":365,"column":0},"end":{"line":379,"column":3}},"125":{"start":{"line":366,"column":2},"end":{"line":378,"column":3}},"126":{"start":{"line":368,"column":19},"end":{"line":368,"column":21}},"127":{"start":{"line":369,"column":4},"end":{"line":371,"column":5}},"128":{"start":{"line":370,"column":6},"end":{"line":370,"column":41}},"129":{"start":{"line":373,"column":22},"end":{"line":373,"column":57}},"130":{"start":{"line":375,"column":4},"end":{"line":375,"column":24}},"131":{"start":{"line":377,"column":4},"end":{"line":377,"column":49}},"132":{"start":{"line":382,"column":0},"end":{"line":394,"column":3}},"133":{"start":{"line":383,"column":2},"end":{"line":393,"column":3}},"134":{"start":{"line":384,"column":21},"end":{"line":384,"column":67}},"135":{"start":{"line":386,"column":4},"end":{"line":388,"column":5}},"136":{"start":{"line":387,"column":6},"end":{"line":387,"column":76}},"137":{"start":{"line":390,"column":4},"end":{"line":390,"column":23}},"138":{"start":{"line":392,"column":4},"end":{"line":392,"column":49}},"139":{"start":{"line":397,"column":0},"end":{"line":419,"column":3}},"140":{"start":{"line":398,"column":2},"end":{"line":418,"column":3}},"141":{"start":{"line":399,"column":40},"end":{"line":399,"column":48}},"142":{"start":{"line":400,"column":28},"end":{"line":409,"column":5}},"143":{"start":{"line":411,"column":4},"end":{"line":413,"column":5}},"144":{"start":{"line":412,"column":6},"end":{"line":412,"column":76}},"145":{"start":{"line":415,"column":4},"end":{"line":415,"column":30}},"146":{"start":{"line":417,"column":4},"end":{"line":417,"column":49}},"147":{"start":{"line":422,"column":0},"end":{"line":436,"column":3}},"148":{"start":{"line":423,"column":2},"end":{"line":435,"column":3}},"149":{"start":{"line":424,"column":28},"end":{"line":426,"column":5}},"150":{"start":{"line":428,"column":4},"end":{"line":430,"column":5}},"151":{"start":{"line":429,"column":6},"end":{"line":429,"column":76}},"152":{"start":{"line":432,"column":4},"end":{"line":432,"column":68}},"153":{"start":{"line":434,"column":4},"end":{"line":434,"column":49}},"154":{"start":{"line":439,"column":0},"end":{"line":445,"column":3}},"155":{"start":{"line":440,"column":2},"end":{"line":444,"column":5}},"156":{"start":{"line":448,"column":0},"end":{"line":452,"column":1}},"157":{"start":{"line":449,"column":2},"end":{"line":451,"column":5}},"158":{"start":{"line":450,"column":4},"end":{"line":450,"column":50}}},"fnMap":{"0":{"name":"(anonymous_0)","decl":{"start":{"line":28,"column":8},"end":{"line":28,"column":9}},"loc":{"start":{"line":28,"column":14},"end":{"line":30,"column":3}},"line":28},"1":{"name":"(anonymous_1)","decl":{"start":{"line":31,"column":9},"end":{"line":31,"column":10}},"loc":{"start":{"line":31,"column":18},"end":{"line":33,"column":3}},"line":31},"2":{"name":"(anonymous_2)","decl":{"start":{"line":77,"column":23},"end":{"line":77,"column":24}},"loc":{"start":{"line":77,"column":43},"end":{"line":92,"column":1}},"line":77},"3":{"name":"(anonymous_3)","decl":{"start":{"line":95,"column":42},"end":{"line":95,"column":43}},"loc":{"start":{"line":95,"column":56},"end":{"line":97,"column":1}},"line":95},"4":{"name":"(anonymous_4)","decl":{"start":{"line":99,"column":13},"end":{"line":99,"column":14}},"loc":{"start":{"line":99,"column":27},"end":{"line":101,"column":1}},"line":99},"5":{"name":"(anonymous_5)","decl":{"start":{"line":104,"column":31},"end":{"line":104,"column":32}},"loc":{"start":{"line":104,"column":51},"end":{"line":142,"column":1}},"line":104},"6":{"name":"(anonymous_6)","decl":{"start":{"line":145,"column":28},"end":{"line":145,"column":29}},"loc":{"start":{"line":145,"column":48},"end":{"line":176,"column":1}},"line":145},"7":{"name":"(anonymous_7)","decl":{"start":{"line":179,"column":38},"end":{"line":179,"column":39}},"loc":{"start":{"line":179,"column":58},"end":{"line":208,"column":1}},"line":179},"8":{"name":"(anonymous_8)","decl":{"start":{"line":211,"column":37},"end":{"line":211,"column":38}},"loc":{"start":{"line":211,"column":57},"end":{"line":230,"column":1}},"line":211},"9":{"name":"(anonymous_9)","decl":{"start":{"line":233,"column":45},"end":{"line":233,"column":46}},"loc":{"start":{"line":233,"column":65},"end":{"line":245,"column":1}},"line":233},"10":{"name":"(anonymous_10)","decl":{"start":{"line":248,"column":45},"end":{"line":248,"column":46}},"loc":{"start":{"line":248,"column":65},"end":{"line":270,"column":1}},"line":248},"11":{"name":"(anonymous_11)","decl":{"start":{"line":273,"column":41},"end":{"line":273,"column":42}},"loc":{"start":{"line":273,"column":61},"end":{"line":282,"column":1}},"line":273},"12":{"name":"(anonymous_12)","decl":{"start":{"line":285,"column":42},"end":{"line":285,"column":43}},"loc":{"start":{"line":285,"column":62},"end":{"line":343,"column":1}},"line":285},"13":{"name":"(anonymous_13)","decl":{"start":{"line":296,"column":39},"end":{"line":296,"column":40}},"loc":{"start":{"line":297,"column":6},"end":{"line":297,"column":67}},"line":297},"14":{"name":"(anonymous_14)","decl":{"start":{"line":297,"column":17},"end":{"line":297,"column":18}},"loc":{"start":{"line":297,"column":23},"end":{"line":297,"column":59}},"line":297},"15":{"name":"(anonymous_15)","decl":{"start":{"line":303,"column":13},"end":{"line":303,"column":14}},"loc":{"start":{"line":303,"column":24},"end":{"line":312,"column":5}},"line":303},"16":{"name":"(anonymous_16)","decl":{"start":{"line":347,"column":27},"end":{"line":347,"column":28}},"loc":{"start":{"line":347,"column":47},"end":{"line":362,"column":1}},"line":347},"17":{"name":"(anonymous_17)","decl":{"start":{"line":365,"column":26},"end":{"line":365,"column":27}},"loc":{"start":{"line":365,"column":46},"end":{"line":379,"column":1}},"line":365},"18":{"name":"(anonymous_18)","decl":{"start":{"line":382,"column":30},"end":{"line":382,"column":31}},"loc":{"start":{"line":382,"column":50},"end":{"line":394,"column":1}},"line":382},"19":{"name":"(anonymous_19)","decl":{"start":{"line":397,"column":30},"end":{"line":397,"column":31}},"loc":{"start":{"line":397,"column":50},"end":{"line":419,"column":1}},"line":397},"20":{"name":"(anonymous_20)","decl":{"start":{"line":422,"column":33},"end":{"line":422,"column":34}},"loc":{"start":{"line":422,"column":53},"end":{"line":436,"column":1}},"line":422},"21":{"name":"(anonymous_21)","decl":{"start":{"line":439,"column":23},"end":{"line":439,"column":24}},"loc":{"start":{"line":439,"column":37},"end":{"line":445,"column":1}},"line":439},"22":{"name":"(anonymous_22)","decl":{"start":{"line":449,"column":19},"end":{"line":449,"column":20}},"loc":{"start":{"line":449,"column":25},"end":{"line":451,"column":3}},"line":449}},"branchMap":{"0":{"loc":{"start":{"line":11,"column":13},"end":{"line":11,"column":37}},"type":"binary-expr","locations":[{"start":{"line":11,"column":13},"end":{"line":11,"column":29}},{"start":{"line":11,"column":33},"end":{"line":11,"column":37}}],"line":11},"1":{"loc":{"start":{"line":12,"column":19},"end":{"line":12,"column":58}},"type":"binary-expr","locations":[{"start":{"line":12,"column":19},"end":{"line":12,"column":41}},{"start":{"line":12,"column":45},"end":{"line":12,"column":58}}],"line":12},"2":{"loc":{"start":{"line":80,"column":2},"end":{"line":82,"column":3}},"type":"if","locations":[{"start":{"line":80,"column":2},"end":{"line":82,"column":3}},{"start":{},"end":{}}],"line":80},"3":{"loc":{"start":{"line":80,"column":6},"end":{"line":80,"column":54}},"type":"binary-expr","locations":[{"start":{"line":80,"column":6},"end":{"line":80,"column":17}},{"start":{"line":80,"column":21},"end":{"line":80,"column":54}}],"line":80},"4":{"loc":{"start":{"line":109,"column":4},"end":{"line":111,"column":5}},"type":"if","locations":[{"start":{"line":109,"column":4},"end":{"line":111,"column":5}},{"start":{},"end":{}}],"line":109},"5":{"loc":{"start":{"line":150,"column":4},"end":{"line":152,"column":5}},"type":"if","locations":[{"start":{"line":150,"column":4},"end":{"line":152,"column":5}},{"start":{},"end":{}}],"line":150},"6":{"loc":{"start":{"line":155,"column":4},"end":{"line":157,"column":5}},"type":"if","locations":[{"start":{"line":155,"column":4},"end":{"line":157,"column":5}},{"start":{},"end":{}}],"line":155},"7":{"loc":{"start":{"line":183,"column":4},"end":{"line":188,"column":5}},"type":"if","locations":[{"start":{"line":183,"column":4},"end":{"line":188,"column":5}},{"start":{},"end":{}}],"line":183},"8":{"loc":{"start":{"line":219,"column":4},"end":{"line":221,"column":5}},"type":"if","locations":[{"start":{"line":219,"column":4},"end":{"line":221,"column":5}},{"start":{},"end":{}}],"line":219},"9":{"loc":{"start":{"line":238,"column":4},"end":{"line":240,"column":5}},"type":"if","locations":[{"start":{"line":238,"column":4},"end":{"line":240,"column":5}},{"start":{},"end":{}}],"line":238},"10":{"loc":{"start":{"line":262,"column":4},"end":{"line":264,"column":5}},"type":"if","locations":[{"start":{"line":262,"column":4},"end":{"line":264,"column":5}},{"start":{},"end":{}}],"line":262},"11":{"loc":{"start":{"line":336,"column":20},"end":{"line":336,"column":54}},"type":"binary-expr","locations":[{"start":{"line":336,"column":20},"end":{"line":336,"column":41}},{"start":{"line":336,"column":45},"end":{"line":336,"column":54}}],"line":336},"12":{"loc":{"start":{"line":337,"column":17},"end":{"line":337,"column":48}},"type":"binary-expr","locations":[{"start":{"line":337,"column":17},"end":{"line":337,"column":35}},{"start":{"line":337,"column":39},"end":{"line":337,"column":48}}],"line":337},"13":{"loc":{"start":{"line":369,"column":4},"end":{"line":371,"column":5}},"type":"if","locations":[{"start":{"line":369,"column":4},"end":{"line":371,"column":5}},{"start":{},"end":{}}],"line":369},"14":{"loc":{"start":{"line":386,"column":4},"end":{"line":388,"column":5}},"type":"if","locations":[{"start":{"line":386,"column":4},"end":{"line":388,"column":5}},{"start":{},"end":{}}],"line":386},"15":{"loc":{"start":{"line":411,"column":4},"end":{"line":413,"column":5}},"type":"if","locations":[{"start":{"line":411,"column":4},"end":{"line":413,"column":5}},{"start":{},"end":{}}],"line":411},"16":{"loc":{"start":{"line":428,"column":4},"end":{"line":430,"column":5}},"type":"if","locations":[{"start":{"line":428,"column":4},"end":{"line":430,"column":5}},{"start":{},"end":{}}],"line":428},"17":{"loc":{"start":{"line":443,"column":17},"end":{"line":443,"column":54}},"type":"binary-expr","locations":[{"start":{"line":443,"column":17},"end":{"line":443,"column":37}},{"start":{"line":443,"column":41},"end":{"line":443,"column":54}}],"line":443},"18":{"loc":{"start":{"line":448,"column":0},"end":{"line":452,"column":1}},"type":"if","locations":[{"start":{"line":448,"column":0},"end":{"line":452,"column":1}},{"start":{},"end":{}}],"line":448}},"s":{"0":1,"1":1,"2":1,"3":1,"4":1,"5":1,"6":0,"7":0,"8":1,"9":1,"10":1,"11":1,"12":1,"13":1,"14":1,"15":1,"16":1,"17":1,"18":0,"19":0,"20":0,"21":0,"22":0,"23":0,"24":1,"25":0,"26":1,"27":1,"28":1,"29":0,"30":0,"31":0,"32":0,"33":0,"34":0,"35":0,"36":0,"37":0,"38":0,"39":0,"40":1,"41":0,"42":0,"43":0,"44":0,"45":0,"46":0,"47":0,"48":0,"49":0,"50":0,"51":0,"52":1,"53":0,"54":0,"55":0,"56":0,"57":0,"58":0,"59":0,"60":0,"61":0,"62":0,"63":0,"64":0,"65":1,"66":0,"67":0,"68":0,"69":0,"70":0,"71":0,"72":0,"73":0,"74":0,"75":0,"76":0,"77":1,"78":0,"79":0,"80":0,"81":0,"82":0,"83":0,"84":1,"85":0,"86":0,"87":0,"88":0,"89":0,"90":0,"91":0,"92":1,"93":0,"94":0,"95":0,"96":0,"97":1,"98":0,"99":0,"100":0,"101":0,"102":0,"103":0,"104":0,"105":0,"106":0,"107":0,"108":0,"109":0,"110":0,"111":0,"112":0,"113":0,"114":0,"115":0,"116":0,"117":1,"118":0,"119":0,"120":0,"121":0,"122":0,"123":0,"124":1,"125":0,"126":0,"127":0,"128":0,"129":0,"130":0,"131":0,"132":1,"133":0,"134":0,"135":0,"136":0,"137":0,"138":0,"139":1,"140":0,"141":0,"142":0,"143":0,"144":0,"145":0,"146":0,"147":1,"148":0,"149":0,"150":0,"151":0,"152":0,"153":0,"154":1,"155":0,"156":1,"157":0,"158":0},"f":{"0":0,"1":0,"2":1,"3":0,"4":1,"5":0,"6":0,"7":0,"8":0,"9":0,"10":0,"11":0,"12":0,"13":0,"14":0,"15":0,"16":0,"17":0,"18":0,"19":0,"20":0,"21":0,"22":0},"b":{"0":[1,1],"1":[1,1],"2":[1,0],"3":[1,0],"4":[0,0],"5":[0,0],"6":[0,0],"7":[0,0],"8":[0,0],"9":[0,0],"10":[0,0],"11":[0,0],"12":[0,0],"13":[0,0],"14":[0,0],"15":[0,0],"16":[0,0],"17":[0,0],"18":[0,1]},"inputSourceMap":null,"_coverageSchema":"1a1c01bbd47fc00a2c39e90264f33305004495a9","hash":"1e265a1dab65e37ee9fe077722fda8440b1231f2"}
}
