{"/usr/src/app/aiService.js": {"path":"/usr/src/app/aiService.js","statementMap":{"0":{"start":{"line":4,"column":17},"end":{"line":4,"column":72}},"1":{"start":{"line":7,"column":24},"end":{"line":141,"column":1}},"2":{"start":{"line":144,"column":22},"end":{"line":186,"column":1}},"3":{"start":{"line":189,"column":26},"end":{"line":276,"column":1}},"4":{"start":{"line":279,"column":23},"end":{"line":334,"column":1}},"5":{"start":{"line":338,"column":2},"end":{"line":342,"column":12}},"6":{"start":{"line":346,"column":16},"end":{"line":346,"column":38}},"7":{"start":{"line":348,"column":15},"end":{"line":356,"column":3}},"8":{"start":{"line":359,"column":2},"end":{"line":364,"column":3}},"9":{"start":{"line":363,"column":4},"end":{"line":363,"column":21}},"10":{"start":{"line":367,"column":23},"end":{"line":381,"column":3}},"11":{"start":{"line":383,"column":2},"end":{"line":385,"column":3}},"12":{"start":{"line":383,"column":34},"end":{"line":383,"column":54}},"13":{"start":{"line":384,"column":4},"end":{"line":384,"column":24}},"14":{"start":{"line":388,"column":2},"end":{"line":396,"column":3}},"15":{"start":{"line":389,"column":4},"end":{"line":395,"column":7}},"16":{"start":{"line":391,"column":20},"end":{"line":391,"column":69}},"17":{"start":{"line":392,"column":6},"end":{"line":394,"column":7}},"18":{"start":{"line":393,"column":8},"end":{"line":393,"column":25}},"19":{"start":{"line":399,"column":23},"end":{"line":401,"column":39}},"20":{"start":{"line":400,"column":20},"end":{"line":400,"column":31}},"21":{"start":{"line":401,"column":23},"end":{"line":401,"column":35}},"22":{"start":{"line":403,"column":2},"end":{"line":403,"column":52}},"23":{"start":{"line":407,"column":16},"end":{"line":407,"column":38}},"24":{"start":{"line":409,"column":2},"end":{"line":409,"column":49}},"25":{"start":{"line":412,"column":17},"end":{"line":412,"column":18}},"26":{"start":{"line":413,"column":17},"end":{"line":413,"column":18}},"27":{"start":{"line":414,"column":21},"end":{"line":414,"column":51}},"28":{"start":{"line":417,"column":20},"end":{"line":417,"column":74}},"29":{"start":{"line":420,"column":2},"end":{"line":448,"column":5}},"30":{"start":{"line":422,"column":18},"end":{"line":422,"column":64}},"31":{"start":{"line":423,"column":4},"end":{"line":447,"column":5}},"32":{"start":{"line":425,"column":6},"end":{"line":425,"column":39}},"33":{"start":{"line":428,"column":24},"end":{"line":428,"column":43}},"34":{"start":{"line":429,"column":28},"end":{"line":432,"column":7}},"35":{"start":{"line":434,"column":6},"end":{"line":446,"column":7}},"36":{"start":{"line":434,"column":34},"end":{"line":434,"column":61}},"37":{"start":{"line":435,"column":8},"end":{"line":435,"column":24}},"38":{"start":{"line":436,"column":8},"end":{"line":436,"column":55}},"39":{"start":{"line":439,"column":32},"end":{"line":444,"column":9}},"40":{"start":{"line":445,"column":8},"end":{"line":445,"column":59}},"41":{"start":{"line":451,"column":2},"end":{"line":460,"column":5}},"42":{"start":{"line":452,"column":18},"end":{"line":452,"column":64}},"43":{"start":{"line":453,"column":4},"end":{"line":459,"column":5}},"44":{"start":{"line":454,"column":6},"end":{"line":454,"column":39}},"45":{"start":{"line":457,"column":30},"end":{"line":457,"column":71}},"46":{"start":{"line":458,"column":6},"end":{"line":458,"column":57}},"47":{"start":{"line":463,"column":2},"end":{"line":469,"column":3}},"48":{"start":{"line":467,"column":4},"end":{"line":467,"column":18}},"49":{"start":{"line":468,"column":4},"end":{"line":468,"column":51}},"50":{"start":{"line":471,"column":2},"end":{"line":477,"column":3}},"51":{"start":{"line":475,"column":4},"end":{"line":475,"column":18}},"52":{"start":{"line":476,"column":4},"end":{"line":476,"column":53}},"53":{"start":{"line":480,"column":2},"end":{"line":485,"column":5}},"54":{"start":{"line":488,"column":2},"end":{"line":488,"column":62}},"55":{"start":{"line":488,"column":44},"end":{"line":488,"column":62}},"56":{"start":{"line":489,"column":2},"end":{"line":489,"column":62}},"57":{"start":{"line":489,"column":44},"end":{"line":489,"column":62}},"58":{"start":{"line":490,"column":2},"end":{"line":490,"column":19}},"59":{"start":{"line":494,"column":16},"end":{"line":494,"column":38}},"60":{"start":{"line":497,"column":15},"end":{"line":503,"column":3}},"61":{"start":{"line":506,"column":2},"end":{"line":508,"column":3}},"62":{"start":{"line":507,"column":4},"end":{"line":507,"column":27}},"63":{"start":{"line":510,"column":2},"end":{"line":512,"column":3}},"64":{"start":{"line":511,"column":4},"end":{"line":511,"column":28}},"65":{"start":{"line":514,"column":2},"end":{"line":516,"column":3}},"66":{"start":{"line":515,"column":4},"end":{"line":515,"column":24}},"67":{"start":{"line":518,"column":2},"end":{"line":524,"column":3}},"68":{"start":{"line":523,"column":4},"end":{"line":523,"column":28}},"69":{"start":{"line":527,"column":2},"end":{"line":533,"column":3}},"70":{"start":{"line":528,"column":4},"end":{"line":532,"column":7}},"71":{"start":{"line":529,"column":6},"end":{"line":531,"column":7}},"72":{"start":{"line":530,"column":8},"end":{"line":530,"column":26}},"73":{"start":{"line":536,"column":2},"end":{"line":536,"column":66}},"74":{"start":{"line":536,"column":47},"end":{"line":536,"column":58}},"75":{"start":{"line":541,"column":18},"end":{"line":541,"column":37}},"76":{"start":{"line":544,"column":2},"end":{"line":544,"column":52}},"77":{"start":{"line":547,"column":2},"end":{"line":547,"column":53}},"78":{"start":{"line":549,"column":2},"end":{"line":561,"column":3}},"79":{"start":{"line":551,"column":6},"end":{"line":551,"column":23}},"80":{"start":{"line":553,"column":6},"end":{"line":553,"column":23}},"81":{"start":{"line":555,"column":6},"end":{"line":555,"column":23}},"82":{"start":{"line":558,"column":6},"end":{"line":558,"column":23}},"83":{"start":{"line":560,"column":6},"end":{"line":560,"column":23}},"84":{"start":{"line":565,"column":19},"end":{"line":565,"column":43}},"85":{"start":{"line":566,"column":16},"end":{"line":566,"column":44}},"86":{"start":{"line":567,"column":20},"end":{"line":567,"column":45}},"87":{"start":{"line":569,"column":2},"end":{"line":594,"column":3}},"88":{"start":{"line":570,"column":16},"end":{"line":573,"column":6}},"89":{"start":{"line":574,"column":15},"end":{"line":574,"column":30}},"90":{"start":{"line":575,"column":4},"end":{"line":575,"column":31}},"91":{"start":{"line":576,"column":4},"end":{"line":578,"column":5}},"92":{"start":{"line":577,"column":6},"end":{"line":577,"column":48}},"93":{"start":{"line":579,"column":4},"end":{"line":584,"column":6}},"94":{"start":{"line":586,"column":4},"end":{"line":586,"column":38}},"95":{"start":{"line":587,"column":21},"end":{"line":587,"column":51}},"96":{"start":{"line":589,"column":6},"end":{"line":591,"column":38}},"97":{"start":{"line":592,"column":17},"end":{"line":592,"column":54}},"98":{"start":{"line":593,"column":4},"end":{"line":593,"column":72}},"99":{"start":{"line":598,"column":2},"end":{"line":605,"column":3}},"100":{"start":{"line":600,"column":6},"end":{"line":600,"column":74}},"101":{"start":{"line":602,"column":6},"end":{"line":602,"column":61}},"102":{"start":{"line":604,"column":6},"end":{"line":604,"column":66}}},"fnMap":{"0":{"name":"cleanMarkdown","decl":{"start":{"line":336,"column":9},"end":{"line":336,"column":22}},"loc":{"start":{"line":336,"column":29},"end":{"line":343,"column":1}},"line":336},"1":{"name":"detectCategory","decl":{"start":{"line":345,"column":9},"end":{"line":345,"column":23}},"loc":{"start":{"line":345,"column":34},"end":{"line":404,"column":1}},"line":345},"2":{"name":"(anonymous_2)","decl":{"start":{"line":383,"column":24},"end":{"line":383,"column":25}},"loc":{"start":{"line":383,"column":34},"end":{"line":383,"column":54}},"line":383},"3":{"name":"(anonymous_3)","decl":{"start":{"line":389,"column":16},"end":{"line":389,"column":17}},"loc":{"start":{"line":389,"column":29},"end":{"line":395,"column":5}},"line":389},"4":{"name":"(anonymous_4)","decl":{"start":{"line":400,"column":10},"end":{"line":400,"column":11}},"loc":{"start":{"line":400,"column":20},"end":{"line":400,"column":31}},"line":400},"5":{"name":"(anonymous_5)","decl":{"start":{"line":401,"column":12},"end":{"line":401,"column":13}},"loc":{"start":{"line":401,"column":23},"end":{"line":401,"column":35}},"line":401},"6":{"name":"detectSentiment","decl":{"start":{"line":406,"column":9},"end":{"line":406,"column":24}},"loc":{"start":{"line":406,"column":35},"end":{"line":491,"column":1}},"line":406},"7":{"name":"(anonymous_7)","decl":{"start":{"line":420,"column":37},"end":{"line":420,"column":38}},"loc":{"start":{"line":420,"column":47},"end":{"line":448,"column":3}},"line":420},"8":{"name":"(anonymous_8)","decl":{"start":{"line":434,"column":25},"end":{"line":434,"column":26}},"loc":{"start":{"line":434,"column":34},"end":{"line":434,"column":61}},"line":434},"9":{"name":"(anonymous_9)","decl":{"start":{"line":451,"column":37},"end":{"line":451,"column":38}},"loc":{"start":{"line":451,"column":47},"end":{"line":460,"column":3}},"line":451},"10":{"name":"detectQuestionType","decl":{"start":{"line":493,"column":9},"end":{"line":493,"column":27}},"loc":{"start":{"line":493,"column":38},"end":{"line":537,"column":1}},"line":493},"11":{"name":"(anonymous_11)","decl":{"start":{"line":528,"column":21},"end":{"line":528,"column":22}},"loc":{"start":{"line":528,"column":34},"end":{"line":532,"column":5}},"line":528},"12":{"name":"(anonymous_12)","decl":{"start":{"line":536,"column":37},"end":{"line":536,"column":38}},"loc":{"start":{"line":536,"column":47},"end":{"line":536,"column":58}},"line":536},"13":{"name":"formatResponseByType","decl":{"start":{"line":539,"column":9},"end":{"line":539,"column":29}},"loc":{"start":{"line":539,"column":42},"end":{"line":562,"column":1}},"line":539},"14":{"name":"generateResponse","decl":{"start":{"line":564,"column":15},"end":{"line":564,"column":31}},"loc":{"start":{"line":564,"column":42},"end":{"line":595,"column":1}},"line":564},"15":{"name":"getDefaultFallback","decl":{"start":{"line":597,"column":9},"end":{"line":597,"column":27}},"loc":{"start":{"line":597,"column":38},"end":{"line":606,"column":1}},"line":597}},"branchMap":{"0":{"loc":{"start":{"line":359,"column":2},"end":{"line":364,"column":3}},"type":"if","locations":[{"start":{"line":359,"column":2},"end":{"line":364,"column":3}},{"start":{},"end":{}}],"line":359},"1":{"loc":{"start":{"line":360,"column":4},"end":{"line":361,"column":58}},"type":"binary-expr","locations":[{"start":{"line":360,"column":5},"end":{"line":360,"column":29}},{"start":{"line":360,"column":33},"end":{"line":360,"column":50}},{"start":{"line":361,"column":4},"end":{"line":361,"column":58}}],"line":360},"2":{"loc":{"start":{"line":383,"column":2},"end":{"line":385,"column":3}},"type":"if","locations":[{"start":{"line":383,"column":2},"end":{"line":385,"column":3}},{"start":{},"end":{}}],"line":383},"3":{"loc":{"start":{"line":392,"column":6},"end":{"line":394,"column":7}},"type":"if","locations":[{"start":{"line":392,"column":6},"end":{"line":394,"column":7}},{"start":{},"end":{}}],"line":392},"4":{"loc":{"start":{"line":403,"column":9},"end":{"line":403,"column":51}},"type":"cond-expr","locations":[{"start":{"line":403,"column":24},"end":{"line":403,"column":39}},{"start":{"line":403,"column":42},"end":{"line":403,"column":51}}],"line":403},"5":{"loc":{"start":{"line":423,"column":4},"end":{"line":447,"column":5}},"type":"if","locations":[{"start":{"line":423,"column":4},"end":{"line":447,"column":5}},{"start":{},"end":{}}],"line":423},"6":{"loc":{"start":{"line":434,"column":6},"end":{"line":446,"column":7}},"type":"if","locations":[{"start":{"line":434,"column":6},"end":{"line":446,"column":7}},{"start":{"line":437,"column":13},"end":{"line":446,"column":7}}],"line":434},"7":{"loc":{"start":{"line":445,"column":20},"end":{"line":445,"column":58}},"type":"cond-expr","locations":[{"start":{"line":445,"column":53},"end":{"line":445,"column":54}},{"start":{"line":445,"column":57},"end":{"line":445,"column":58}}],"line":445},"8":{"loc":{"start":{"line":453,"column":4},"end":{"line":459,"column":5}},"type":"if","locations":[{"start":{"line":453,"column":4},"end":{"line":459,"column":5}},{"start":{},"end":{}}],"line":453},"9":{"loc":{"start":{"line":458,"column":18},"end":{"line":458,"column":56}},"type":"cond-expr","locations":[{"start":{"line":458,"column":51},"end":{"line":458,"column":52}},{"start":{"line":458,"column":55},"end":{"line":458,"column":56}}],"line":458},"10":{"loc":{"start":{"line":463,"column":2},"end":{"line":469,"column":3}},"type":"if","locations":[{"start":{"line":463,"column":2},"end":{"line":469,"column":3}},{"start":{},"end":{}}],"line":463},"11":{"loc":{"start":{"line":464,"column":4},"end":{"line":465,"column":39}},"type":"binary-expr","locations":[{"start":{"line":464,"column":4},"end":{"line":464,"column":39}},{"start":{"line":465,"column":4},"end":{"line":465,"column":39}}],"line":464},"12":{"loc":{"start":{"line":471,"column":2},"end":{"line":477,"column":3}},"type":"if","locations":[{"start":{"line":471,"column":2},"end":{"line":477,"column":3}},{"start":{},"end":{}}],"line":471},"13":{"loc":{"start":{"line":472,"column":4},"end":{"line":473,"column":37}},"type":"binary-expr","locations":[{"start":{"line":472,"column":4},"end":{"line":472,"column":44}},{"start":{"line":473,"column":4},"end":{"line":473,"column":37}}],"line":472},"14":{"loc":{"start":{"line":488,"column":2},"end":{"line":488,"column":62}},"type":"if","locations":[{"start":{"line":488,"column":2},"end":{"line":488,"column":62}},{"start":{},"end":{}}],"line":488},"15":{"loc":{"start":{"line":488,"column":6},"end":{"line":488,"column":42}},"type":"binary-expr","locations":[{"start":{"line":488,"column":6},"end":{"line":488,"column":25}},{"start":{"line":488,"column":29},"end":{"line":488,"column":42}}],"line":488},"16":{"loc":{"start":{"line":489,"column":2},"end":{"line":489,"column":62}},"type":"if","locations":[{"start":{"line":489,"column":2},"end":{"line":489,"column":62}},{"start":{},"end":{}}],"line":489},"17":{"loc":{"start":{"line":489,"column":6},"end":{"line":489,"column":42}},"type":"binary-expr","locations":[{"start":{"line":489,"column":6},"end":{"line":489,"column":25}},{"start":{"line":489,"column":29},"end":{"line":489,"column":42}}],"line":489},"18":{"loc":{"start":{"line":506,"column":2},"end":{"line":508,"column":3}},"type":"if","locations":[{"start":{"line":506,"column":2},"end":{"line":508,"column":3}},{"start":{},"end":{}}],"line":506},"19":{"loc":{"start":{"line":506,"column":6},"end":{"line":506,"column":63}},"type":"binary-expr","locations":[{"start":{"line":506,"column":6},"end":{"line":506,"column":33}},{"start":{"line":506,"column":37},"end":{"line":506,"column":63}}],"line":506},"20":{"loc":{"start":{"line":510,"column":2},"end":{"line":512,"column":3}},"type":"if","locations":[{"start":{"line":510,"column":2},"end":{"line":512,"column":3}},{"start":{},"end":{}}],"line":510},"21":{"loc":{"start":{"line":510,"column":6},"end":{"line":510,"column":61}},"type":"binary-expr","locations":[{"start":{"line":510,"column":6},"end":{"line":510,"column":29}},{"start":{"line":510,"column":33},"end":{"line":510,"column":61}}],"line":510},"22":{"loc":{"start":{"line":514,"column":2},"end":{"line":516,"column":3}},"type":"if","locations":[{"start":{"line":514,"column":2},"end":{"line":516,"column":3}},{"start":{},"end":{}}],"line":514},"23":{"loc":{"start":{"line":514,"column":6},"end":{"line":514,"column":64}},"type":"binary-expr","locations":[{"start":{"line":514,"column":6},"end":{"line":514,"column":31}},{"start":{"line":514,"column":35},"end":{"line":514,"column":64}}],"line":514},"24":{"loc":{"start":{"line":518,"column":2},"end":{"line":524,"column":3}},"type":"if","locations":[{"start":{"line":518,"column":2},"end":{"line":524,"column":3}},{"start":{},"end":{}}],"line":518},"25":{"loc":{"start":{"line":519,"column":4},"end":{"line":521,"column":48}},"type":"binary-expr","locations":[{"start":{"line":519,"column":4},"end":{"line":519,"column":33}},{"start":{"line":520,"column":4},"end":{"line":520,"column":31}},{"start":{"line":521,"column":4},"end":{"line":521,"column":48}}],"line":519},"26":{"loc":{"start":{"line":529,"column":6},"end":{"line":531,"column":7}},"type":"if","locations":[{"start":{"line":529,"column":6},"end":{"line":531,"column":7}},{"start":{},"end":{}}],"line":529},"27":{"loc":{"start":{"line":549,"column":2},"end":{"line":561,"column":3}},"type":"switch","locations":[{"start":{"line":550,"column":4},"end":{"line":551,"column":23}},{"start":{"line":552,"column":4},"end":{"line":553,"column":23}},{"start":{"line":554,"column":4},"end":{"line":555,"column":23}},{"start":{"line":556,"column":4},"end":{"line":558,"column":23}},{"start":{"line":559,"column":4},"end":{"line":560,"column":23}}],"line":549},"28":{"loc":{"start":{"line":576,"column":4},"end":{"line":578,"column":5}},"type":"if","locations":[{"start":{"line":576,"column":4},"end":{"line":578,"column":5}},{"start":{},"end":{}}],"line":576},"29":{"loc":{"start":{"line":587,"column":21},"end":{"line":587,"column":51}},"type":"binary-expr","locations":[{"start":{"line":587,"column":21},"end":{"line":587,"column":45}},{"start":{"line":587,"column":49},"end":{"line":587,"column":51}}],"line":587},"30":{"loc":{"start":{"line":589,"column":6},"end":{"line":591,"column":38}},"type":"cond-expr","locations":[{"start":{"line":590,"column":10},"end":{"line":590,"column":65}},{"start":{"line":591,"column":10},"end":{"line":591,"column":38}}],"line":589},"31":{"loc":{"start":{"line":598,"column":2},"end":{"line":605,"column":3}},"type":"switch","locations":[{"start":{"line":599,"column":4},"end":{"line":600,"column":74}},{"start":{"line":601,"column":4},"end":{"line":602,"column":61}},{"start":{"line":603,"column":4},"end":{"line":604,"column":66}}],"line":598}},"s":{"0":4,"1":4,"2":4,"3":4,"4":4,"5":22,"6":15,"7":15,"8":15,"9":3,"10":15,"11":15,"12":171,"13":2,"14":15,"15":90,"16":1815,"17":1815,"18":6,"19":15,"20":122,"21":105,"22":15,"23":15,"24":15,"25":15,"26":15,"27":15,"28":15,"29":15,"30":600,"31":600,"32":5,"33":5,"34":5,"35":5,"36":25,"37":1,"38":1,"39":4,"40":4,"41":15,"42":630,"43":630,"44":2,"45":2,"46":2,"47":15,"48":0,"49":0,"50":15,"51":0,"52":0,"53":15,"54":15,"55":2,"56":13,"57":3,"58":10,"59":15,"60":15,"61":15,"62":6,"63":15,"64":2,"65":15,"66":1,"67":15,"68":2,"69":15,"70":60,"71":495,"72":12,"73":15,"74":111,"75":11,"76":11,"77":11,"78":11,"79":5,"80":1,"81":0,"82":1,"83":4,"84":11,"85":11,"86":11,"87":11,"88":11,"89":11,"90":11,"91":11,"92":1,"93":11,"94":0,"95":0,"96":0,"97":0,"98":0,"99":0,"100":0,"101":0,"102":0},"f":{"0":22,"1":15,"2":171,"3":1815,"4":122,"5":105,"6":15,"7":600,"8":25,"9":630,"10":15,"11":495,"12":111,"13":11,"14":11,"15":0},"b":{"0":[3,12],"1":[15,2,13],"2":[2,13],"3":[6,1809],"4":[9,6],"5":[5,595],"6":[1,4],"7":[0,4],"8":[2,628],"9":[0,2],"10":[0,15],"11":[15,15],"12":[0,15],"13":[15,15],"14":[2,13],"15":[15,2],"16":[3,10],"17":[13,3],"18":[6,9],"19":[15,9],"20":[2,13],"21":[15,13],"22":[1,14],"23":[15,14],"24":[2,13],"25":[15,13,13],"26":[12,483],"27":[5,1,0,1,4],"28":[1,10],"29":[0,0],"30":[0,0],"31":[0,0,0]},"inputSourceMap":null,"_coverageSchema":"1a1c01bbd47fc00a2c39e90264f33305004495a9","hash":"d3ff2fd05c91a6a45990f9d882c7587de0cdd03f"}
,"/usr/src/app/server.js": {"path":"/usr/src/app/server.js","statementMap":{"0":{"start":{"line":10,"column":12},"end":{"line":10,"column":21}},"1":{"start":{"line":11,"column":13},"end":{"line":11,"column":37}},"2":{"start":{"line":12,"column":19},"end":{"line":12,"column":58}},"3":{"start":{"line":15,"column":0},"end":{"line":20,"column":2}},"4":{"start":{"line":21,"column":0},"end":{"line":21,"column":24}},"5":{"start":{"line":27,"column":17},"end":{"line":27,"column":78}},"6":{"start":{"line":28,"column":0},"end":{"line":39,"column":5}},"7":{"start":{"line":35,"column":4},"end":{"line":35,"column":40}},"8":{"start":{"line":38,"column":4},"end":{"line":38,"column":56}},"9":{"start":{"line":43,"column":22},"end":{"line":51,"column":2}},"10":{"start":{"line":53,"column":16},"end":{"line":53,"column":56}},"11":{"start":{"line":56,"column":26},"end":{"line":65,"column":2}},"12":{"start":{"line":67,"column":20},"end":{"line":67,"column":68}},"13":{"start":{"line":70,"column":31},"end":{"line":76,"column":2}},"14":{"start":{"line":78,"column":25},"end":{"line":81,"column":1}},"15":{"start":{"line":83,"column":23},"end":{"line":98,"column":1}},"16":{"start":{"line":84,"column":21},"end":{"line":84,"column":46}},"17":{"start":{"line":86,"column":2},"end":{"line":88,"column":3}},"18":{"start":{"line":87,"column":4},"end":{"line":87,"column":59}},"19":{"start":{"line":90,"column":2},"end":{"line":97,"column":3}},"20":{"start":{"line":91,"column":18},"end":{"line":91,"column":42}},"21":{"start":{"line":92,"column":20},"end":{"line":92,"column":49}},"22":{"start":{"line":93,"column":4},"end":{"line":93,"column":23}},"23":{"start":{"line":94,"column":4},"end":{"line":94,"column":11}},"24":{"start":{"line":96,"column":4},"end":{"line":96,"column":53}},"25":{"start":{"line":101,"column":0},"end":{"line":103,"column":3}},"26":{"start":{"line":102,"column":2},"end":{"line":102,"column":71}},"27":{"start":{"line":105,"column":0},"end":{"line":107,"column":3}},"28":{"start":{"line":106,"column":2},"end":{"line":106,"column":57}},"29":{"start":{"line":110,"column":0},"end":{"line":148,"column":3}},"30":{"start":{"line":111,"column":2},"end":{"line":147,"column":3}},"31":{"start":{"line":112,"column":57},"end":{"line":112,"column":65}},"32":{"start":{"line":114,"column":25},"end":{"line":114,"column":61}},"33":{"start":{"line":115,"column":4},"end":{"line":117,"column":5}},"34":{"start":{"line":116,"column":6},"end":{"line":116,"column":73}},"35":{"start":{"line":119,"column":27},"end":{"line":119,"column":58}},"36":{"start":{"line":121,"column":20},"end":{"line":126,"column":6}},"37":{"start":{"line":128,"column":4},"end":{"line":128,"column":25}},"38":{"start":{"line":131,"column":18},"end":{"line":133,"column":6}},"39":{"start":{"line":135,"column":4},"end":{"line":144,"column":7}},"40":{"start":{"line":146,"column":4},"end":{"line":146,"column":49}},"41":{"start":{"line":151,"column":0},"end":{"line":182,"column":3}},"42":{"start":{"line":152,"column":2},"end":{"line":181,"column":3}},"43":{"start":{"line":153,"column":32},"end":{"line":153,"column":40}},"44":{"start":{"line":155,"column":17},"end":{"line":155,"column":53}},"45":{"start":{"line":156,"column":4},"end":{"line":158,"column":5}},"46":{"start":{"line":157,"column":6},"end":{"line":157,"column":74}},"47":{"start":{"line":160,"column":20},"end":{"line":160,"column":65}},"48":{"start":{"line":161,"column":4},"end":{"line":163,"column":5}},"49":{"start":{"line":162,"column":6},"end":{"line":162,"column":74}},"50":{"start":{"line":165,"column":18},"end":{"line":167,"column":6}},"51":{"start":{"line":169,"column":4},"end":{"line":178,"column":7}},"52":{"start":{"line":180,"column":4},"end":{"line":180,"column":49}},"53":{"start":{"line":185,"column":0},"end":{"line":214,"column":3}},"54":{"start":{"line":186,"column":2},"end":{"line":213,"column":3}},"55":{"start":{"line":187,"column":22},"end":{"line":187,"column":30}},"56":{"start":{"line":188,"column":17},"end":{"line":188,"column":53}},"57":{"start":{"line":189,"column":4},"end":{"line":194,"column":5}},"58":{"start":{"line":191,"column":6},"end":{"line":193,"column":9}},"59":{"start":{"line":197,"column":18},"end":{"line":197,"column":56}},"60":{"start":{"line":198,"column":4},"end":{"line":198,"column":36}},"61":{"start":{"line":199,"column":4},"end":{"line":199,"column":60}},"62":{"start":{"line":200,"column":4},"end":{"line":200,"column":22}},"63":{"start":{"line":204,"column":22},"end":{"line":206,"column":7}},"64":{"start":{"line":207,"column":4},"end":{"line":210,"column":7}},"65":{"start":{"line":212,"column":4},"end":{"line":212,"column":49}},"66":{"start":{"line":217,"column":0},"end":{"line":236,"column":3}},"67":{"start":{"line":218,"column":2},"end":{"line":235,"column":3}},"68":{"start":{"line":219,"column":39},"end":{"line":219,"column":47}},"69":{"start":{"line":220,"column":17},"end":{"line":224,"column":6}},"70":{"start":{"line":225,"column":4},"end":{"line":227,"column":5}},"71":{"start":{"line":226,"column":6},"end":{"line":226,"column":74}},"72":{"start":{"line":228,"column":4},"end":{"line":228,"column":52}},"73":{"start":{"line":229,"column":4},"end":{"line":229,"column":40}},"74":{"start":{"line":230,"column":4},"end":{"line":230,"column":42}},"75":{"start":{"line":231,"column":4},"end":{"line":231,"column":22}},"76":{"start":{"line":232,"column":4},"end":{"line":232,"column":67}},"77":{"start":{"line":234,"column":4},"end":{"line":234,"column":49}},"78":{"start":{"line":239,"column":0},"end":{"line":251,"column":3}},"79":{"start":{"line":240,"column":2},"end":{"line":250,"column":3}},"80":{"start":{"line":241,"column":17},"end":{"line":243,"column":5}},"81":{"start":{"line":244,"column":4},"end":{"line":246,"column":5}},"82":{"start":{"line":245,"column":6},"end":{"line":245,"column":63}},"83":{"start":{"line":247,"column":4},"end":{"line":247,"column":19}},"84":{"start":{"line":249,"column":4},"end":{"line":249,"column":49}},"85":{"start":{"line":254,"column":0},"end":{"line":276,"column":3}},"86":{"start":{"line":255,"column":2},"end":{"line":275,"column":3}},"87":{"start":{"line":256,"column":40},"end":{"line":256,"column":48}},"88":{"start":{"line":258,"column":24},"end":{"line":266,"column":25}},"89":{"start":{"line":268,"column":4},"end":{"line":270,"column":5}},"90":{"start":{"line":269,"column":6},"end":{"line":269,"column":63}},"91":{"start":{"line":272,"column":4},"end":{"line":272,"column":26}},"92":{"start":{"line":274,"column":4},"end":{"line":274,"column":49}},"93":{"start":{"line":279,"column":0},"end":{"line":288,"column":3}},"94":{"start":{"line":280,"column":2},"end":{"line":287,"column":3}},"95":{"start":{"line":281,"column":21},"end":{"line":283,"column":6}},"96":{"start":{"line":284,"column":4},"end":{"line":284,"column":23}},"97":{"start":{"line":286,"column":4},"end":{"line":286,"column":49}},"98":{"start":{"line":291,"column":0},"end":{"line":356,"column":3}},"99":{"start":{"line":292,"column":2},"end":{"line":355,"column":3}},"100":{"start":{"line":293,"column":4},"end":{"line":299,"column":5}},"101":{"start":{"line":298,"column":6},"end":{"line":298,"column":73}},"102":{"start":{"line":301,"column":24},"end":{"line":305,"column":6}},"103":{"start":{"line":306,"column":4},"end":{"line":306,"column":29}},"104":{"start":{"line":309,"column":27},"end":{"line":311,"column":5}},"105":{"start":{"line":310,"column":6},"end":{"line":310,"column":67}},"106":{"start":{"line":310,"column":23},"end":{"line":310,"column":59}},"107":{"start":{"line":312,"column":28},"end":{"line":312,"column":59}},"108":{"start":{"line":313,"column":21},"end":{"line":325,"column":6}},"109":{"start":{"line":317,"column":6},"end":{"line":317,"column":63}},"110":{"start":{"line":318,"column":6},"end":{"line":324,"column":8}},"111":{"start":{"line":328,"column":4},"end":{"line":328,"column":45}},"112":{"start":{"line":329,"column":4},"end":{"line":329,"column":53}},"113":{"start":{"line":330,"column":4},"end":{"line":330,"column":47}},"114":{"start":{"line":331,"column":4},"end":{"line":331,"column":29}},"115":{"start":{"line":334,"column":22},"end":{"line":341,"column":6}},"116":{"start":{"line":342,"column":4},"end":{"line":342,"column":27}},"117":{"start":{"line":345,"column":4},"end":{"line":351,"column":7}},"118":{"start":{"line":353,"column":4},"end":{"line":353,"column":56}},"119":{"start":{"line":354,"column":4},"end":{"line":354,"column":49}},"120":{"start":{"line":360,"column":0},"end":{"line":375,"column":3}},"121":{"start":{"line":361,"column":2},"end":{"line":374,"column":3}},"122":{"start":{"line":362,"column":40},"end":{"line":362,"column":48}},"123":{"start":{"line":364,"column":21},"end":{"line":368,"column":6}},"124":{"start":{"line":370,"column":4},"end":{"line":370,"column":26}},"125":{"start":{"line":371,"column":4},"end":{"line":371,"column":35}},"126":{"start":{"line":373,"column":4},"end":{"line":373,"column":49}},"127":{"start":{"line":378,"column":0},"end":{"line":392,"column":3}},"128":{"start":{"line":379,"column":2},"end":{"line":391,"column":3}},"129":{"start":{"line":381,"column":19},"end":{"line":381,"column":21}},"130":{"start":{"line":382,"column":4},"end":{"line":384,"column":5}},"131":{"start":{"line":383,"column":6},"end":{"line":383,"column":41}},"132":{"start":{"line":386,"column":22},"end":{"line":386,"column":57}},"133":{"start":{"line":388,"column":4},"end":{"line":388,"column":24}},"134":{"start":{"line":390,"column":4},"end":{"line":390,"column":49}},"135":{"start":{"line":395,"column":0},"end":{"line":407,"column":3}},"136":{"start":{"line":396,"column":2},"end":{"line":406,"column":3}},"137":{"start":{"line":397,"column":21},"end":{"line":397,"column":67}},"138":{"start":{"line":399,"column":4},"end":{"line":401,"column":5}},"139":{"start":{"line":400,"column":6},"end":{"line":400,"column":76}},"140":{"start":{"line":403,"column":4},"end":{"line":403,"column":23}},"141":{"start":{"line":405,"column":4},"end":{"line":405,"column":49}},"142":{"start":{"line":410,"column":0},"end":{"line":432,"column":3}},"143":{"start":{"line":411,"column":2},"end":{"line":431,"column":3}},"144":{"start":{"line":412,"column":40},"end":{"line":412,"column":48}},"145":{"start":{"line":413,"column":28},"end":{"line":422,"column":5}},"146":{"start":{"line":424,"column":4},"end":{"line":426,"column":5}},"147":{"start":{"line":425,"column":6},"end":{"line":425,"column":76}},"148":{"start":{"line":428,"column":4},"end":{"line":428,"column":30}},"149":{"start":{"line":430,"column":4},"end":{"line":430,"column":49}},"150":{"start":{"line":435,"column":0},"end":{"line":449,"column":3}},"151":{"start":{"line":436,"column":2},"end":{"line":448,"column":3}},"152":{"start":{"line":437,"column":28},"end":{"line":439,"column":5}},"153":{"start":{"line":441,"column":4},"end":{"line":443,"column":5}},"154":{"start":{"line":442,"column":6},"end":{"line":442,"column":76}},"155":{"start":{"line":445,"column":4},"end":{"line":445,"column":68}},"156":{"start":{"line":447,"column":4},"end":{"line":447,"column":49}},"157":{"start":{"line":452,"column":0},"end":{"line":458,"column":3}},"158":{"start":{"line":453,"column":2},"end":{"line":457,"column":5}},"159":{"start":{"line":461,"column":0},"end":{"line":465,"column":1}},"160":{"start":{"line":462,"column":2},"end":{"line":464,"column":5}},"161":{"start":{"line":463,"column":4},"end":{"line":463,"column":50}}},"fnMap":{"0":{"name":"(anonymous_0)","decl":{"start":{"line":34,"column":8},"end":{"line":34,"column":9}},"loc":{"start":{"line":34,"column":14},"end":{"line":36,"column":3}},"line":34},"1":{"name":"(anonymous_1)","decl":{"start":{"line":37,"column":9},"end":{"line":37,"column":10}},"loc":{"start":{"line":37,"column":18},"end":{"line":39,"column":3}},"line":37},"2":{"name":"(anonymous_2)","decl":{"start":{"line":83,"column":23},"end":{"line":83,"column":24}},"loc":{"start":{"line":83,"column":43},"end":{"line":98,"column":1}},"line":83},"3":{"name":"(anonymous_3)","decl":{"start":{"line":101,"column":42},"end":{"line":101,"column":43}},"loc":{"start":{"line":101,"column":56},"end":{"line":103,"column":1}},"line":101},"4":{"name":"(anonymous_4)","decl":{"start":{"line":105,"column":13},"end":{"line":105,"column":14}},"loc":{"start":{"line":105,"column":27},"end":{"line":107,"column":1}},"line":105},"5":{"name":"(anonymous_5)","decl":{"start":{"line":110,"column":31},"end":{"line":110,"column":32}},"loc":{"start":{"line":110,"column":51},"end":{"line":148,"column":1}},"line":110},"6":{"name":"(anonymous_6)","decl":{"start":{"line":151,"column":28},"end":{"line":151,"column":29}},"loc":{"start":{"line":151,"column":48},"end":{"line":182,"column":1}},"line":151},"7":{"name":"(anonymous_7)","decl":{"start":{"line":185,"column":38},"end":{"line":185,"column":39}},"loc":{"start":{"line":185,"column":58},"end":{"line":214,"column":1}},"line":185},"8":{"name":"(anonymous_8)","decl":{"start":{"line":217,"column":37},"end":{"line":217,"column":38}},"loc":{"start":{"line":217,"column":57},"end":{"line":236,"column":1}},"line":217},"9":{"name":"(anonymous_9)","decl":{"start":{"line":239,"column":45},"end":{"line":239,"column":46}},"loc":{"start":{"line":239,"column":65},"end":{"line":251,"column":1}},"line":239},"10":{"name":"(anonymous_10)","decl":{"start":{"line":254,"column":45},"end":{"line":254,"column":46}},"loc":{"start":{"line":254,"column":65},"end":{"line":276,"column":1}},"line":254},"11":{"name":"(anonymous_11)","decl":{"start":{"line":279,"column":41},"end":{"line":279,"column":42}},"loc":{"start":{"line":279,"column":61},"end":{"line":288,"column":1}},"line":279},"12":{"name":"(anonymous_12)","decl":{"start":{"line":291,"column":42},"end":{"line":291,"column":43}},"loc":{"start":{"line":291,"column":62},"end":{"line":356,"column":1}},"line":291},"13":{"name":"(anonymous_13)","decl":{"start":{"line":309,"column":39},"end":{"line":309,"column":40}},"loc":{"start":{"line":310,"column":6},"end":{"line":310,"column":67}},"line":310},"14":{"name":"(anonymous_14)","decl":{"start":{"line":310,"column":17},"end":{"line":310,"column":18}},"loc":{"start":{"line":310,"column":23},"end":{"line":310,"column":59}},"line":310},"15":{"name":"(anonymous_15)","decl":{"start":{"line":316,"column":13},"end":{"line":316,"column":14}},"loc":{"start":{"line":316,"column":24},"end":{"line":325,"column":5}},"line":316},"16":{"name":"(anonymous_16)","decl":{"start":{"line":360,"column":27},"end":{"line":360,"column":28}},"loc":{"start":{"line":360,"column":47},"end":{"line":375,"column":1}},"line":360},"17":{"name":"(anonymous_17)","decl":{"start":{"line":378,"column":26},"end":{"line":378,"column":27}},"loc":{"start":{"line":378,"column":46},"end":{"line":392,"column":1}},"line":378},"18":{"name":"(anonymous_18)","decl":{"start":{"line":395,"column":30},"end":{"line":395,"column":31}},"loc":{"start":{"line":395,"column":50},"end":{"line":407,"column":1}},"line":395},"19":{"name":"(anonymous_19)","decl":{"start":{"line":410,"column":30},"end":{"line":410,"column":31}},"loc":{"start":{"line":410,"column":50},"end":{"line":432,"column":1}},"line":410},"20":{"name":"(anonymous_20)","decl":{"start":{"line":435,"column":33},"end":{"line":435,"column":34}},"loc":{"start":{"line":435,"column":53},"end":{"line":449,"column":1}},"line":435},"21":{"name":"(anonymous_21)","decl":{"start":{"line":452,"column":23},"end":{"line":452,"column":24}},"loc":{"start":{"line":452,"column":37},"end":{"line":458,"column":1}},"line":452},"22":{"name":"(anonymous_22)","decl":{"start":{"line":462,"column":19},"end":{"line":462,"column":20}},"loc":{"start":{"line":462,"column":25},"end":{"line":464,"column":3}},"line":462}},"branchMap":{"0":{"loc":{"start":{"line":11,"column":13},"end":{"line":11,"column":37}},"type":"binary-expr","locations":[{"start":{"line":11,"column":13},"end":{"line":11,"column":29}},{"start":{"line":11,"column":33},"end":{"line":11,"column":37}}],"line":11},"1":{"loc":{"start":{"line":12,"column":19},"end":{"line":12,"column":58}},"type":"binary-expr","locations":[{"start":{"line":12,"column":19},"end":{"line":12,"column":41}},{"start":{"line":12,"column":45},"end":{"line":12,"column":58}}],"line":12},"2":{"loc":{"start":{"line":27,"column":17},"end":{"line":27,"column":78}},"type":"binary-expr","locations":[{"start":{"line":27,"column":17},"end":{"line":27,"column":40}},{"start":{"line":27,"column":44},"end":{"line":27,"column":78}}],"line":27},"3":{"loc":{"start":{"line":86,"column":2},"end":{"line":88,"column":3}},"type":"if","locations":[{"start":{"line":86,"column":2},"end":{"line":88,"column":3}},{"start":{},"end":{}}],"line":86},"4":{"loc":{"start":{"line":86,"column":6},"end":{"line":86,"column":54}},"type":"binary-expr","locations":[{"start":{"line":86,"column":6},"end":{"line":86,"column":17}},{"start":{"line":86,"column":21},"end":{"line":86,"column":54}}],"line":86},"5":{"loc":{"start":{"line":115,"column":4},"end":{"line":117,"column":5}},"type":"if","locations":[{"start":{"line":115,"column":4},"end":{"line":117,"column":5}},{"start":{},"end":{}}],"line":115},"6":{"loc":{"start":{"line":156,"column":4},"end":{"line":158,"column":5}},"type":"if","locations":[{"start":{"line":156,"column":4},"end":{"line":158,"column":5}},{"start":{},"end":{}}],"line":156},"7":{"loc":{"start":{"line":161,"column":4},"end":{"line":163,"column":5}},"type":"if","locations":[{"start":{"line":161,"column":4},"end":{"line":163,"column":5}},{"start":{},"end":{}}],"line":161},"8":{"loc":{"start":{"line":189,"column":4},"end":{"line":194,"column":5}},"type":"if","locations":[{"start":{"line":189,"column":4},"end":{"line":194,"column":5}},{"start":{},"end":{}}],"line":189},"9":{"loc":{"start":{"line":225,"column":4},"end":{"line":227,"column":5}},"type":"if","locations":[{"start":{"line":225,"column":4},"end":{"line":227,"column":5}},{"start":{},"end":{}}],"line":225},"10":{"loc":{"start":{"line":244,"column":4},"end":{"line":246,"column":5}},"type":"if","locations":[{"start":{"line":244,"column":4},"end":{"line":246,"column":5}},{"start":{},"end":{}}],"line":244},"11":{"loc":{"start":{"line":268,"column":4},"end":{"line":270,"column":5}},"type":"if","locations":[{"start":{"line":268,"column":4},"end":{"line":270,"column":5}},{"start":{},"end":{}}],"line":268},"12":{"loc":{"start":{"line":293,"column":4},"end":{"line":299,"column":5}},"type":"if","locations":[{"start":{"line":293,"column":4},"end":{"line":299,"column":5}},{"start":{},"end":{}}],"line":293},"13":{"loc":{"start":{"line":294,"column":6},"end":{"line":296,"column":33}},"type":"binary-expr","locations":[{"start":{"line":294,"column":6},"end":{"line":294,"column":20}},{"start":{"line":295,"column":6},"end":{"line":295,"column":39}},{"start":{"line":296,"column":6},"end":{"line":296,"column":33}}],"line":294},"14":{"loc":{"start":{"line":349,"column":20},"end":{"line":349,"column":54}},"type":"binary-expr","locations":[{"start":{"line":349,"column":20},"end":{"line":349,"column":41}},{"start":{"line":349,"column":45},"end":{"line":349,"column":54}}],"line":349},"15":{"loc":{"start":{"line":350,"column":17},"end":{"line":350,"column":48}},"type":"binary-expr","locations":[{"start":{"line":350,"column":17},"end":{"line":350,"column":35}},{"start":{"line":350,"column":39},"end":{"line":350,"column":48}}],"line":350},"16":{"loc":{"start":{"line":382,"column":4},"end":{"line":384,"column":5}},"type":"if","locations":[{"start":{"line":382,"column":4},"end":{"line":384,"column":5}},{"start":{},"end":{}}],"line":382},"17":{"loc":{"start":{"line":399,"column":4},"end":{"line":401,"column":5}},"type":"if","locations":[{"start":{"line":399,"column":4},"end":{"line":401,"column":5}},{"start":{},"end":{}}],"line":399},"18":{"loc":{"start":{"line":424,"column":4},"end":{"line":426,"column":5}},"type":"if","locations":[{"start":{"line":424,"column":4},"end":{"line":426,"column":5}},{"start":{},"end":{}}],"line":424},"19":{"loc":{"start":{"line":441,"column":4},"end":{"line":443,"column":5}},"type":"if","locations":[{"start":{"line":441,"column":4},"end":{"line":443,"column":5}},{"start":{},"end":{}}],"line":441},"20":{"loc":{"start":{"line":456,"column":17},"end":{"line":456,"column":54}},"type":"binary-expr","locations":[{"start":{"line":456,"column":17},"end":{"line":456,"column":37}},{"start":{"line":456,"column":41},"end":{"line":456,"column":54}}],"line":456},"21":{"loc":{"start":{"line":461,"column":0},"end":{"line":465,"column":1}},"type":"if","locations":[{"start":{"line":461,"column":0},"end":{"line":465,"column":1}},{"start":{},"end":{}}],"line":461}},"s":{"0":2,"1":2,"2":2,"3":2,"4":2,"5":2,"6":2,"7":1,"8":0,"9":2,"10":2,"11":2,"12":2,"13":2,"14":2,"15":2,"16":4,"17":4,"18":1,"19":3,"20":3,"21":3,"22":3,"23":3,"24":0,"25":2,"26":0,"27":2,"28":1,"29":2,"30":1,"31":1,"32":1,"33":1,"34":1,"35":0,"36":0,"37":0,"38":0,"39":0,"40":0,"41":2,"42":1,"43":1,"44":1,"45":1,"46":0,"47":1,"48":1,"49":0,"50":1,"51":1,"52":0,"53":2,"54":0,"55":0,"56":0,"57":0,"58":0,"59":0,"60":0,"61":0,"62":0,"63":0,"64":0,"65":0,"66":2,"67":0,"68":0,"69":0,"70":0,"71":0,"72":0,"73":0,"74":0,"75":0,"76":0,"77":0,"78":2,"79":0,"80":0,"81":0,"82":0,"83":0,"84":0,"85":2,"86":0,"87":0,"88":0,"89":0,"90":0,"91":0,"92":0,"93":2,"94":1,"95":1,"96":1,"97":0,"98":2,"99":2,"100":2,"101":1,"102":1,"103":1,"104":1,"105":1,"106":0,"107":1,"108":1,"109":0,"110":0,"111":1,"112":1,"113":1,"114":1,"115":1,"116":1,"117":1,"118":0,"119":0,"120":2,"121":0,"122":0,"123":0,"124":0,"125":0,"126":0,"127":2,"128":0,"129":0,"130":0,"131":0,"132":0,"133":0,"134":0,"135":2,"136":0,"137":0,"138":0,"139":0,"140":0,"141":0,"142":2,"143":0,"144":0,"145":0,"146":0,"147":0,"148":0,"149":0,"150":2,"151":0,"152":0,"153":0,"154":0,"155":0,"156":0,"157":2,"158":0,"159":2,"160":0,"161":0},"f":{"0":1,"1":0,"2":4,"3":0,"4":1,"5":1,"6":1,"7":0,"8":0,"9":0,"10":0,"11":1,"12":2,"13":1,"14":0,"15":0,"16":0,"17":0,"18":0,"19":0,"20":0,"21":0,"22":0},"b":{"0":[2,2],"1":[2,2],"2":[2,0],"3":[1,3],"4":[4,3],"5":[1,0],"6":[0,1],"7":[0,1],"8":[0,0],"9":[0,0],"10":[0,0],"11":[0,0],"12":[1,1],"13":[2,1,1],"14":[1,0],"15":[1,0],"16":[0,0],"17":[0,0],"18":[0,0],"19":[0,0],"20":[0,0],"21":[0,2]},"inputSourceMap":null,"_coverageSchema":"1a1c01bbd47fc00a2c39e90264f33305004495a9","hash":"3670f6a79f7a2a0e16792a5db7d46db613800071"}
,"/usr/src/app/services/messageService.js": {"path":"/usr/src/app/services/messageService.js","statementMap":{"0":{"start":{"line":4,"column":2},"end":{"line":4,"column":43}},"1":{"start":{"line":8,"column":2},"end":{"line":8,"column":63}}},"fnMap":{"0":{"name":"saveMessage","decl":{"start":{"line":3,"column":22},"end":{"line":3,"column":33}},"loc":{"start":{"line":3,"column":47},"end":{"line":5,"column":1}},"line":3},"1":{"name":"getMessagesByUser","decl":{"start":{"line":7,"column":22},"end":{"line":7,"column":39}},"loc":{"start":{"line":7,"column":48},"end":{"line":9,"column":1}},"line":7}},"branchMap":{},"s":{"0":1,"1":1},"f":{"0":1,"1":1},"b":{},"inputSourceMap":null,"_coverageSchema":"1a1c01bbd47fc00a2c39e90264f33305004495a9","hash":"2359fbaad97bcff9456a7e244257bbf2edd63ba9"}
}
