TN:
SF:aiService.js
FN:336,cleanMarkdown
FN:345,detectCategory
FN:383,(anonymous_2)
FN:389,(anonymous_3)
FN:400,(anonymous_4)
FN:401,(anonymous_5)
FN:406,detectSentiment
FN:420,(anonymous_7)
FN:434,(anonymous_8)
FN:451,(anonymous_9)
FN:493,detectQuestionType
FN:528,(anonymous_11)
FN:536,(anonymous_12)
FN:539,formatResponseByType
FN:564,generateResponse
FN:597,getDefaultFallback
FNF:16
FNH:15
FNDA:20,cleanMarkdown
FNDA:14,detectCategory
FNDA:158,(anonymous_2)
FNDA:1694,(anonymous_3)
FNDA:116,(anonymous_4)
FNDA:98,(anonymous_5)
FNDA:14,detectSentiment
FNDA:560,(anonymous_7)
FNDA:25,(anonymous_8)
FNDA:588,(anonymous_9)
FNDA:14,detectQuestionType
FNDA:462,(anonymous_11)
FNDA:104,(anonymous_12)
FNDA:10,formatResponseByType
FNDA:10,generateResponse
FNDA:0,getDefaultFallback
DA:1,3
DA:4,3
DA:7,3
DA:144,3
DA:189,3
DA:279,3
DA:338,20
DA:346,14
DA:348,14
DA:359,14
DA:363,3
DA:367,14
DA:383,158
DA:384,2
DA:388,14
DA:389,84
DA:391,1694
DA:392,1694
DA:393,6
DA:399,14
DA:400,116
DA:401,98
DA:403,14
DA:407,14
DA:409,14
DA:412,14
DA:413,14
DA:414,14
DA:417,14
DA:420,14
DA:422,560
DA:423,560
DA:425,5
DA:428,5
DA:429,5
DA:434,25
DA:435,1
DA:436,1
DA:439,4
DA:445,4
DA:451,14
DA:452,588
DA:453,588
DA:454,2
DA:457,2
DA:458,2
DA:463,14
DA:467,0
DA:468,0
DA:471,14
DA:475,0
DA:476,0
DA:480,14
DA:488,14
DA:489,12
DA:490,9
DA:494,14
DA:497,14
DA:506,14
DA:507,6
DA:510,14
DA:511,2
DA:514,14
DA:515,1
DA:518,14
DA:523,2
DA:527,14
DA:528,56
DA:529,462
DA:530,12
DA:536,104
DA:541,10
DA:544,10
DA:547,10
DA:549,10
DA:551,5
DA:553,1
DA:555,0
DA:558,1
DA:560,3
DA:565,10
DA:566,10
DA:567,10
DA:569,10
DA:570,10
DA:574,10
DA:575,10
DA:576,10
DA:577,1
DA:579,10
DA:586,0
DA:587,0
DA:589,0
DA:592,0
DA:593,0
DA:598,0
DA:600,0
DA:602,0
DA:604,0
DA:608,3
LF:100
LH:86
BRDA:359,0,0,3
BRDA:359,0,1,11
BRDA:360,1,0,14
BRDA:360,1,1,2
BRDA:360,1,2,12
BRDA:383,2,0,2
BRDA:383,2,1,12
BRDA:392,3,0,6
BRDA:392,3,1,1688
BRDA:403,4,0,9
BRDA:403,4,1,5
BRDA:423,5,0,5
BRDA:423,5,1,555
BRDA:434,6,0,1
BRDA:434,6,1,4
BRDA:445,7,0,0
BRDA:445,7,1,4
BRDA:453,8,0,2
BRDA:453,8,1,586
BRDA:458,9,0,0
BRDA:458,9,1,2
BRDA:463,10,0,0
BRDA:463,10,1,14
BRDA:464,11,0,14
BRDA:464,11,1,14
BRDA:471,12,0,0
BRDA:471,12,1,14
BRDA:472,13,0,14
BRDA:472,13,1,14
BRDA:488,14,0,2
BRDA:488,14,1,12
BRDA:488,15,0,14
BRDA:488,15,1,2
BRDA:489,16,0,3
BRDA:489,16,1,9
BRDA:489,17,0,12
BRDA:489,17,1,3
BRDA:506,18,0,6
BRDA:506,18,1,8
BRDA:506,19,0,14
BRDA:506,19,1,8
BRDA:510,20,0,2
BRDA:510,20,1,12
BRDA:510,21,0,14
BRDA:510,21,1,12
BRDA:514,22,0,1
BRDA:514,22,1,13
BRDA:514,23,0,14
BRDA:514,23,1,13
BRDA:518,24,0,2
BRDA:518,24,1,12
BRDA:519,25,0,14
BRDA:519,25,1,12
BRDA:519,25,2,12
BRDA:529,26,0,12
BRDA:529,26,1,450
BRDA:549,27,0,5
BRDA:549,27,1,1
BRDA:549,27,2,0
BRDA:549,27,3,1
BRDA:549,27,4,3
BRDA:576,28,0,1
BRDA:576,28,1,9
BRDA:587,29,0,0
BRDA:587,29,1,0
BRDA:589,30,0,0
BRDA:589,30,1,0
BRDA:598,31,0,0
BRDA:598,31,1,0
BRDA:598,31,2,0
BRF:70
BRH:58
end_of_record
TN:
SF:server.js
FN:29,(anonymous_0)
FN:32,(anonymous_1)
FN:78,(anonymous_2)
FN:96,(anonymous_3)
FN:100,(anonymous_4)
FN:105,(anonymous_5)
FN:146,(anonymous_6)
FN:180,(anonymous_7)
FN:210,(anonymous_8)
FN:232,(anonymous_9)
FN:247,(anonymous_10)
FN:272,(anonymous_11)
FN:284,(anonymous_12)
FN:295,(anonymous_13)
FN:296,(anonymous_14)
FN:302,(anonymous_15)
FN:346,(anonymous_16)
FN:364,(anonymous_17)
FN:381,(anonymous_18)
FN:396,(anonymous_19)
FN:421,(anonymous_20)
FN:439,(anonymous_21)
FNF:22
FNH:2
FNDA:0,(anonymous_0)
FNDA:0,(anonymous_1)
FNDA:1,(anonymous_2)
FNDA:0,(anonymous_3)
FNDA:1,(anonymous_4)
FNDA:0,(anonymous_5)
FNDA:0,(anonymous_6)
FNDA:0,(anonymous_7)
FNDA:0,(anonymous_8)
FNDA:0,(anonymous_9)
FNDA:0,(anonymous_10)
FNDA:0,(anonymous_11)
FNDA:0,(anonymous_12)
FNDA:0,(anonymous_13)
FNDA:0,(anonymous_14)
FNDA:0,(anonymous_15)
FNDA:0,(anonymous_16)
FNDA:0,(anonymous_17)
FNDA:0,(anonymous_18)
FNDA:0,(anonymous_19)
FNDA:0,(anonymous_20)
FNDA:0,(anonymous_21)
DA:2,1
DA:3,1
DA:4,1
DA:5,1
DA:6,1
DA:7,1
DA:9,1
DA:11,1
DA:12,1
DA:13,1
DA:16,1
DA:17,1
DA:23,1
DA:30,0
DA:33,0
DA:38,1
DA:48,1
DA:51,1
DA:62,1
DA:65,1
DA:73,1
DA:78,1
DA:79,1
DA:81,1
DA:82,1
DA:85,0
DA:86,0
DA:87,0
DA:88,0
DA:89,0
DA:91,0
DA:96,1
DA:97,0
DA:100,1
DA:101,1
DA:105,1
DA:106,0
DA:107,0
DA:109,0
DA:110,0
DA:111,0
DA:114,0
DA:116,0
DA:123,0
DA:126,0
DA:130,0
DA:141,0
DA:146,1
DA:147,0
DA:148,0
DA:150,0
DA:151,0
DA:152,0
DA:155,0
DA:156,0
DA:157,0
DA:160,0
DA:164,0
DA:175,0
DA:180,1
DA:181,0
DA:182,0
DA:183,0
DA:184,0
DA:186,0
DA:192,0
DA:193,0
DA:194,0
DA:195,0
DA:199,0
DA:200,0
DA:205,0
DA:210,1
DA:211,0
DA:212,0
DA:213,0
DA:218,0
DA:219,0
DA:221,0
DA:222,0
DA:223,0
DA:224,0
DA:225,0
DA:227,0
DA:232,1
DA:233,0
DA:234,0
DA:237,0
DA:238,0
DA:240,0
DA:242,0
DA:247,1
DA:248,0
DA:249,0
DA:251,0
DA:261,0
DA:262,0
DA:265,0
DA:267,0
DA:272,1
DA:273,0
DA:274,0
DA:277,0
DA:279,0
DA:284,1
DA:285,0
DA:287,0
DA:292,0
DA:295,0
DA:296,0
DA:298,0
DA:299,0
DA:303,0
DA:304,0
DA:314,0
DA:315,0
DA:316,0
DA:317,0
DA:320,0
DA:328,0
DA:331,0
DA:339,0
DA:340,0
DA:346,1
DA:347,0
DA:348,0
DA:350,0
DA:356,0
DA:357,0
DA:359,0
DA:364,1
DA:365,0
DA:367,0
DA:368,0
DA:369,0
DA:372,0
DA:374,0
DA:376,0
DA:381,1
DA:382,0
DA:383,0
DA:385,0
DA:386,0
DA:389,0
DA:391,0
DA:396,1
DA:397,0
DA:398,0
DA:399,0
DA:410,0
DA:411,0
DA:414,0
DA:416,0
DA:421,1
DA:422,0
DA:423,0
DA:427,0
DA:428,0
DA:431,0
DA:433,0
DA:438,1
DA:439,0
DA:440,0
DA:444,1
LF:164
LH:41
BRDA:12,0,0,1
BRDA:12,0,1,1
BRDA:13,1,0,1
BRDA:13,1,1,1
BRDA:81,2,0,1
BRDA:81,2,1,0
BRDA:81,3,0,1
BRDA:81,3,1,0
BRDA:110,4,0,0
BRDA:110,4,1,0
BRDA:151,5,0,0
BRDA:151,5,1,0
BRDA:156,6,0,0
BRDA:156,6,1,0
BRDA:184,7,0,0
BRDA:184,7,1,0
BRDA:218,8,0,0
BRDA:218,8,1,0
BRDA:237,9,0,0
BRDA:237,9,1,0
BRDA:261,10,0,0
BRDA:261,10,1,0
BRDA:335,11,0,0
BRDA:335,11,1,0
BRDA:336,12,0,0
BRDA:336,12,1,0
BRDA:368,13,0,0
BRDA:368,13,1,0
BRDA:385,14,0,0
BRDA:385,14,1,0
BRDA:410,15,0,0
BRDA:410,15,1,0
BRDA:427,16,0,0
BRDA:427,16,1,0
BRDA:438,17,0,0
BRDA:438,17,1,1
BRF:36
BRH:7
end_of_record
