TN:
SF:aiService.js
FN:336,cleanMarkdown
FN:345,detectCategory
FN:383,(anonymous_2)
FN:389,(anonymous_3)
FN:400,(anonymous_4)
FN:401,(anonymous_5)
FN:406,detectSentiment
FN:420,(anonymous_7)
FN:434,(anonymous_8)
FN:451,(anonymous_9)
FN:493,detectQuestionType
FN:528,(anonymous_11)
FN:536,(anonymous_12)
FN:539,formatResponseByType
FN:564,generateResponse
FN:597,getDefaultFallback
FNF:16
FNH:15
FNDA:22,cleanMarkdown
FNDA:15,detectCategory
FNDA:171,(anonymous_2)
FNDA:1815,(anonymous_3)
FNDA:122,(anonymous_4)
FNDA:105,(anonymous_5)
FNDA:15,detectSentiment
FNDA:600,(anonymous_7)
FNDA:25,(anonymous_8)
FNDA:630,(anonymous_9)
FNDA:15,detectQuestionType
FNDA:495,(anonymous_11)
FNDA:111,(anonymous_12)
FNDA:11,formatResponseByType
FNDA:11,generateResponse
FNDA:0,getDefaultFallback
DA:4,4
DA:7,4
DA:144,4
DA:189,4
DA:279,4
DA:338,22
DA:346,15
DA:348,15
DA:359,15
DA:363,3
DA:367,15
DA:383,171
DA:384,2
DA:388,15
DA:389,90
DA:391,1815
DA:392,1815
DA:393,6
DA:399,15
DA:400,122
DA:401,105
DA:403,15
DA:407,15
DA:409,15
DA:412,15
DA:413,15
DA:414,15
DA:417,15
DA:420,15
DA:422,600
DA:423,600
DA:425,5
DA:428,5
DA:429,5
DA:434,25
DA:435,1
DA:436,1
DA:439,4
DA:445,4
DA:451,15
DA:452,630
DA:453,630
DA:454,2
DA:457,2
DA:458,2
DA:463,15
DA:467,0
DA:468,0
DA:471,15
DA:475,0
DA:476,0
DA:480,15
DA:488,15
DA:489,13
DA:490,10
DA:494,15
DA:497,15
DA:506,15
DA:507,6
DA:510,15
DA:511,2
DA:514,15
DA:515,1
DA:518,15
DA:523,2
DA:527,15
DA:528,60
DA:529,495
DA:530,12
DA:536,111
DA:541,11
DA:544,11
DA:547,11
DA:549,11
DA:551,5
DA:553,1
DA:555,0
DA:558,1
DA:560,4
DA:565,11
DA:566,11
DA:567,11
DA:569,11
DA:570,11
DA:574,11
DA:575,11
DA:576,11
DA:577,1
DA:579,11
DA:586,0
DA:587,0
DA:589,0
DA:592,0
DA:593,0
DA:598,0
DA:600,0
DA:602,0
DA:604,0
LF:98
LH:84
BRDA:359,0,0,3
BRDA:359,0,1,12
BRDA:360,1,0,15
BRDA:360,1,1,2
BRDA:360,1,2,13
BRDA:383,2,0,2
BRDA:383,2,1,13
BRDA:392,3,0,6
BRDA:392,3,1,1809
BRDA:403,4,0,9
BRDA:403,4,1,6
BRDA:423,5,0,5
BRDA:423,5,1,595
BRDA:434,6,0,1
BRDA:434,6,1,4
BRDA:445,7,0,0
BRDA:445,7,1,4
BRDA:453,8,0,2
BRDA:453,8,1,628
BRDA:458,9,0,0
BRDA:458,9,1,2
BRDA:463,10,0,0
BRDA:463,10,1,15
BRDA:464,11,0,15
BRDA:464,11,1,15
BRDA:471,12,0,0
BRDA:471,12,1,15
BRDA:472,13,0,15
BRDA:472,13,1,15
BRDA:488,14,0,2
BRDA:488,14,1,13
BRDA:488,15,0,15
BRDA:488,15,1,2
BRDA:489,16,0,3
BRDA:489,16,1,10
BRDA:489,17,0,13
BRDA:489,17,1,3
BRDA:506,18,0,6
BRDA:506,18,1,9
BRDA:506,19,0,15
BRDA:506,19,1,9
BRDA:510,20,0,2
BRDA:510,20,1,13
BRDA:510,21,0,15
BRDA:510,21,1,13
BRDA:514,22,0,1
BRDA:514,22,1,14
BRDA:514,23,0,15
BRDA:514,23,1,14
BRDA:518,24,0,2
BRDA:518,24,1,13
BRDA:519,25,0,15
BRDA:519,25,1,13
BRDA:519,25,2,13
BRDA:529,26,0,12
BRDA:529,26,1,483
BRDA:549,27,0,5
BRDA:549,27,1,1
BRDA:549,27,2,0
BRDA:549,27,3,1
BRDA:549,27,4,4
BRDA:576,28,0,1
BRDA:576,28,1,10
BRDA:587,29,0,0
BRDA:587,29,1,0
BRDA:589,30,0,0
BRDA:589,30,1,0
BRDA:598,31,0,0
BRDA:598,31,1,0
BRDA:598,31,2,0
BRF:70
BRH:58
end_of_record
TN:
SF:server.js
FN:34,(anonymous_0)
FN:37,(anonymous_1)
FN:83,(anonymous_2)
FN:101,(anonymous_3)
FN:105,(anonymous_4)
FN:110,(anonymous_5)
FN:151,(anonymous_6)
FN:185,(anonymous_7)
FN:217,(anonymous_8)
FN:239,(anonymous_9)
FN:254,(anonymous_10)
FN:279,(anonymous_11)
FN:291,(anonymous_12)
FN:309,(anonymous_13)
FN:310,(anonymous_14)
FN:316,(anonymous_15)
FN:360,(anonymous_16)
FN:378,(anonymous_17)
FN:395,(anonymous_18)
FN:410,(anonymous_19)
FN:435,(anonymous_20)
FN:452,(anonymous_21)
FN:462,(anonymous_22)
FNF:23
FNH:8
FNDA:1,(anonymous_0)
FNDA:0,(anonymous_1)
FNDA:4,(anonymous_2)
FNDA:0,(anonymous_3)
FNDA:1,(anonymous_4)
FNDA:1,(anonymous_5)
FNDA:1,(anonymous_6)
FNDA:0,(anonymous_7)
FNDA:0,(anonymous_8)
FNDA:0,(anonymous_9)
FNDA:0,(anonymous_10)
FNDA:1,(anonymous_11)
FNDA:2,(anonymous_12)
FNDA:1,(anonymous_13)
FNDA:0,(anonymous_14)
FNDA:0,(anonymous_15)
FNDA:0,(anonymous_16)
FNDA:0,(anonymous_17)
FNDA:0,(anonymous_18)
FNDA:0,(anonymous_19)
FNDA:0,(anonymous_20)
FNDA:0,(anonymous_21)
FNDA:0,(anonymous_22)
DA:10,2
DA:11,2
DA:12,2
DA:15,2
DA:21,2
DA:27,2
DA:28,2
DA:35,1
DA:38,0
DA:43,2
DA:53,2
DA:56,2
DA:67,2
DA:70,2
DA:78,2
DA:83,2
DA:84,4
DA:86,4
DA:87,1
DA:90,3
DA:91,3
DA:92,3
DA:93,3
DA:94,3
DA:96,0
DA:101,2
DA:102,0
DA:105,2
DA:106,1
DA:110,2
DA:111,1
DA:112,1
DA:114,1
DA:115,1
DA:116,1
DA:119,0
DA:121,0
DA:128,0
DA:131,0
DA:135,0
DA:146,0
DA:151,2
DA:152,1
DA:153,1
DA:155,1
DA:156,1
DA:157,0
DA:160,1
DA:161,1
DA:162,0
DA:165,1
DA:169,1
DA:180,0
DA:185,2
DA:186,0
DA:187,0
DA:188,0
DA:189,0
DA:191,0
DA:197,0
DA:198,0
DA:199,0
DA:200,0
DA:204,0
DA:207,0
DA:212,0
DA:217,2
DA:218,0
DA:219,0
DA:220,0
DA:225,0
DA:226,0
DA:228,0
DA:229,0
DA:230,0
DA:231,0
DA:232,0
DA:234,0
DA:239,2
DA:240,0
DA:241,0
DA:244,0
DA:245,0
DA:247,0
DA:249,0
DA:254,2
DA:255,0
DA:256,0
DA:258,0
DA:268,0
DA:269,0
DA:272,0
DA:274,0
DA:279,2
DA:280,1
DA:281,1
DA:284,1
DA:286,0
DA:291,2
DA:292,2
DA:293,2
DA:298,1
DA:301,1
DA:306,1
DA:309,1
DA:310,1
DA:312,1
DA:313,1
DA:317,0
DA:318,0
DA:328,1
DA:329,1
DA:330,1
DA:331,1
DA:334,1
DA:342,1
DA:345,1
DA:353,0
DA:354,0
DA:360,2
DA:361,0
DA:362,0
DA:364,0
DA:370,0
DA:371,0
DA:373,0
DA:378,2
DA:379,0
DA:381,0
DA:382,0
DA:383,0
DA:386,0
DA:388,0
DA:390,0
DA:395,2
DA:396,0
DA:397,0
DA:399,0
DA:400,0
DA:403,0
DA:405,0
DA:410,2
DA:411,0
DA:412,0
DA:413,0
DA:424,0
DA:425,0
DA:428,0
DA:430,0
DA:435,2
DA:436,0
DA:437,0
DA:441,0
DA:442,0
DA:445,0
DA:447,0
DA:452,2
DA:453,0
DA:461,2
DA:462,0
DA:463,0
LF:161
LH:73
BRDA:11,0,0,2
BRDA:11,0,1,2
BRDA:12,1,0,2
BRDA:12,1,1,2
BRDA:27,2,0,2
BRDA:27,2,1,0
BRDA:86,3,0,1
BRDA:86,3,1,3
BRDA:86,4,0,4
BRDA:86,4,1,3
BRDA:115,5,0,1
BRDA:115,5,1,0
BRDA:156,6,0,0
BRDA:156,6,1,1
BRDA:161,7,0,0
BRDA:161,7,1,1
BRDA:189,8,0,0
BRDA:189,8,1,0
BRDA:225,9,0,0
BRDA:225,9,1,0
BRDA:244,10,0,0
BRDA:244,10,1,0
BRDA:268,11,0,0
BRDA:268,11,1,0
BRDA:293,12,0,1
BRDA:293,12,1,1
BRDA:294,13,0,2
BRDA:294,13,1,1
BRDA:294,13,2,1
BRDA:349,14,0,1
BRDA:349,14,1,0
BRDA:350,15,0,1
BRDA:350,15,1,0
BRDA:382,16,0,0
BRDA:382,16,1,0
BRDA:399,17,0,0
BRDA:399,17,1,0
BRDA:424,18,0,0
BRDA:424,18,1,0
BRDA:441,19,0,0
BRDA:441,19,1,0
BRDA:456,20,0,0
BRDA:456,20,1,0
BRDA:461,21,0,0
BRDA:461,21,1,2
BRF:45
BRH:20
end_of_record
TN:
SF:services/messageService.js
FN:3,saveMessage
FN:7,getMessagesByUser
FNF:2
FNH:2
FNDA:1,saveMessage
FNDA:1,getMessagesByUser
DA:4,1
DA:8,1
LF:2
LH:2
BRF:0
BRH:0
end_of_record
